   5.238095e-01  -5.761905e-01   1.442442e+02   8.270453e-01   3.892411e+06   1.863953e+00   3.102283e-01   8.772520e+06   1.460061e+06
   6.190476e-01  -4.809524e-01   1.442442e+02   5.865347e-01   9.043202e+05   2.727617e+00   3.132641e-01   4.205445e+06   4.829911e+05
   7.142857e-01  -3.857143e-01   1.442442e+02   4.236267e-01   2.725779e+05   1.381781e+00   2.214371e-01   8.890920e+05   1.424813e+05
   8.095238e-01  -2.904762e-01   1.442442e+02   2.682790e-01   8.515737e+04   1.460643e+00   2.255829e-01   4.636387e+05   7.160475e+04
   9.047619e-01  -1.952381e-01   1.442442e+02   5.572992e-01   9.850429e+04   9.374211e-01   1.772525e-01   1.656920e+05   3.132991e+04
   1.000000e+00  -1.000000e-01   1.442442e+02   3.905614e-01   4.209929e+04   8.370298e-01   1.642328e-01   9.022489e+04   1.770293e+04
   1.095238e+00  -4.761905e-03   1.442442e+02   3.101013e-01   2.186825e+04   6.455727e-01   1.409307e-01   4.552559e+04   9.938391e+03
   1.190476e+00   9.047619e-02   1.442442e+02   2.684534e-01   1.309274e+04   7.143952e-01   1.458808e-01   3.484175e+04   7.114749e+03
   1.285714e+00   1.857143e-01   1.442442e+02   2.414185e-01   8.516051e+03   4.000572e-01   1.069424e-01   1.411204e+04   3.772397e+03
   1.380952e+00   2.809524e-01   1.442442e+02   2.223365e-01   5.884820e+03   3.523423e-01   9.775127e-02   9.325823e+03   2.587288e+03
   1.476190e+00   3.761905e-01   1.442442e+02   2.083867e-01   4.266841e+03   3.077295e-01   8.885394e-02   6.300944e+03   1.819337e+03
   1.571429e+00   4.714286e-01   1.442442e+02   1.982152e-01   3.221410e+03   9.853739e-01   1.558988e-01   1.601438e+04   2.533680e+03
   1.666667e+00   5.666667e-01   1.442442e+02   7.766611e-01   1.024010e+04   8.937652e-01   1.450448e-01   1.178409e+04   1.912383e+03
   1.761905e+00   6.619048e-01   1.442442e+02   1.841031e-01   2.006534e+03   9.069427e-01   1.434499e-01   9.884740e+03   1.563456e+03
   1.857143e+00   7.571429e-01   1.442442e+02   1.810799e-01   1.658149e+03   5.877499e-01   1.131370e-01   5.382028e+03   1.035996e+03
   1.952381e+00   8.523810e-01   1.442442e+02   1.799921e-01   1.404524e+03   5.908838e-01   1.116885e-01   4.610815e+03   8.715340e+02
   2.047619e+00   9.476190e-01   1.442442e+02   1.812252e-01   1.220172e+03   5.310417e-01   1.041641e-01   3.575451e+03   7.013267e+02
   2.142857e+00   1.042857e+00   1.442442e+02   1.853565e-01   1.088708e+03   3.415631e-01   8.285342e-02   2.006201e+03   4.866470e+02
   2.238095e+00   1.138095e+00   1.442442e+02   1.933791e-01   1.000590e+03   4.939458e-01   9.881001e-02   2.555795e+03   5.112669e+02
   2.333333e+00   1.233333e+00   1.442442e+02   2.069666e-01   9.516508e+02   3.498079e-01   8.247282e-02   1.608448e+03   3.792173e+02
   2.428571e+00   1.328571e+00   1.442442e+02   2.289046e-01   9.426704e+02   3.659246e-01   8.397484e-02   1.506943e+03   3.458235e+02
   2.523810e+00   1.423810e+00   1.442442e+02   2.635349e-01   9.788857e+02   3.430764e-01   8.090510e-02   1.274338e+03   3.005175e+02
   2.619048e+00   1.519048e+00   1.442442e+02   3.170634e-01   1.069046e+03   3.851088e-01   8.616179e-02   1.298475e+03   2.905126e+02
   2.714286e+00   1.614286e+00   1.442442e+02   3.917985e-01   1.206096e+03   1.745490e-01   5.820620e-02   5.373244e+02   1.791795e+02
   2.809524e+00   1.709524e+00   1.442442e+02   4.648547e-01   1.313388e+03   2.948955e-01   7.619666e-02   8.331901e+02   2.152840e+02
   2.904762e+00   1.804762e+00   1.442442e+02   4.695365e-01   1.223468e+03   4.356012e-01   9.297638e-02   1.135043e+03   2.422678e+02
   3.000000e+00   1.900000e+00   1.442442e+02   4.146844e-01   1.000930e+03   2.641264e-01   7.330930e-02   6.375257e+02   1.769477e+02
   3.095238e+00   1.995238e+00   1.442442e+02   2.488523e-01   5.586631e+02   1.848963e-01   6.166333e-02   4.150845e+02   1.384316e+02
   3.190476e+00   2.090476e+00   1.442442e+02   1.794345e-01   3.760608e+02   1.866294e-01   6.223084e-02   3.911399e+02   1.304241e+02
   3.285714e+00   2.185714e+00   1.442442e+02   1.332255e-01   2.615653e+02   1.699728e-01   6.011132e-02   3.337123e+02   1.180182e+02
   3.380952e+00   2.280952e+00   1.442442e+02   1.038095e-01   1.915386e+02   6.458324e-02   3.729099e-02   1.191623e+02   6.880547e+01
   3.476190e+00   2.376190e+00   1.442442e+02   8.437826e-02   1.467442e+02   1.512296e-01   5.717593e-02   2.630069e+02   9.943598e+01
   3.571429e+00   2.471429e+00   1.442442e+02   7.084094e-02   1.164448e+02   1.100536e-01   4.922595e-02   1.809007e+02   8.091518e+01
   3.666667e+00   2.566667e+00   1.442442e+02   6.088849e-02   9.483936e+01   2.268675e-02   2.261123e-02   3.533667e+01   3.521905e+01
   3.761905e+00   2.661905e+00   1.442442e+02   5.320349e-02   7.871338e+01   7.005659e-02   4.045920e-02   1.036472e+02   5.985848e+01
   3.857143e+00   2.757143e+00   1.442442e+02   4.701173e-02   6.621236e+01   7.420175e-02   4.286401e-02   1.045074e+02   6.037062e+01


