PHYSICAL LEVEL PARAMETERS (BOUNDARY CONDITION SET TO SHIFT AT E_LEVEL)

J = 0.5+  E_level =  -0.1068 MeV  ITERATIONS =     0
  R =  1  l =   0  s =  0.5  G  =    85.613083 keV        g_int =    11.502130 MeV^(1/2)   g_ext =  (0.000000,0.000000) MeV^(1/2) 

J = 0.5+  E_level =  10.0000 MeV  ITERATIONS =     0
  R =  1  l =   0  s =  0.5  G  =   289.168376 meV        g_int =    -0.000215 MeV^(1/2)   g_ext =  (0.000000,0.000000) MeV^(1/2) 

J = 1.5+  E_level =   1.3904 MeV  ITERATIONS =     0
  R =  1  l =   2  s =  0.5  G  =    22.996050 eV         g_int =    -0.012340 MeV^(1/2)   g_ext =  (0.000000,0.000000) MeV^(1/2) 

J = 1.5+  E_level =   1.8777 MeV  ITERATIONS =     0
  R =  1  l =   2  s =  0.5  G  =    48.898550 keV        g_int =     0.422357 MeV^(1/2)   g_ext =  (0.000000,0.000000) MeV^(1/2) 

J = 1.5+  E_level =  10.0000 MeV  ITERATIONS =     0
  R =  1  l =   2  s =  0.5  G  =   144.166557 keV        g_int =    -0.178172 MeV^(1/2)   g_ext =  (0.000000,0.000000) MeV^(1/2) 

J = 2.5+  E_level =   0.0500 MeV  ITERATIONS =     0
  R =  1  l =   2  s =  0.5  G  =   560.227308 eV         g_int =     0.411434 MeV^(1/2)   g_ext =  (0.000000,0.000000) MeV^(1/2) 

J = 2.5+  E_level =   0.5664 MeV  ITERATIONS =     0
  R =  1  l =   2  s =  0.5  G  =   988.233646 eV         g_int =     0.197687 MeV^(1/2)   g_ext =  (0.000000,0.000000) MeV^(1/2) 

J = 2.5+  E_level =  10.0000 MeV  ITERATIONS =     0
  R =  1  l =   2  s =  0.5  G  =     4.815804 keV        g_int =    -0.032538 MeV^(1/2)   g_ext =  (0.000000,0.000000) MeV^(1/2) 

J = 3.5-  E_level =  10.3219 MeV  ITERATIONS =     0
  R =  1  l =   3  s =  0.5  G  =  1201.115047 keV        g_int =    -0.644729 MeV^(1/2)   g_ext =  (0.000000,0.000000) MeV^(1/2) 

J = 3.5-  E_level =  10.0000 MeV  ITERATIONS =     0
  R =  1  l =   3  s =  0.5  G  = 20901.143988 keV        g_int =    -9.018839 MeV^(1/2)   g_ext =  (0.000000,0.000000) MeV^(1/2) 

