   2.741480e-01   2.217658e+00   1.469026e+02   7.137635e-01   1.093251e+04   7.538036e-01   1.094564e-02   1.154579e+04   1.676513e+02
   3.106260e-01   2.254136e+00   1.469026e+02   5.284216e-01   4.731039e+03   5.312193e-01   9.144315e-03   4.756088e+03   8.187045e+01
   3.385335e-01   2.282043e+00   1.469026e+02   4.054368e-01   2.567366e+03   4.130431e-01   1.158815e-02   2.615531e+03   7.338018e+01
   3.659981e-01   2.309508e+00   1.469026e+02   2.765368e-01   1.299525e+03   2.707727e-01   7.572457e-03   1.272438e+03   3.558512e+01
   3.754451e-01   2.318955e+00   1.469026e+02   2.247171e-01   9.609837e+02   2.145529e-01   5.977651e-03   9.175174e+02   2.556292e+01
   3.844585e-01   2.327969e+00   1.469026e+02   1.700481e-01   6.669926e+02   1.617752e-01   4.543474e-03   6.345433e+02   1.782122e+01
   3.934720e-01   2.336982e+00   1.469026e+02   1.137961e-01   4.107337e+02   1.134721e-01   3.166664e-03   4.095645e+02   1.142971e+01
   3.981955e-01   2.341705e+00   1.469026e+02   8.964160e-02   3.101365e+02   9.281996e-02   2.592993e-03   3.211328e+02   8.971077e+00
   4.029190e-01   2.346429e+00   1.469026e+02   7.943925e-02   2.636594e+02   8.559171e-02   2.397945e-03   2.840794e+02   7.958793e+00
   4.076517e-01   2.351162e+00   1.469026e+02   1.019021e-01   3.246877e+02   1.181762e-01   3.315818e-03   3.765413e+02   1.056509e+01
   4.132517e-01   2.356762e+00   1.469026e+02   2.148069e-01   6.528138e+02   2.145529e-01   1.285023e-02   6.520420e+02   3.905278e+01
   4.171449e-01   2.360655e+00   1.469026e+02   3.725674e-01   1.096309e+03   3.717388e-01   2.007848e-02   1.093870e+03   5.908251e+01
   4.219145e-01   2.365424e+00   1.469026e+02   6.262626e-01   1.772586e+03   6.035018e-01   2.007848e-02   1.708164e+03   5.683054e+01
   4.266841e-01   2.370194e+00   1.469026e+02   8.406512e-01   2.290345e+03   8.111707e-01   1.640699e-02   2.210026e+03   4.470067e+01
   4.309925e-01   2.374502e+00   1.469026e+02   9.350643e-01   2.462765e+03   8.960740e-01   1.094564e-02   2.360073e+03   2.882855e+01
   4.357252e-01   2.379235e+00   1.469026e+02   9.471655e-01   2.405096e+03   9.247576e-01   9.132842e-03   2.348197e+03   2.319063e+01
   4.400244e-01   2.383534e+00   1.469026e+02   9.151474e-01   2.249167e+03   9.190209e-01   1.285023e-02   2.258687e+03   3.158213e+01
   4.451630e-01   2.388673e+00   1.469026e+02   8.592611e-01   2.032397e+03   8.547697e-01   1.285023e-02   2.021774e+03   3.039445e+01
   4.498865e-01   2.393397e+00   1.469026e+02   8.067072e-01   1.843210e+03   8.203495e-01   9.144315e-03   1.874380e+03   2.089344e+01
   4.588907e-01   2.402401e+00   1.469026e+02   7.198394e-01   1.542283e+03   7.262674e-01   1.094564e-02   1.556055e+03   2.345145e+01
   4.679041e-01   2.411414e+00   1.469026e+02   6.523847e-01   1.313310e+03   6.574269e-01   9.132842e-03   1.323460e+03   1.838524e+01
   4.773419e-01   2.420852e+00   1.469026e+02   5.979271e-01   1.130012e+03   6.126806e-01   7.320041e-03   1.157894e+03   1.383402e+01
   4.958024e-01   2.439312e+00   1.469026e+02   5.220609e-01   8.770494e+02   5.254826e-01   9.132842e-03   8.827977e+02   1.534295e+01
   5.142720e-01   2.457782e+00   1.469026e+02   4.700237e-01   7.068689e+02   4.727049e-01   7.320041e-03   7.109012e+02   1.100862e+01
   5.323081e-01   2.475818e+00   1.469026e+02   4.323476e-01   5.872151e+02   4.394319e-01   7.320041e-03   5.968370e+02   9.942089e+00
   5.598004e-01   2.503310e+00   1.469026e+02   3.896948e-01   4.579838e+02   3.946856e-01   9.132842e-03   4.638493e+02   1.073326e+01
   5.877170e-01   2.531227e+00   1.469026e+02   3.575614e-01   3.670721e+02   3.533813e-01   7.320041e-03   3.627809e+02   7.514746e+00
   6.457461e-01   2.589256e+00   1.469026e+02   3.108768e-01   2.487566e+02   3.155190e-01   6.413641e-03   2.524712e+02   5.132051e+00
   6.899459e-01   2.633456e+00   1.469026e+02   2.859918e-01   1.938993e+02   2.788041e-01   6.413641e-03   1.890262e+02   4.348379e+00
   7.350776e-01   2.678588e+00   1.469026e+02   2.663574e-01   1.551987e+02   2.673307e-01   6.413641e-03   1.557658e+02   3.737041e+00
   7.811872e-01   2.724697e+00   1.469026e+02   2.504502e-01   1.269714e+02   2.432365e-01   6.413641e-03   1.233142e+02   3.251541e+00
   8.263096e-01   2.769820e+00   1.469026e+02   2.378210e-01   1.066008e+02   2.352051e-01   6.413641e-03   1.054283e+02   2.874849e+00
   8.724007e-01   2.815911e+00   1.469026e+02   2.271722e-01   9.082950e+01   2.225843e-01   5.346613e-03   8.899515e+01   2.137719e+00
   9.184918e-01   2.862002e+00   1.469026e+02   2.182888e-01   7.863809e+01   2.145529e-01   5.346613e-03   7.729226e+01   1.926107e+00
   9.626917e-01   2.906202e+00   1.469026e+02   2.110965e-01   6.938363e+01   2.099636e-01   5.885864e-03   6.901125e+01   1.934578e+00
   1.054855e+00   2.998365e+00   1.469026e+02   1.993632e-01   5.532606e+01   1.916061e-01   5.346613e-03   5.317334e+01   1.483759e+00
   1.146004e+00   3.089514e+00   1.469026e+02   1.911992e-01   4.597563e+01   1.801327e-01   5.048304e-03   4.331458e+01   1.213912e+00
   1.239091e+00   3.182601e+00   1.469026e+02   1.858971e-01   3.938348e+01   1.789853e-01   5.025358e-03   3.791918e+01   1.064654e+00
   1.422496e+00   3.366006e+00   1.469026e+02   1.836792e-01   3.170556e+01   1.755433e-01   5.346613e-03   3.030119e+01   9.228990e-01
   1.468531e+00   3.412041e+00   1.469026e+02   1.784236e-01   2.947371e+01   1.686593e-01   4.738522e-03   2.786074e+01   7.827541e-01
   1.505065e+00   3.448575e+00   1.469026e+02   1.476333e-01   2.359349e+01   1.445651e-01   4.050117e-03   2.310314e+01   6.472547e-01
   1.522409e+00   3.465919e+00   1.469026e+02   9.940390e-02   1.564636e+01   9.752406e-02   4.268112e-03   1.535047e+01   6.718086e-01
   1.532096e+00   3.475606e+00   1.469026e+02   5.507723e-02   8.597218e+00   6.230067e-02   4.268112e-03   9.724753e+00   6.662262e-01
   1.540768e+00   3.484278e+00   1.469026e+02   1.401838e-02   2.172080e+00   1.104890e-02   3.086350e-04   1.711974e+00   4.782149e-02
   1.549440e+00   3.492950e+00   1.469026e+02   2.850181e-03   4.384059e-01   2.489732e-03   6.975839e-05   3.829627e-01   1.073002e-02
   1.558942e+00   3.502452e+00   1.469026e+02   6.837866e-02   1.043481e+01   7.090573e-02   6.413641e-03   1.082046e+01   9.787434e-01
   1.568260e+00   3.511770e+00   1.469026e+02   2.044812e-01   3.096584e+01   2.478259e-01   9.614725e-03   3.752978e+01   1.456017e+00
   1.576656e+00   3.520166e+00   1.469026e+02   3.503484e-01   5.269348e+01   4.118957e-01   1.170289e-02   6.195040e+01   1.760151e+00
   1.586066e+00   3.529576e+00   1.469026e+02   5.022220e-01   7.496455e+01   5.862917e-01   7.480669e-03   8.751327e+01   1.116608e+00
   1.595660e+00   3.539170e+00   1.469026e+02   5.733280e-01   8.492585e+01   5.908811e-01   1.170289e-02   8.752596e+01   1.733524e+00
   1.604425e+00   3.547935e+00   1.469026e+02   4.935215e-01   7.260057e+01   4.772942e-01   8.547697e-03   7.021342e+01   1.257428e+00
   1.614296e+00   3.557806e+00   1.469026e+02   3.185869e-01   4.650683e+01   3.120770e-01   9.614725e-03   4.555652e+01   1.403543e+00
   1.623060e+00   3.566570e+00   1.469026e+02   2.011345e-01   2.916339e+01   2.099636e-01   7.480669e-03   3.044354e+01   1.084655e+00
   1.632747e+00   3.576257e+00   1.469026e+02   1.313473e-01   1.890430e+01   1.445651e-01   7.480669e-03   2.080668e+01   1.076663e+00
   1.651014e+00   3.594524e+00   1.469026e+02   8.729986e-02   1.239350e+01   9.672092e-02   2.707727e-03   1.373096e+01   3.844016e-01
   1.743178e+00   3.686688e+00   1.469026e+02   9.732413e-02   1.294672e+01   9.259049e-02   5.346613e-03   1.231702e+01   7.112428e-01
   1.837279e+00   3.780789e+00   1.469026e+02   1.095238e-01   1.372259e+01   9.809773e-02   2.742147e-03   1.229099e+01   3.435726e-01


