  1.7990e-001  2.1234e+000  5.5000e+001  2.5756e-008  3.3583e-003  2.5000e-008  2.3800e-008  3.2598e-003  3.1033e-003
  1.9466e-001  2.1382e+000  5.5000e+001  4.3426e-008  3.6364e-003  3.6000e-008  2.0200e-008  3.0146e-003  1.6915e-003
  2.1081e-001  2.1543e+000  5.5000e+001  7.3270e-008  4.0034e-003  8.1000e-008  3.0800e-008  4.4257e-003  1.6829e-003
  2.2557e-001  2.1691e+000  5.5000e+001  1.1430e-007  4.4136e-003  1.0300e-007  1.9600e-008  3.9774e-003  7.5687e-004
  2.4079e-001  2.1843e+000  5.5000e+001  1.7635e-007  4.9361e-003  1.9600e-007  2.5500e-008  5.4860e-003  7.1374e-004
  2.5555e-001  2.1991e+000  5.5000e+001  2.6406e-007  5.5729e-003  3.0100e-007  2.1100e-008  6.3524e-003  4.4530e-004
  2.7077e-001  2.2143e+000  5.5000e+001  3.9624e-007  6.4159e-003  3.8500e-007  2.3100e-008  6.2338e-003  3.7403e-004
  2.7216e-001  2.2157e+000  5.5000e+001  4.1102e-007  6.5044e-003  4.0900e-007  3.2700e-008  6.4724e-003  5.1748e-004
  2.7954e-001  2.2230e+000  5.5000e+001  4.9948e-007  7.0172e-003  4.8600e-007  3.8900e-008  6.8278e-003  5.4651e-004
  2.8599e-001  2.2295e+000  5.5000e+001  5.9241e-007  7.5302e-003  6.0000e-007  3.6000e-008  7.6267e-003  4.5760e-004
  2.8738e-001  2.2309e+000  5.5000e+001  6.1451e-007  7.6490e-003  6.4000e-007  5.1200e-008  7.9663e-003  6.3730e-004
  2.9337e-001  2.2369e+000  5.5000e+001  7.2056e-007  8.2051e-003  7.1000e-007  4.2600e-008  8.0849e-003  4.8509e-004
  2.9476e-001  2.2383e+000  5.5000e+001  7.4764e-007  8.3438e-003  7.9000e-007  6.3200e-008  8.8166e-003  7.0533e-004
  2.9891e-001  2.2424e+000  5.5000e+001  8.3550e-007  8.7860e-003  8.1000e-007  6.4800e-008  8.5178e-003  6.8143e-004
  3.0168e-001  2.2452e+000  5.5000e+001  9.0013e-007  9.1043e-003  9.0000e-007  4.5000e-008  9.1030e-003  4.5515e-004
  3.0260e-001  2.2461e+000  5.5000e+001  9.2285e-007  9.2150e-003  9.0000e-007  6.3000e-008  8.9869e-003  6.2908e-004
  3.0629e-001  2.2498e+000  5.5000e+001  1.0201e-006  9.6821e-003  1.0700e-006  7.4900e-008  1.0156e-002  7.1090e-004
  3.0906e-001  2.2526e+000  5.5000e+001  1.1003e-006  1.0060e-002  1.1100e-006  4.4400e-008  1.0149e-002  4.0594e-004
  3.0998e-001  2.2535e+000  5.5000e+001  1.1286e-006  1.0192e-002  1.1000e-006  7.7000e-008  9.9336e-003  6.9535e-004
  3.1552e-001  2.2590e+000  5.5000e+001  1.3161e-006  1.1050e-002  1.4000e-006  8.4000e-008  1.1754e-002  7.0526e-004
  3.2474e-001  2.2683e+000  5.5000e+001  1.7118e-006  1.2785e-002  1.7300e-006  6.9200e-008  1.2922e-002  5.1687e-004
  3.3120e-001  2.2747e+000  5.5000e+001  2.0707e-006  1.4296e-002  2.1100e-006  8.4400e-008  1.4567e-002  5.8269e-004
  3.3304e-001  2.2766e+000  5.5000e+001  2.1889e-006  1.4783e-002  2.1400e-006  1.2800e-007  1.4452e-002  8.6444e-004
  3.3950e-001  2.2830e+000  5.5000e+001  2.6710e-006  1.6726e-002  2.7000e-006  1.0800e-007  1.6907e-002  6.7629e-004
  3.4042e-001  2.2839e+000  5.5000e+001  2.7498e-006  1.7038e-002  2.6600e-006  1.6000e-007  1.6481e-002  9.9134e-004
  3.4734e-001  2.2909e+000  5.5000e+001  3.4405e-006  1.9716e-002  3.3100e-006  1.3200e-007  1.8968e-002  7.5643e-004
  3.4827e-001  2.2918e+000  5.5000e+001  3.5479e-006  2.0125e-002  3.3600e-006  2.0200e-007  1.9059e-002  1.1458e-003
  3.5611e-001  2.2996e+000  5.5000e+001  4.6515e-006  2.4232e-002  4.2700e-006  2.1400e-007  2.2245e-002  1.1148e-003
  3.6349e-001  2.3070e+000  5.5000e+001  6.1129e-006  2.9475e-002  6.1000e-006  3.0500e-007  2.9412e-002  1.4706e-003
  3.7087e-001  2.3144e+000  5.5000e+001  8.2142e-006  3.6751e-002  8.1200e-006  4.0600e-007  3.6329e-002  1.8165e-003
  3.7871e-001  2.3222e+000  5.5000e+001  1.1593e-005  4.8030e-002  1.1400e-005  5.7000e-007  4.7230e-002  2.3615e-003
  3.8655e-001  2.3301e+000  5.5000e+001  1.7026e-005  6.5485e-002  1.6400e-005  8.2000e-007  6.3078e-002  3.1539e-003
  3.9393e-001  2.3374e+000  5.5000e+001  2.5563e-005  9.1884e-002  2.4600e-005  1.2300e-006  8.8421e-002  4.4211e-003
  4.0131e-001  2.3448e+000  5.5000e+001  4.0289e-005  1.3561e-001  4.0500e-005  2.0300e-006  1.3632e-001  6.8327e-003
  4.0593e-001  2.3494e+000  5.5000e+001  5.4657e-005  1.7675e-001  4.9400e-005  1.4800e-006  1.5975e-001  4.7859e-003
  4.0906e-001  2.3526e+000  5.5000e+001  6.7424e-005  2.1226e-001  6.7600e-005  3.3800e-006  2.1282e-001  1.0641e-002
  4.1054e-001  2.3540e+000  5.5000e+001  7.4293e-005  2.3098e-001  7.1000e-005  2.1300e-006  2.2075e-001  6.6224e-003
  4.1303e-001  2.3565e+000  5.5000e+001  8.6897e-005  2.6457e-001  8.2200e-005  2.4700e-006  2.5027e-001  7.5204e-003
  4.1515e-001  2.3587e+000  5.5000e+001  9.8119e-005  2.9351e-001  9.6000e-005  2.8800e-006  2.8717e-001  8.6152e-003
  4.1774e-001  2.3612e+000  5.5000e+001  1.1106e-004  3.2522e-001  1.0600e-004  3.1900e-006  3.1040e-001  9.3414e-003
  4.2004e-001  2.3636e+000  5.5000e+001  1.2026e-004  3.4559e-001  1.1300e-004  3.3800e-006  3.2473e-001  9.7131e-003
  4.2244e-001  2.3660e+000  5.5000e+001  1.2567e-004  3.5420e-001  1.2400e-004  3.7300e-006  3.4949e-001  1.0513e-002
  4.2475e-001  2.3683e+000  5.5000e+001  1.2586e-004  3.4823e-001  1.3000e-004  3.9000e-006  3.5968e-001  1.0791e-002
  4.2715e-001  2.3707e+000  5.5000e+001  1.2096e-004  3.2834e-001  1.2400e-004  3.7200e-006  3.3661e-001  1.0098e-002
  4.2954e-001  2.3731e+000  5.5000e+001  1.1212e-004  2.9867e-001  1.1800e-004  3.5400e-006  3.1433e-001  9.4298e-003
  4.3176e-001  2.3753e+000  5.5000e+001  1.0201e-004  2.6707e-001  1.0700e-004  3.2200e-006  2.8014e-001  8.4304e-003
  4.3425e-001  2.3778e+000  5.5000e+001  8.9992e-005  2.3112e-001  9.4000e-005  2.8200e-006  2.4141e-001  7.2423e-003
  4.3895e-001  2.3825e+000  5.5000e+001  6.9181e-005  1.7140e-001  7.3800e-005  2.2100e-006  1.8285e-001  5.4756e-003
  4.4375e-001  2.3873e+000  5.5000e+001  5.2698e-005  1.2596e-001  5.2000e-005  1.5600e-006  1.2429e-001  3.7286e-003
  4.4836e-001  2.3919e+000  5.5000e+001  4.1116e-005  9.4990e-002  4.4100e-005  1.3200e-006  1.0189e-001  3.0496e-003
  4.5298e-001  2.3965e+000  5.5000e+001  3.2687e-005  7.3037e-002  3.5500e-005  1.0700e-006  7.9323e-002  2.3909e-003
  4.5759e-001  2.4011e+000  5.5000e+001  2.6495e-005  5.7288e-002  2.6700e-005  8.0100e-007  5.7732e-002  1.7320e-003
  4.6220e-001  2.4057e+000  5.5000e+001  2.1868e-005  4.5782e-002  2.2100e-005  6.6300e-007  4.6267e-002  1.3880e-003
  4.6728e-001  2.4108e+000  5.5000e+001  1.8040e-005  3.6472e-002  1.8900e-005  5.6700e-007  3.8210e-002  1.1463e-003
  4.7235e-001  2.4159e+000  5.5000e+001  1.5139e-005  2.9575e-002  1.5900e-005  4.7700e-007  3.1062e-002  9.3185e-004
  4.7696e-001  2.4205e+000  5.5000e+001  1.3077e-005  2.4775e-002  1.3800e-005  5.5200e-007  2.6145e-002  1.0458e-003
  4.8158e-001  2.4251e+000  5.5000e+001  1.1417e-005  2.0988e-002  1.1600e-005  4.6400e-007  2.1324e-002  8.5298e-004
  4.8619e-001  2.4297e+000  5.5000e+001  1.0063e-005  1.7958e-002  1.0600e-005  4.2400e-007  1.8916e-002  7.5665e-004
  4.9080e-001  2.4343e+000  5.5000e+001  8.9437e-006  1.5501e-002  9.1000e-006  3.6400e-007  1.5772e-002  6.3087e-004
  4.9541e-001  2.4389e+000  5.5000e+001  8.0079e-006  1.3485e-002  8.4000e-006  3.3600e-007  1.4146e-002  5.6583e-004
  5.0003e-001  2.4435e+000  5.5000e+001  7.2174e-006  1.1815e-002  7.1000e-006  2.8400e-007  1.1623e-002  4.6490e-004
  5.0464e-001  2.4482e+000  5.5000e+001  6.5433e-006  1.0417e-002  6.6000e-006  2.6400e-007  1.0507e-002  4.2027e-004
  5.0971e-001  2.4532e+000  5.5000e+001  5.9102e-006  9.1289e-003  6.1000e-006  2.4400e-007  9.4220e-003  3.7688e-004
  5.1479e-001  2.4583e+000  5.5000e+001  5.3690e-006  8.0502e-003  5.5000e-006  2.2000e-007  8.2467e-003  3.2987e-004
  5.1940e-001  2.4629e+000  5.5000e+001  4.9421e-006  7.2158e-003  5.0000e-006  2.0000e-007  7.3003e-003  2.9201e-004
  5.2401e-001  2.4675e+000  5.5000e+001  4.5667e-006  6.4953e-003  4.7000e-006  1.8800e-007  6.6849e-003  2.6740e-004
  5.2863e-001  2.4721e+000  5.5000e+001  4.2347e-006  5.8697e-003  4.1000e-006  1.6400e-007  5.6830e-003  2.2732e-004
  5.3324e-001  2.4767e+000  5.5000e+001  3.9395e-006  5.3233e-003  4.0000e-006  1.6000e-007  5.4051e-003  2.1621e-004
  5.3785e-001  2.4814e+000  5.5000e+001  3.6757e-006  4.8439e-003  3.6000e-006  1.4400e-007  4.7442e-003  1.8977e-004
  5.4247e-001  2.4860e+000  5.5000e+001  3.4389e-006  4.4212e-003  3.3800e-006  1.3500e-007  4.3455e-003  1.7356e-004
  5.4708e-001  2.4906e+000  5.5000e+001  3.2254e-006  4.0470e-003  3.1100e-006  1.2400e-007  3.9022e-003  1.5559e-004
  5.5723e-001  2.5007e+000  5.5000e+001  2.8237e-006  3.3620e-003  2.7700e-006  1.1100e-007  3.2981e-003  1.3216e-004
  5.6645e-001  2.5100e+000  5.5000e+001  2.5231e-006  2.8683e-003  2.5100e-006  1.0000e-007  2.8534e-003  1.1368e-004
  5.7568e-001  2.5192e+000  5.5000e+001  2.2701e-006  2.4671e-003  2.4400e-006  9.7600e-008  2.6517e-003  1.0607e-004
  5.8490e-001  2.5284e+000  5.5000e+001  2.0549e-006  2.1374e-003  1.8500e-006  9.2500e-008  1.9243e-003  9.6216e-005
  5.9505e-001  2.5386e+000  5.5000e+001  1.8531e-006  1.8393e-003  1.8200e-006  9.1000e-008  1.8064e-003  9.0320e-005
  6.0382e-001  2.5473e+000  5.5000e+001  1.7027e-006  1.6247e-003  1.6700e-006  8.3500e-008  1.5935e-003  7.9673e-005
  6.1350e-001  2.5570e+000  5.5000e+001  1.5576e-006  1.4245e-003  1.4700e-006  7.3500e-008  1.3443e-003  6.7215e-005
  6.2273e-001  2.5662e+000  5.5000e+001  1.4366e-006  1.2630e-003  1.4500e-006  7.2500e-008  1.2748e-003  6.3739e-005
  6.3195e-001  2.5755e+000  5.5000e+001  1.3297e-006  1.1250e-003  1.1700e-006  5.8500e-008  9.8984e-004  4.9492e-005


