  3.1106e-001  2.2546e+000  8.9101e+001  1.9552e+000  1.7404e+004  1.9542e+000  5.4776e-002  1.7395e+004  4.8760e+002
  3.3854e-001  2.2821e+000  8.9101e+001  1.6098e+000  1.0192e+004  1.6285e+000  4.7472e-002  1.0311e+004  3.0058e+002
  3.6645e-001  2.3100e+000  8.9101e+001  1.2817e+000  5.9954e+003  1.3225e+000  3.4741e-002  6.1863e+003  1.6251e+002
  3.7547e-001  2.3190e+000  8.9101e+001  1.1637e+000  4.9750e+003  1.2140e+000  3.8392e-002  5.1900e+003  1.6414e+002
  3.8491e-001  2.3284e+000  8.9101e+001  1.0194e+000  3.9814e+003  1.0264e+000  3.2866e-002  4.0090e+003  1.2836e+002
  3.9392e-001  2.3374e+000  8.9101e+001  8.4360e-001  3.0325e+003  8.3003e-001  2.5562e-002  2.9837e+003  9.1887e+001
  3.9864e-001  2.3421e+000  8.9101e+001  7.2778e-001  2.5081e+003  7.2640e-001  2.9214e-002  2.5033e+003  1.0068e+002
  4.0336e-001  2.3469e+000  8.9101e+001  5.8990e-001  1.9503e+003  5.6355e-001  2.3786e-002  1.8632e+003  7.8641e+001
  4.0808e-001  2.3516e+000  8.9101e+001  4.3148e-001  1.3698e+003  4.1156e-001  2.3786e-002  1.3066e+003  7.5513e+001
  4.1365e-001  2.3572e+000  8.9101e+001  2.4550e-001  7.4363e+002  2.5266e-001  1.8259e-002  7.6531e+002  5.5306e+001
  4.1751e-001  2.3610e+000  8.9101e+001  1.6660e-001  4.8874e+002  1.7963e-001  2.0134e-002  5.2696e+002  5.9066e+001
  4.2181e-001  2.3653e+000  8.9101e+001  1.9474e-001  5.5163e+002  2.3095e-001  1.6482e-002  6.5421e+002  4.6690e+001
  4.2655e-001  2.3701e+000  8.9101e+001  3.8268e-001  1.0437e+003  4.4314e-001  3.1089e-002  1.2086e+003  8.4788e+001
  4.3129e-001  2.3748e+000  8.9101e+001  6.3263e-001  1.6624e+003  6.3461e-001  3.1089e-002  1.6676e+003  8.1694e+001
  4.3603e-001  2.3795e+000  8.9101e+001  8.3643e-001  2.1190e+003  8.3003e-001  2.3786e-002  2.1027e+003  6.0257e+001
  4.4076e-001  2.3843e+000  8.9101e+001  9.6550e-001  2.3598e+003  9.7708e-001  3.2866e-002  2.3881e+003  8.0327e+001
  4.4550e-001  2.3890e+000  8.9101e+001  1.0366e+000  2.4459e+003  1.0264e+000  2.5562e-002  2.4219e+003  6.0314e+001
  4.5022e-001  2.3937e+000  8.9101e+001  1.0708e+000  2.4408e+003  1.0659e+000  3.2866e-002  2.4296e+003  7.4912e+001
  4.5924e-001  2.4028e+000  8.9101e+001  1.0832e+000  2.3151e+003  1.0955e+000  2.9214e-002  2.3414e+003  6.2438e+001
  4.7772e-001  2.4212e+000  8.9101e+001  1.0351e+000  1.9514e+003  1.0462e+000  3.1089e-002  1.9722e+003  5.8609e+001
  4.9619e-001  2.4397e+000  8.9101e+001  9.6976e-001  1.6253e+003  9.8202e-001  2.9214e-002  1.6458e+003  4.8961e+001
  5.1466e-001  2.4582e+000  8.9101e+001  9.0762e-001  1.3619e+003  9.2675e-001  2.7437e-002  1.3906e+003  4.1170e+001
  5.3356e-001  2.4771e+000  8.9101e+001  8.5040e-001  1.1471e+003  8.1720e-001  2.1910e-002  1.1023e+003  2.9555e+001
  5.6106e-001  2.5046e+000  8.9101e+001  7.7813e-001  9.0872e+002  7.5008e-001  2.1910e-002  8.7597e+002  2.5588e+001
  5.8855e-001  2.5321e+000  8.9101e+001  7.1673e-001  7.3296e+002  6.8198e-001  1.6383e-002  6.9743e+002  1.6754e+001
  6.4659e-001  2.5901e+000  8.9101e+001  6.1376e-001  4.8949e+002  5.8724e-001  1.9936e-002  4.6833e+002  1.5900e+001
  1.5068e+000  3.4503e+000  8.9101e+001  1.9042e-001  3.0384e+001  1.7666e-001  5.2407e-003  2.8189e+001  8.3623e-001
  1.5346e+000  3.4781e+000  8.9101e+001  2.2700e-001  3.5358e+001  1.9936e-001  5.2407e-003  3.1053e+001  8.1630e-001
  1.5441e+000  3.4876e+000  8.9101e+001  2.4519e-001  3.7884e+001  2.3687e-001  4.1945e-003  3.6599e+001  6.4810e-001
  1.5537e+000  3.4972e+000  8.9101e+001  2.4287e-001  3.7225e+001  2.2996e-001  4.2044e-003  3.5246e+001  6.4442e-001
  1.5624e+000  3.5059e+000  8.9101e+001  2.0917e-001  3.1830e+001  2.1516e-001  5.2407e-003  3.2741e+001  7.9750e-001
  1.5702e+000  3.5137e+000  8.9101e+001  1.6123e-001  2.4378e+001  1.6778e-001  5.2407e-003  2.5368e+001  7.9238e-001
  1.5809e+000  3.5244e+000  8.9101e+001  9.4975e-002  1.4236e+001  1.1153e-001  5.2407e-003  1.6716e+001  7.8552e-001
  1.5906e+000  3.5341e+000  8.9101e+001  6.3015e-002  9.3720e+000  7.9746e-002  3.1484e-003  1.1860e+001  4.6825e-001
  1.5992e+000  3.5427e+000  8.9101e+001  8.9186e-002  1.3174e+001  9.5537e-002  4.2044e-003  1.4112e+001  6.2107e-001
  1.6087e+000  3.5522e+000  8.9101e+001  1.7028e-001  2.4966e+001  1.5199e-001  6.2869e-003  2.2285e+001  9.2178e-001
  1.6171e+000  3.5606e+000  8.9101e+001  2.3185e-001  3.3772e+001  2.2206e-001  5.2407e-003  3.2347e+001  7.6339e-001
  1.6256e+000  3.5692e+000  8.9101e+001  2.6286e-001  3.8037e+001  2.3687e-001  5.2407e-003  3.4277e+001  7.5837e-001
  1.6362e+000  3.5797e+000  8.9101e+001  2.7281e-001  3.9163e+001  2.4674e-001  5.2407e-003  3.5420e+001  7.5233e-001
  1.6544e+000  3.5979e+000  8.9101e+001  2.6538e-001  3.7580e+001  2.4476e-001  6.2869e-003  3.4660e+001  8.9026e-001
  1.7467e+000  3.6902e+000  8.9101e+001  2.1814e-001  2.8950e+001  1.9838e-001  5.2407e-003  2.6328e+001  6.9552e-001
  1.8389e+000  3.7824e+000  8.9101e+001  1.9607e-001  2.4542e+001  1.7765e-001  6.2869e-003  2.2236e+001  7.8691e-001


  6.4601e-001  2.5895e+000  1.1890e+002  3.8631e-001  3.0879e+002  3.9952e-001  5.3520e-003  3.1934e+002  4.2780e+000
  6.9218e-001  2.6357e+000  1.1890e+002  3.5074e-001  2.3593e+002  3.6075e-001  8.5718e-003  2.4266e+002  5.7659e+000
  7.3736e-001  2.6809e+000  1.1890e+002  3.2322e-001  1.8697e+002  3.3598e-001  7.4950e-003  1.9436e+002  4.3356e+000
  7.8352e-001  2.7270e+000  1.1890e+002  3.0034e-001  1.5125e+002  2.9829e-001  6.4181e-003  1.5022e+002  3.2322e+000
  8.2771e-001  2.7712e+000  1.1890e+002  2.8211e-001  1.2599e+002  2.8214e-001  6.4181e-003  1.2601e+002  2.8664e+000
  8.7383e-001  2.8173e+000  1.1890e+002  2.6598e-001  1.0599e+002  2.6383e-001  6.4181e-003  1.0513e+002  2.5575e+000
  9.1801e-001  2.8615e+000  1.1890e+002  2.5269e-001  9.1125e+001  2.5629e-001  6.4181e-003  9.2425e+001  2.3145e+000
  9.6509e-001  2.9086e+000  1.1890e+002  2.4035e-001  7.8624e+001  2.4768e-001  6.4181e-003  8.1020e+001  2.0995e+000
  1.0563e+000  2.9998e+000  1.1890e+002  2.2046e-001  6.1027e+001  2.2399e-001  4.2751e-003  6.2005e+001  1.1835e+000
  1.1485e+000  3.0920e+000  1.1890e+002  2.0411e-001  4.8902e+001  2.0353e-001  6.4181e-003  4.8763e+001  1.5377e+000
  1.2417e+000  3.1852e+000  1.1890e+002  1.8993e-001  4.0106e+001  1.8630e-001  5.3520e-003  3.9339e+001  1.1302e+000
  1.3329e+000  3.2764e+000  1.1890e+002  1.7688e-001  3.3527e+001  1.7445e-001  4.4367e-003  3.3067e+001  8.4096e-001
  1.4251e+000  3.3686e+000  1.1890e+002  1.6131e-001  2.7774e+001  1.6153e-001  4.1459e-003  2.7812e+001  7.1383e-001
  1.4702e+000  3.4137e+000  1.1890e+002  1.4837e-001  2.4471e+001  1.4753e-001  3.8013e-003  2.4333e+001  6.2697e-001
  1.4885e+000  3.4320e+000  1.1890e+002  1.3928e-001  2.2591e+001  1.3892e-001  3.5536e-003  2.2532e+001  5.7641e-001
  1.5067e+000  3.4502e+000  1.1890e+002  1.2404e-001  1.9793e+001  1.2492e-001  3.1983e-003  1.9934e+001  5.1037e-001
  1.5241e+000  3.4676e+000  1.1890e+002  9.6671e-002  1.5194e+001  9.9287e-002  2.5414e-003  1.5605e+001  3.9945e-001
  1.5347e+000  3.4782e+000  1.1890e+002  6.9410e-002  1.0811e+001  7.4734e-002  1.9060e-003  1.1640e+001  2.9687e-001
  1.5434e+000  3.4869e+000  1.1890e+002  4.3357e-002  6.7032e+000  4.9105e-002  1.2599e-003  7.5920e+000  1.9479e-001
  1.5530e+000  3.4965e+000  1.1890e+002  2.3661e-002  3.6285e+000  2.5522e-002  6.5258e-004  3.9139e+000  1.0008e-001
  1.5578e+000  3.5013e+000  1.1890e+002  2.2814e-002  3.4846e+000  2.3368e-002  5.9873e-004  3.5693e+000  9.1453e-002
  1.5617e+000  3.5052e+000  1.1890e+002  2.6880e-002  4.0925e+000  2.6598e-002  6.8058e-004  4.0497e+000  1.0362e-001
  1.5712e+000  3.5147e+000  1.1890e+002  4.9944e-002  7.5451e+000  4.8136e-002  1.2276e-003  7.2719e+000  1.8546e-001
  1.5807e+000  3.5242e+000  1.1890e+002  8.5619e-002  1.2835e+001  8.5610e-002  2.1860e-003  1.2834e+001  3.2771e-001
  1.5893e+000  3.5328e+000  1.1890e+002  1.3207e-001  1.9663e+001  1.3353e-001  5.3520e-003  1.9880e+001  7.9681e-001
  1.5987e+000  3.5422e+000  1.1890e+002  1.9914e-001  2.9427e+001  1.9384e-001  4.2751e-003  2.8643e+001  6.3174e-001
  1.6073e+000  3.5508e+000  1.1890e+002  2.4811e-001  3.6418e+001  2.3799e-001  6.4181e-003  3.4931e+001  9.4203e-001
  1.6168e+000  3.5603e+000  1.1890e+002  2.6252e-001  3.8249e+001  2.5629e-001  5.3520e-003  3.7341e+001  7.7977e-001
  1.6265e+000  3.5700e+000  1.1890e+002  2.5194e-001  3.6434e+001  2.4014e-001  5.3520e-003  3.4728e+001  7.7398e-001
  1.6351e+000  3.5787e+000  1.1890e+002  2.3821e-001  3.4222e+001  2.2722e-001  5.3520e-003  3.2643e+001  7.6889e-001
  1.6534e+000  3.5969e+000  1.1890e+002  2.1517e-001  3.0493e+001  2.0891e-001  5.3520e-003  2.9605e+001  7.5844e-001
  1.7466e+000  3.6901e+000  1.1890e+002  1.7570e-001  2.3320e+001  1.7337e-001  5.3520e-003  2.3011e+001  7.1034e-001
  1.8388e+000  3.7823e+000  1.1890e+002  1.6367e-001  2.0488e+001  1.5938e-001  6.4181e-003  1.9951e+001  8.0343e-001


  2.7415e-001  2.2177e+000  1.4690e+002  7.1423e-001  1.0940e+004  7.5739e-001  1.0998e-002  1.1601e+004  1.6845e+002
  3.1063e-001  2.2541e+000  1.4690e+002  5.2947e-001  4.7404e+003  5.3374e-001  9.1878e-003  4.7787e+003  8.2259e+001
  3.3853e-001  2.2820e+000  1.4690e+002  4.0745e-001  2.5801e+003  4.1501e-001  1.1643e-002  2.6280e+003  7.3729e+001
  3.6600e-001  2.3095e+000  1.4690e+002  2.8065e-001  1.3188e+003  2.7206e-001  7.6084e-003  1.2785e+003  3.5754e+001
  3.7545e-001  2.3190e+000  1.4690e+002  2.2999e-001  9.8353e+002  2.1557e-001  6.0061e-003  9.2188e+002  2.5684e+001
  3.8446e-001  2.3280e+000  1.4690e+002  1.7649e-001  6.9224e+002  1.6254e-001  4.5651e-003  6.3756e+002  1.7906e+001
  3.9347e-001  2.3370e+000  1.4690e+002  1.2038e-001  4.3449e+002  1.1401e-001  3.1817e-003  4.1151e+002  1.1484e+001
  3.9820e-001  2.3417e+000  1.4690e+002  9.4555e-002  3.2714e+002  9.3261e-002  2.6053e-003  3.2266e+002  9.0137e+000
  4.0292e-001  2.3464e+000  1.4690e+002  7.9388e-002  2.6349e+002  8.5998e-002  2.4093e-003  2.8543e+002  7.9966e+000
  4.0765e-001  2.3512e+000  1.4690e+002  9.0188e-002  2.8736e+002  1.1874e-001  3.3316e-003  3.7833e+002  1.0615e+001
  4.1325e-001  2.3568e+000  1.4690e+002  1.7564e-001  5.3380e+002  2.1557e-001  1.2911e-002  6.5514e+002  3.9238e+001
  4.1714e-001  2.3607e+000  1.4690e+002  3.0935e-001  9.1029e+002  3.7351e-001  2.0174e-002  1.0991e+003  5.9363e+001
  4.2191e-001  2.3654e+000  1.4690e+002  5.5021e-001  1.5573e+003  6.0637e-001  2.0174e-002  1.7163e+003  5.7101e+001
  4.2668e-001  2.3702e+000  1.4690e+002  7.8632e-001  2.1423e+003  8.1503e-001  1.6485e-002  2.2205e+003  4.4913e+001
  4.3099e-001  2.3745e+000  1.4690e+002  9.1144e-001  2.4005e+003  9.0033e-001  1.0998e-002  2.3713e+003  2.8966e+001
  4.3573e-001  2.3792e+000  1.4690e+002  9.4660e-001  2.4037e+003  9.2915e-001  9.1762e-003  2.3594e+003  2.3301e+001
  4.4002e-001  2.3835e+000  1.4690e+002  9.2400e-001  2.2709e+003  9.2339e-001  1.2911e-002  2.2694e+003  3.1732e+001
  4.4516e-001  2.3887e+000  1.4690e+002  8.7128e-001  2.0608e+003  8.5883e-001  1.2911e-002  2.0314e+003  3.0539e+001
  4.4989e-001  2.3934e+000  1.4690e+002  8.1838e-001  1.8699e+003  8.2425e-001  9.1878e-003  1.8833e+003  2.0993e+001
  4.5889e-001  2.4024e+000  1.4690e+002  7.2883e-001  1.5615e+003  7.2972e-001  1.0998e-002  1.5634e+003  2.3563e+001
  4.6790e-001  2.4114e+000  1.4690e+002  6.5886e-001  1.3263e+003  6.6055e-001  9.1762e-003  1.3297e+003  1.8473e+001
  4.7734e-001  2.4209e+000  1.4690e+002  6.0249e-001  1.1386e+003  6.1559e-001  7.3548e-003  1.1634e+003  1.3900e+001
  4.9580e-001  2.4393e+000  1.4690e+002  5.2441e-001  8.8099e+002  5.2798e-001  9.1762e-003  8.8699e+002  1.5416e+001
  5.1427e-001  2.4578e+000  1.4690e+002  4.7121e-001  7.0866e+002  4.7495e-001  7.3548e-003  7.1428e+002  1.1061e+001
  5.3231e-001  2.4758e+000  1.4690e+002  4.3288e-001  5.8794e+002  4.4152e-001  7.3548e-003  5.9967e+002  9.9893e+000
  5.5980e-001  2.5033e+000  1.4690e+002  3.8966e-001  4.5795e+002  3.9656e-001  9.1762e-003  4.6605e+002  1.0784e+001
  5.8772e-001  2.5312e+000  1.4690e+002  3.5720e-001  3.6670e+002  3.5506e-001  7.3548e-003  3.6450e+002  7.5505e+000
  6.4575e-001  2.5893e+000  1.4690e+002  3.1015e-001  2.4818e+002  3.1702e-001  6.4441e-003  2.5367e+002  5.1564e+000
  6.8995e-001  2.6335e+000  1.4690e+002  2.8511e-001  1.9330e+002  2.8013e-001  6.4441e-003  1.8992e+002  4.3690e+000
  7.3508e-001  2.6786e+000  1.4690e+002  2.6535e-001  1.5461e+002  2.6860e-001  6.4441e-003  1.5651e+002  3.7548e+000
  7.8119e-001  2.7247e+000  1.4690e+002  2.4934e-001  1.2641e+002  2.4439e-001  6.4441e-003  1.2390e+002  3.2670e+000
  8.2631e-001  2.7698e+000  1.4690e+002  2.3662e-001  1.0606e+002  2.3632e-001  6.4441e-003  1.0593e+002  2.8885e+000
  8.7240e-001  2.8159e+000  1.4690e+002  2.2587e-001  9.0310e+001  2.2364e-001  5.3720e-003  8.9418e+001  2.1479e+000
  9.1849e-001  2.8620e+000  1.4690e+002  2.1689e-001  7.8134e+001  2.1557e-001  5.3720e-003  7.7660e+001  1.9353e+000
  9.6269e-001  2.9062e+000  1.4690e+002  2.0960e-001  6.8892e+001  2.1096e-001  5.9138e-003  6.9339e+001  1.9438e+000
  1.0549e+000  2.9984e+000  1.4690e+002  1.9764e-001  5.4847e+001  1.9252e-001  5.3720e-003  5.3426e+001  1.4908e+000
  1.1460e+000  3.0895e+000  1.4690e+002  1.8921e-001  4.5497e+001  1.8099e-001  5.0723e-003  4.3520e+001  1.2197e+000
  1.2391e+000  3.1826e+000  1.4690e+002  1.8358e-001  3.8893e+001  1.7984e-001  5.0492e-003  3.8099e+001  1.0697e+000
  1.4225e+000  3.3660e+000  1.4690e+002  1.8057e-001  3.1169e+001  1.7638e-001  5.3720e-003  3.0445e+001  9.2728e-001
  1.4685e+000  3.4120e+000  1.4690e+002  1.7529e-001  2.8956e+001  1.6946e-001  4.7610e-003  2.7993e+001  7.8647e-001
  1.5051e+000  3.4486e+000  1.4690e+002  1.4521e-001  2.3206e+001  1.4525e-001  4.0694e-003  2.3213e+001  6.5033e-001
  1.5224e+000  3.4659e+000  1.4690e+002  9.8011e-002  1.5427e+001  9.7987e-002  4.2884e-003  1.5423e+001  6.7500e-001
  1.5321e+000  3.4756e+000  1.4690e+002  5.4381e-002  8.4885e+000  6.2597e-002  4.2884e-003  9.7710e+000  6.6939e-001
  1.5408e+000  3.4843e+000  1.4690e+002  1.3732e-002  2.1277e+000  1.1101e-002  3.1010e-004  1.7201e+000  4.8049e-002
  1.5494e+000  3.4930e+000  1.4690e+002  2.7485e-003  4.2276e-001  2.5016e-003  7.0090e-005  3.8478e-001  1.0781e-002
  1.5589e+000  3.5025e+000  1.4690e+002  6.8546e-002  1.0460e+001  7.1243e-002  6.4441e-003  1.0872e+001  9.8339e-001
  1.5683e+000  3.5118e+000  1.4690e+002  2.0429e-001  3.0937e+001  2.4900e-001  9.6604e-003  3.7708e+001  1.4629e+000
  1.5767e+000  3.5202e+000  1.4690e+002  3.4934e-001  5.2542e+001  4.1385e-001  1.1758e-002  6.2245e+001  1.7685e+000
  1.5861e+000  3.5296e+000  1.4690e+002  5.0301e-001  7.5082e+001  5.8908e-001  7.5162e-003  8.7929e+001  1.1219e+000
  1.5957e+000  3.5392e+000  1.4690e+002  5.8307e-001  8.6369e+001  5.9369e-001  1.1758e-002  8.7942e+001  1.7418e+000
  1.6044e+000  3.5479e+000  1.4690e+002  5.0977e-001  7.4991e+001  4.7956e-001  8.5883e-003  7.0547e+001  1.2634e+000
  1.6143e+000  3.5578e+000  1.4690e+002  3.2916e-001  4.8050e+001  3.1356e-001  9.6604e-003  4.5773e+001  1.4102e+000
  1.6231e+000  3.5666e+000  1.4690e+002  2.0457e-001  2.9661e+001  2.1096e-001  7.5162e-003  3.0588e+001  1.0898e+000
  1.6327e+000  3.5763e+000  1.4690e+002  1.3045e-001  1.8775e+001  1.4525e-001  7.5162e-003  2.0906e+001  1.0818e+000
  1.6510e+000  3.5945e+000  1.4690e+002  8.3942e-002  1.1917e+001  9.7181e-002  2.7206e-003  1.3796e+001  3.8623e-001
  1.7432e+000  3.6867e+000  1.4690e+002  9.3113e-002  1.2387e+001  9.3030e-002  5.3720e-003  1.2376e+001  7.1462e-001
  1.8373e+000  3.7808e+000  1.4690e+002  1.0469e-001  1.3117e+001  9.8564e-002  2.7552e-003  1.2349e+001  3.4521e-001


