  4.9605e-001  4.0421e-001  0.0000e+000  1.9537e-002  2.7484e+001  3.9000e-001  4.0000e-002  5.4863e+002  5.6270e+001
  9.7785e-001  8.8601e-001  0.0000e+000  4.6896e-001  1.3199e+002  4.3000e-001  4.0000e-002  1.2103e+002  1.1258e+001
  1.2378e+000  1.1460e+000  0.0000e+000  1.2926e+000  2.4537e+002  1.2200e+000  1.2000e-001  2.3158e+002  2.2779e+001
  1.4978e+000  1.4060e+000  0.0000e+000  2.9084e+000  4.2275e+002  2.7800e+000  2.8000e-001  4.0409e+002  4.0700e+001
  1.9112e+000  1.8194e+000  0.0000e+000  8.3976e+000  9.2142e+002  8.0100e+000  8.0000e-001  8.7889e+002  8.7779e+001
  2.0167e+000  1.9249e+000  0.0000e+000  1.0702e+001  1.1130e+003  1.1110e+001  1.1100e+000  1.1554e+003  1.1544e+002
  2.1223e+000  2.0304e+000  0.0000e+000  1.3531e+001  1.3409e+003  1.3820e+001  1.3800e+000  1.3695e+003  1.3675e+002
  2.2374e+000  2.1455e+000  0.0000e+000  1.7331e+001  1.6379e+003  1.7100e+001  1.7100e+000  1.6161e+003  1.6161e+002
  2.3138e+000  2.2219e+000  0.0000e+000  2.0328e+001  1.8668e+003  2.1350e+001  2.1400e+000  1.9606e+003  1.9652e+002
  2.4383e+000  2.3465e+000  0.0000e+000  2.6139e+001  2.2998e+003  2.5410e+001  2.5400e+000  2.2356e+003  2.2348e+002
  2.5241e+000  2.4323e+000  0.0000e+000  3.0847e+001  2.6420e+003  3.1210e+001  3.1200e+000  2.6731e+003  2.6723e+002
  2.6192e+000  2.5274e+000  0.0000e+000  3.6737e+001  3.0609e+003  3.8740e+001  3.8700e+000  3.2278e+003  3.2244e+002
  2.7338e+000  2.6420e+000  0.0000e+000  4.4642e+001  3.6079e+003  4.4920e+001  4.4900e+000  3.6304e+003  3.6288e+002
  2.8289e+000  2.7371e+000  0.0000e+000  5.1648e+001  4.0783e+003  5.2450e+001  5.2500e+000  4.1417e+003  4.1456e+002
  2.9049e+000  2.8130e+000  0.0000e+000  5.7340e+001  4.4500e+003  5.9410e+001  5.9400e+000  4.6107e+003  4.6099e+002
  3.0002e+000  2.9084e+000  0.0000e+000  6.4356e+001  4.8940e+003  6.5200e+001  6.5200e+000  4.9582e+003  4.9582e+002
  3.2000e+000  3.1082e+000  0.0000e+000  7.7513e+001  5.6744e+003  8.0840e+001  8.0800e+000  5.9179e+003  5.9150e+002
  3.9279e+000  3.8361e+000  0.0000e+000 -7.7672e+001 -5.1453e+003 -7.2500e+001 -7.2500e+000 -4.8027e+003 -4.8027e+002
  4.4375e+000  4.3457e+000  0.0000e+000 -7.2703e+001 -4.6034e+003 -6.5900e+001 -6.5900e+000 -4.1726e+003 -4.1726e+002
  4.9479e+000  4.8561e+000  0.0000e+000 -7.1526e+001 -4.3864e+003 -6.4300e+001 -6.4300e+000 -3.9433e+003 -3.9433e+002
  5.4105e+000  5.3187e+000  0.0000e+000 -7.2024e+001 -4.3268e+003 -6.3300e+001 -6.3300e+000 -3.8027e+003 -3.8027e+002
  5.9310e+000  5.8392e+000  0.0000e+000 -7.3510e+001 -4.3451e+003 -6.4200e+001 -6.4200e+000 -3.7947e+003 -3.7947e+002
  6.1350e+000  6.0432e+000  0.0000e+000 -7.4257e+001 -4.3685e+003 -7.5800e+001 -7.5800e+000 -4.4593e+003 -4.4593e+002
  8.8715e+000  8.7797e+000  0.0000e+000 -8.7130e+001 -5.0653e+003  1.0460e+002  1.0460e+001  6.0809e+003  6.0809e+002
  9.5175e+000  9.4257e+000  0.0000e+000  8.9694e+001  5.2424e+003  1.0190e+002  1.0190e+001  5.9558e+003  5.9558e+002


