  3.0939e-001  2.1755e-001  0.0000e+000  2.2033e-005  2.2033e-005  3.7000e-005  1.3100e-005  3.7000e-005  1.3100e-005
  4.0863e-001  3.1679e-001  0.0000e+000  1.0160e-004  1.0160e-004  1.2500e-004  2.4100e-005  1.2500e-004  2.4100e-005
  5.0788e-001  4.1604e-001  0.0000e+000  3.0295e-004  3.0295e-004  3.1000e-004  3.7900e-005  3.1000e-004  3.7900e-005
  6.0712e-001  5.1528e-001  0.0000e+000  7.0082e-004  7.0082e-004  6.5300e-004  5.5000e-005  6.5300e-004  5.5000e-005
  7.0636e-001  6.1452e-001  0.0000e+000  1.3768e-003  1.3768e-003  1.2100e-003  7.4900e-005  1.2100e-003  7.4900e-005
  8.0559e-001  7.1375e-001  0.0000e+000  2.4173e-003  2.4173e-003  2.0700e-003  9.8000e-005  2.0700e-003  9.8000e-005
  9.0483e-001  8.1299e-001  0.0000e+000  3.9143e-003  3.9143e-003  3.3200e-003  1.2400e-004  3.3200e-003  1.2400e-004
  1.0041e+000  9.1223e-001  0.0000e+000  5.9680e-003  5.9680e-003  5.0700e-003  1.5300e-004  5.0700e-003  1.5300e-004
  1.1033e+000  1.0115e+000  0.0000e+000  8.6916e-003  8.6916e-003  7.4600e-003  1.8600e-004  7.4600e-003  1.8600e-004
  1.2025e+000  1.1107e+000  0.0000e+000  1.2217e-002  1.2217e-002  1.0600e-002  2.2200e-004  1.0600e-002  2.2200e-004
  1.3018e+000  1.2099e+000  0.0000e+000  1.6705e-002  1.6705e-002  1.4800e-002  2.6200e-004  1.4800e-002  2.6200e-004
  1.4010e+000  1.3092e+000  0.0000e+000  2.2351e-002  2.2351e-002  2.0200e-002  3.0600e-004  2.0200e-002  3.0600e-004
  1.5002e+000  1.4084e+000  0.0000e+000  2.9402e-002  2.9402e-002  2.7200e-002  3.5500e-004  2.7200e-002  3.5500e-004
  1.5995e+000  1.5076e+000  0.0000e+000  3.8169e-002  3.8169e-002  3.9100e-002  4.2500e-004  3.9100e-002  4.2500e-004
  1.6987e+000  1.6068e+000  0.0000e+000  4.9047e-002  4.9047e-002  4.9800e-002  4.8000e-004  4.9800e-002  4.8000e-004
  1.7979e+000  1.7061e+000  0.0000e+000  6.2535e-002  6.2535e-002  6.3900e-002  5.4400e-004  6.3900e-002  5.4400e-004
  1.8971e+000  1.8053e+000  0.0000e+000  7.9256e-002  7.9256e-002  8.0200e-002  6.0900e-004  8.0200e-002  6.0900e-004
  1.9964e+000  1.9045e+000  0.0000e+000  9.9964e-002  9.9964e-002  1.0400e-001  6.9400e-004  1.0400e-001  6.9400e-004
  2.0956e+000  2.0037e+000  0.0000e+000  1.2553e-001  1.2553e-001  1.3100e-001  7.7700e-004  1.3100e-001  7.7700e-004
  2.1948e+000  2.1030e+000  0.0000e+000  1.5689e-001  1.5689e-001  1.6600e-001  8.7700e-004  1.6600e-001  8.7700e-004
  2.2940e+000  2.2022e+000  0.0000e+000  1.9482e-001  1.9482e-001  2.0800e-001  9.8200e-004  2.0800e-001  9.8200e-004
  2.3932e+000  2.3014e+000  0.0000e+000  2.3961e-001  2.3961e-001  2.5300e-001  1.0800e-003  2.5300e-001  1.0800e-003
  2.4924e+000  2.4006e+000  0.0000e+000  2.9042e-001  2.9042e-001  3.0300e-001  1.1800e-003  3.0300e-001  1.1800e-003
  2.5917e+000  2.4998e+000  0.0000e+000  3.4455e-001  3.4455e-001  3.5500e-001  1.2800e-003  3.5500e-001  1.2800e-003
  2.6909e+000  2.5990e+000  0.0000e+000  3.9690e-001  3.9690e-001  3.9600e-001  1.3500e-003  3.9600e-001  1.3500e-003
  2.7901e+000  2.6982e+000  0.0000e+000  4.4047e-001  4.4047e-001  4.3000e-001  1.4100e-003  4.3000e-001  1.4100e-003
  2.8893e+000  2.7974e+000  0.0000e+000  4.6842e-001  4.6842e-001  4.5000e-001  1.4400e-003  4.5000e-001  1.4400e-003
  2.9885e+000  2.8967e+000  0.0000e+000  4.7694e-001  4.7694e-001  4.5800e-001  1.4600e-003  4.5800e-001  1.4600e-003
  3.0877e+000  2.9959e+000  0.0000e+000  4.6676e-001  4.6676e-001  4.4900e-001  1.4400e-003  4.4900e-001  1.4400e-003
  3.1869e+000  3.0951e+000  0.0000e+000  4.4239e-001  4.4239e-001  4.2600e-001  1.4000e-003  4.2600e-001  1.4000e-003
  3.2861e+000  3.1943e+000  0.0000e+000  4.0966e-001  4.0966e-001  3.9900e-001  1.3600e-003  3.9900e-001  1.3600e-003
  3.3853e+000  3.2935e+000  0.0000e+000  3.7374e-001  3.7374e-001  3.6600e-001  1.3000e-003  3.6600e-001  1.3000e-003
  3.4845e+000  3.3927e+000  0.0000e+000  3.3817e-001  3.3817e-001  3.3900e-001  1.2500e-003  3.3900e-001  1.2500e-003
  3.5837e+000  3.4919e+000  0.0000e+000  3.0498e-001  3.0498e-001  3.1000e-001  1.2000e-003  3.1000e-001  1.2000e-003
  3.6829e+000  3.5911e+000  0.0000e+000  2.7505e-001  2.7505e-001  2.8200e-001  1.1400e-003  2.8200e-001  1.1400e-003
  3.7821e+000  3.6903e+000  0.0000e+000  2.4859e-001  2.4859e-001  2.5400e-001  1.0800e-003  2.5400e-001  1.0800e-003
  3.8813e+000  3.7895e+000  0.0000e+000  2.2544e-001  2.2544e-001  2.3200e-001  1.0400e-003  2.3200e-001  1.0400e-003
  3.9805e+000  3.8887e+000  0.0000e+000  2.0526e-001  2.0526e-001  2.1200e-001  9.9000e-004  2.1200e-001  9.9000e-004
  4.0797e+000  3.9879e+000  0.0000e+000  1.8769e-001  1.8769e-001  1.9400e-001  9.4800e-004  1.9400e-001  9.4800e-004
  4.1789e+000  4.0871e+000  0.0000e+000  1.7236e-001  1.7236e-001  1.7800e-001  9.0800e-004  1.7800e-001  9.0800e-004
  4.2781e+000  4.1862e+000  0.0000e+000  1.5895e-001  1.5895e-001  1.6400e-001  8.7200e-004  1.6400e-001  8.7200e-004
  4.3773e+000  4.2854e+000  0.0000e+000  1.4715e-001  1.4715e-001  1.5200e-001  8.4000e-004  1.5200e-001  8.4000e-004
  4.4765e+000  4.3846e+000  0.0000e+000  1.3672e-001  1.3672e-001  1.4000e-001  8.0600e-004  1.4000e-001  8.0600e-004
  4.5756e+000  4.4838e+000  0.0000e+000  1.2745e-001  1.2745e-001  1.3000e-001  7.7700e-004  1.3000e-001  7.7700e-004
  4.6748e+000  4.5830e+000  0.0000e+000  1.1918e-001  1.1918e-001  1.2300e-001  7.5600e-004  1.2300e-001  7.5600e-004
  4.7740e+000  4.6822e+000  0.0000e+000  1.1174e-001  1.1174e-001  1.1300e-001  7.2400e-004  1.1300e-001  7.2400e-004
  4.8732e+000  4.7814e+000  0.0000e+000  1.0503e-001  1.0503e-001  1.0700e-001  7.0300e-004  1.0700e-001  7.0300e-004
  4.9724e+000  4.8805e+000  0.0000e+000  9.8938e-002  9.8938e-002  1.0000e-001  6.8100e-004  1.0000e-001  6.8100e-004
  5.0716e+000  4.9797e+000  0.0000e+000  9.3379e-002  9.3379e-002  9.4300e-002  6.6100e-004  9.4300e-002  6.6100e-004
  5.1707e+000  5.0789e+000  0.0000e+000  8.8283e-002  8.8283e-002  8.9300e-002  6.4300e-004  8.9300e-002  6.4300e-004
  5.2699e+000  5.1781e+000  0.0000e+000  8.3589e-002  8.3589e-002  8.3600e-002  6.2200e-004  8.3600e-002  6.2200e-004
  5.3691e+000  5.2773e+000  0.0000e+000  7.9247e-002  7.9247e-002  7.9400e-002  6.0600e-004  7.9400e-002  6.0600e-004
  5.4683e+000  5.3764e+000  0.0000e+000  7.5215e-002  7.5215e-002  7.4700e-002  5.8800e-004  7.4700e-002  5.8800e-004
  5.5674e+000  5.4756e+000  0.0000e+000  7.1456e-002  7.1456e-002  7.0700e-002  5.7200e-004  7.0700e-002  5.7200e-004
  5.6666e+000  5.5748e+000  0.0000e+000  6.7939e-002  6.7939e-002  6.6400e-002  5.5500e-004  6.6400e-002  5.5500e-004
  5.7658e+000  5.6739e+000  0.0000e+000  6.4638e-002  6.4638e-002  6.3900e-002  5.4400e-004  6.3900e-002  5.4400e-004
  5.8650e+000  5.7731e+000  0.0000e+000  6.1531e-002  6.1531e-002  6.0800e-002  5.3100e-004  6.0800e-002  5.3100e-004
  5.9641e+000  5.8723e+000  0.0000e+000  5.8598e-002  5.8598e-002  5.7400e-002  5.1600e-004  5.7400e-002  5.1600e-004
  6.0633e+000  5.9714e+000  0.0000e+000  5.5824e-002  5.5824e-002  5.4100e-002  5.0100e-004  5.4100e-002  5.0100e-004
  6.1625e+000  6.0706e+000  0.0000e+000  5.3193e-002  5.3193e-002  5.1800e-002  4.9000e-004  5.1800e-002  4.9000e-004
  6.2616e+000  6.1698e+000  0.0000e+000  5.0694e-002  5.0694e-002  5.0600e-002  4.8400e-004  5.0600e-002  4.8400e-004
  6.3608e+000  6.2689e+000  0.0000e+000  4.8317e-002  4.8317e-002  4.6300e-002  4.6300e-004  4.6300e-002  4.6300e-004
  6.4599e+000  6.3681e+000  0.0000e+000  4.6051e-002  4.6051e-002  4.4500e-002  4.5400e-004  4.4500e-002  4.5400e-004
  6.5591e+000  6.4673e+000  0.0000e+000  4.3890e-002  4.3890e-002  4.2800e-002  4.4500e-004  4.2800e-002  4.4500e-004
  6.6583e+000  6.5664e+000  0.0000e+000  4.1826e-002  4.1826e-002  4.0000e-002  4.3100e-004  4.0000e-002  4.3100e-004
  6.7574e+000  6.6656e+000  0.0000e+000  3.9853e-002  3.9853e-002  3.9500e-002  4.2800e-004  3.9500e-002  4.2800e-004
  6.8566e+000  6.7647e+000  0.0000e+000  3.7966e-002  3.7966e-002  3.6900e-002  4.1300e-004  3.6900e-002  4.1300e-004
  6.9557e+000  6.8639e+000  0.0000e+000  3.6160e-002  3.6160e-002  3.5200e-002  4.0400e-004  3.5200e-002  4.0400e-004
  7.0549e+000  6.9630e+000  0.0000e+000  3.4431e-002  3.4431e-002  3.2800e-002  3.9000e-004  3.2800e-002  3.9000e-004
  7.1540e+000  7.0622e+000  0.0000e+000  3.2775e-002  3.2775e-002  3.2000e-002  3.8500e-004  3.2000e-002  3.8500e-004
  7.2532e+000  7.1613e+000  0.0000e+000  3.1190e-002  3.1190e-002  3.0100e-002  3.7400e-004  3.0100e-002  3.7400e-004
  7.3523e+000  7.2605e+000  0.0000e+000  2.9671e-002  2.9671e-002  2.9100e-002  3.6700e-004  2.9100e-002  3.6700e-004
  7.4515e+000  7.3596e+000  0.0000e+000  2.8217e-002  2.8217e-002  2.7200e-002  3.5500e-004  2.7200e-002  3.5500e-004
  7.5506e+000  7.4588e+000  0.0000e+000  2.6824e-002  2.6824e-002  2.6300e-002  3.4900e-004  2.6300e-002  3.4900e-004
  7.6498e+000  7.5579e+000  0.0000e+000  2.5491e-002  2.5491e-002  2.4900e-002  3.4000e-004  2.4900e-002  3.4000e-004
  7.7489e+000  7.6571e+000  0.0000e+000  2.4216e-002  2.4216e-002  2.3900e-002  3.3300e-004  2.3900e-002  3.3300e-004
  7.8480e+000  7.7562e+000  0.0000e+000  2.2996e-002  2.2996e-002  2.2800e-002  3.2500e-004  2.2800e-002  3.2500e-004
  7.9472e+000  7.8553e+000  0.0000e+000  2.1829e-002  2.1829e-002  2.1000e-002  3.1200e-004  2.1000e-002  3.1200e-004
  8.0463e+000  7.9545e+000  0.0000e+000  2.0714e-002  2.0714e-002  2.0800e-002  3.1100e-004  2.0800e-002  3.1100e-004
  8.1455e+000  8.0536e+000  0.0000e+000  1.9649e-002  1.9649e-002  1.9900e-002  3.0400e-004  1.9900e-002  3.0400e-004
  8.2446e+000  8.1528e+000  0.0000e+000  1.8633e-002  1.8633e-002  1.8600e-002  2.9400e-004  1.8600e-002  2.9400e-004
  8.3437e+000  8.2519e+000  0.0000e+000  1.7664e-002  1.7664e-002  1.8200e-002  2.9000e-004  1.8200e-002  2.9000e-004
  8.4429e+000  8.3510e+000  0.0000e+000  1.6739e-002  1.6739e-002  1.7300e-002  2.8300e-004  1.7300e-002  2.8300e-004
  8.5420e+000  8.4502e+000  0.0000e+000  1.5859e-002  1.5859e-002  1.6200e-002  2.7400e-004  1.6200e-002  2.7400e-004
  8.6411e+000  8.5493e+000  0.0000e+000  1.5020e-002  1.5020e-002  1.5300e-002  2.6600e-004  1.5300e-002  2.6600e-004
  8.7403e+000  8.6484e+000  0.0000e+000  1.4223e-002  1.4223e-002  1.4500e-002  2.5900e-004  1.4500e-002  2.5900e-004
  8.8394e+000  8.7476e+000  0.0000e+000  1.3465e-002  1.3465e-002  1.4000e-002  2.5500e-004  1.4000e-002  2.5500e-004
  8.9385e+000  8.8467e+000  0.0000e+000  1.2744e-002  1.2744e-002  1.3200e-002  2.4700e-004  1.3200e-002  2.4700e-004
  9.0376e+000  8.9458e+000  0.0000e+000  1.2060e-002  1.2060e-002  1.2800e-002  2.4400e-004  1.2800e-002  2.4400e-004
  9.1368e+000  9.0449e+000  0.0000e+000  1.1410e-002  1.1410e-002  1.2300e-002  2.3900e-004  1.2300e-002  2.3900e-004
  9.2359e+000  9.1441e+000  0.0000e+000  1.0795e-002  1.0795e-002  1.1500e-002  2.3000e-004  1.1500e-002  2.3000e-004
  9.3350e+000  9.2432e+000  0.0000e+000  1.0211e-002  1.0211e-002  1.0200e-002  2.1700e-004  1.0200e-002  2.1700e-004
  9.4341e+000  9.3423e+000  0.0000e+000  9.6576e-003  9.6576e-003  1.0200e-002  2.1700e-004  1.0200e-002  2.1700e-004
  9.5333e+000  9.4414e+000  0.0000e+000  9.1337e-003  9.1337e-003  9.7000e-003  2.1200e-004  9.7000e-003  2.1200e-004
  9.6324e+000  9.5405e+000  0.0000e+000  8.6377e-003  8.6377e-003  9.2000e-003  2.0600e-004  9.2000e-003  2.0600e-004
  9.7315e+000  9.6396e+000  0.0000e+000  8.1682e-003  8.1682e-003  8.4400e-003  1.9800e-004  8.4400e-003  1.9800e-004
  9.8306e+000  9.7388e+000  0.0000e+000  7.7239e-003  7.7239e-003  7.8200e-003  1.9000e-004  7.8200e-003  1.9000e-004
  9.9297e+000  9.8379e+000  0.0000e+000  7.3035e-003  7.3035e-003  7.5500e-003  1.8700e-004  7.5500e-003  1.8700e-004
  1.0029e+001  9.9370e+000  0.0000e+000  6.9057e-003  6.9057e-003  7.2000e-003  1.8300e-004  7.2000e-003  1.8300e-004
  1.0128e+001  1.0036e+001  0.0000e+000  6.5292e-003  6.5292e-003  6.7300e-003  1.7700e-004  6.7300e-003  1.7700e-004
  1.0227e+001  1.0135e+001  0.0000e+000  6.1729e-003  6.1729e-003  6.5900e-003  1.7500e-004  6.5900e-003  1.7500e-004
  1.0326e+001  1.0234e+001  0.0000e+000  5.8355e-003  5.8355e-003  6.2000e-003  1.7000e-004  6.2000e-003  1.7000e-004
  1.0425e+001  1.0333e+001  0.0000e+000  5.5158e-003  5.5158e-003  5.5800e-003  1.6100e-004  5.5800e-003  1.6100e-004
  1.0524e+001  1.0433e+001  0.0000e+000  5.2128e-003  5.2128e-003  5.6700e-003  1.6200e-004  5.6700e-003  1.6200e-004
  1.0623e+001  1.0532e+001  0.0000e+000  4.9254e-003  4.9254e-003  5.0700e-003  1.5300e-004  5.0700e-003  1.5300e-004
  1.0723e+001  1.0631e+001  0.0000e+000  4.6526e-003  4.6526e-003  4.8000e-003  1.4900e-004  4.8000e-003  1.4900e-004
  1.0822e+001  1.0730e+001  0.0000e+000  4.3933e-003  4.3933e-003  4.2200e-003  1.4000e-004  4.2200e-003  1.4000e-004
  1.0921e+001  1.0829e+001  0.0000e+000  4.1468e-003  4.1468e-003  4.3800e-003  1.4200e-004  4.3800e-003  1.4200e-004
  1.1020e+001  1.0928e+001  0.0000e+000  3.9120e-003  3.9120e-003  3.9800e-003  1.3600e-004  3.9800e-003  1.3600e-004
  1.1119e+001  1.1027e+001  0.0000e+000  3.6883e-003  3.6883e-003  3.4200e-003  1.2600e-004  3.4200e-003  1.2600e-004
  1.1218e+001  1.1126e+001  0.0000e+000  3.4747e-003  3.4747e-003  3.4500e-003  1.2600e-004  3.4500e-003  1.2600e-004
  1.1317e+001  1.1225e+001  0.0000e+000  3.2707e-003  3.2707e-003  3.0700e-003  1.1900e-004  3.0700e-003  1.1900e-004
  1.1416e+001  1.1324e+001  0.0000e+000  3.0755e-003  3.0755e-003  2.8500e-003  1.1500e-004  2.8500e-003  1.1500e-004
  1.1515e+001  1.1424e+001  0.0000e+000  2.8886e-003  2.8886e-003  2.8400e-003  1.1500e-004  2.8400e-003  1.1500e-004
  1.1614e+001  1.1523e+001  0.0000e+000  2.7094e-003  2.7094e-003  2.6200e-003  1.1000e-004  2.6200e-003  1.1000e-004
  1.1714e+001  1.1622e+001  0.0000e+000  2.5375e-003  2.5375e-003  2.5500e-003  1.0900e-004  2.5500e-003  1.0900e-004
  1.1813e+001  1.1721e+001  0.0000e+000  2.3725e-003  2.3725e-003  1.9500e-003  9.5100e-005  1.9500e-003  9.5100e-005
  1.1912e+001  1.1820e+001  0.0000e+000  2.2139e-003  2.2139e-003  2.0100e-003  9.6500e-005  2.0100e-003  9.6500e-005
  1.2011e+001  1.1919e+001  0.0000e+000  2.0614e-003  2.0614e-003  2.0300e-003  9.7000e-005  2.0300e-003  9.7000e-005
  1.2110e+001  1.2018e+001  0.0000e+000  1.9149e-003  1.9149e-003  1.6900e-003  8.8500e-005  1.6900e-003  8.8500e-005
  1.2209e+001  1.2117e+001  0.0000e+000  1.7741e-003  1.7741e-003  1.5700e-003  8.5300e-005  1.5700e-003  8.5300e-005
  1.2308e+001  1.2216e+001  0.0000e+000  1.6388e-003  1.6388e-003  1.5800e-003  8.5500e-005  1.5800e-003  8.5500e-005
  1.2407e+001  1.2315e+001  0.0000e+000  1.5089e-003  1.5089e-003  1.2500e-003  7.6100e-005  1.2500e-003  7.6100e-005
  1.2506e+001  1.2414e+001  0.0000e+000  1.3844e-003  1.3844e-003  1.2200e-003  7.5100e-005  1.2200e-003  7.5100e-005
  1.2605e+001  1.2513e+001  0.0000e+000  1.2651e-003  1.2651e-003  1.2600e-003  7.6400e-005  1.2600e-003  7.6400e-005
  1.2704e+001  1.2612e+001  0.0000e+000  1.1512e-003  1.1512e-003  1.0000e-003  6.8200e-005  1.0000e-003  6.8200e-005
  1.2803e+001  1.2712e+001  0.0000e+000  1.0425e-003  1.0425e-003  9.2100e-004  6.5300e-005  9.2100e-004  6.5300e-005
  1.2902e+001  1.2811e+001  0.0000e+000  9.3929e-004  9.3929e-004  8.4300e-004  6.2500e-005  8.4300e-004  6.2500e-005
  1.3002e+001  1.2910e+001  0.0000e+000  8.4148e-004  8.4148e-004  9.2100e-004  6.5300e-005  9.2100e-004  6.5300e-005
  1.3101e+001  1.3009e+001  0.0000e+000  7.4920e-004  7.4920e-004  7.2700e-004  5.8000e-005  7.2700e-004  5.8000e-005
  1.3200e+001  1.3108e+001  0.0000e+000  6.6253e-004  6.6253e-004  6.0700e-004  5.3000e-005  6.0700e-004  5.3000e-005
  1.3299e+001  1.3207e+001  0.0000e+000  5.8157e-004  5.8157e-004  5.8800e-004  5.2200e-005  5.8800e-004  5.2200e-005
  1.3398e+001  1.3306e+001  0.0000e+000  5.0641e-004  5.0641e-004  5.8300e-004  5.2000e-005  5.8300e-004  5.2000e-005
  1.3497e+001  1.3405e+001  0.0000e+000  4.3713e-004  4.3713e-004  5.3700e-004  4.9900e-005  5.3700e-004  4.9900e-005
  1.3596e+001  1.3504e+001  0.0000e+000  3.7379e-004  3.7379e-004  4.1200e-004  4.3700e-005  4.1200e-004  4.3700e-005
  1.3695e+001  1.3603e+001  0.0000e+000  3.1642e-004  3.1642e-004  3.0600e-004  3.7600e-005  3.0600e-004  3.7600e-005
  1.3794e+001  1.3702e+001  0.0000e+000  2.6504e-004  2.6504e-004  3.0600e-004  3.7600e-005  3.0600e-004  3.7600e-005
  1.3893e+001  1.3801e+001  0.0000e+000  2.1961e-004  2.1961e-004  2.0800e-004  3.1100e-005  2.0800e-004  3.1100e-005
  1.3992e+001  1.3900e+001  0.0000e+000  1.8004e-004  1.8004e-004  2.0400e-004  3.0700e-005  2.0400e-004  3.0700e-005
  1.4091e+001  1.3999e+001  0.0000e+000  1.4622e-004  1.4622e-004  2.3200e-004  3.2700e-005  2.3200e-004  3.2700e-005
  1.4190e+001  1.4098e+001  0.0000e+000  1.1795e-004  1.1795e-004  1.8100e-004  2.8900e-005  1.8100e-004  2.8900e-005
  1.4289e+001  1.4198e+001  0.0000e+000  9.4969e-005  9.4969e-005  1.4800e-004  2.6200e-005  1.4800e-004  2.6200e-005
  1.4388e+001  1.4297e+001  0.0000e+000  7.6956e-005  7.6956e-005  1.4800e-004  2.6200e-005  1.4800e-004  2.6200e-005
  1.4487e+001  1.4396e+001  0.0000e+000  6.3506e-005  6.3506e-005  1.1600e-004  2.3200e-005  1.1600e-004  2.3200e-005
  1.4587e+001  1.4495e+001  0.0000e+000  5.4136e-005  5.4136e-005  7.4100e-005  1.8500e-005  7.4100e-005  1.8500e-005
  1.4686e+001  1.4594e+001  0.0000e+000  4.8284e-005  4.8284e-005  8.3300e-005  1.9600e-005  8.3300e-005  1.9600e-005
  1.4785e+001  1.4693e+001  0.0000e+000  4.5308e-005  4.5308e-005  6.0200e-005  1.6700e-005  6.0200e-005  1.6700e-005
  1.4884e+001  1.4792e+001  0.0000e+000  4.4494e-005  4.4494e-005  5.0900e-005  1.5400e-005  5.0900e-005  1.5400e-005
  1.4983e+001  1.4891e+001  0.0000e+000  4.5064e-005  4.5064e-005  4.1700e-005  1.3900e-005  4.1700e-005  1.3900e-005
  1.5082e+001  1.4990e+001  0.0000e+000  4.6202e-005  4.6202e-005  2.7800e-005  1.1300e-005  2.7800e-005  1.1300e-005
  1.5181e+001  1.5089e+001  0.0000e+000  4.7079e-005  4.7079e-005  1.3900e-005  8.0200e-006  1.3900e-005  8.0200e-006
  1.5280e+001  1.5188e+001  0.0000e+000  4.6903e-005  4.6903e-005  1.8500e-005  9.2600e-006  1.8500e-005  9.2600e-006


