  2.4096e-001  1.4912e-001  0.0000e+000  2.5325e-006  2.5325e-006  8.0700e-006  5.7100e-006  8.0700e-006  5.7100e-006
  3.3980e-001  2.4796e-001  0.0000e+000  2.0220e-005  2.0220e-005  4.4400e-005  1.3400e-005  4.4400e-005  1.3400e-005
  4.3866e-001  3.4682e-001  0.0000e+000  8.1079e-005  8.1079e-005  1.3700e-004  2.3500e-005  1.3700e-004  2.3500e-005
  5.3752e-001  4.4568e-001  0.0000e+000  2.2638e-004  2.2638e-004  3.2700e-004  3.6300e-005  3.2700e-004  3.6300e-005
  6.3636e-001  5.4452e-001  0.0000e+000  5.0784e-004  5.0784e-004  6.6200e-004  5.1700e-005  6.6200e-004  5.1700e-005
  7.3522e-001  6.4338e-001  0.0000e+000  9.8643e-004  9.8643e-004  1.2000e-003  6.9700e-005  1.2000e-003  6.9700e-005
  8.3408e-001  7.4224e-001  0.0000e+000  1.7322e-003  1.7322e-003  2.0200e-003  9.0200e-005  2.0200e-003  9.0200e-005
  9.3294e-001  8.4110e-001  0.0000e+000  2.8262e-003  2.8262e-003  3.2000e-003  1.1400e-004  3.2000e-003  1.1400e-004
  1.0318e+000  9.3996e-001  0.0000e+000  4.3632e-003  4.3632e-003  4.8400e-003  1.4000e-004  4.8400e-003  1.4000e-004
  1.1306e+000  1.0388e+000  0.0000e+000  6.4560e-003  6.4560e-003  7.0700e-003  1.6900e-004  7.0700e-003  1.6900e-004
  1.2295e+000  1.1377e+000  0.0000e+000  9.2428e-003  9.2428e-003  1.0100e-002  2.0100e-004  1.0100e-002  2.0100e-004
  1.3284e+000  1.2365e+000  0.0000e+000  1.2893e-002  1.2893e-002  1.4000e-002  2.3700e-004  1.4000e-002  2.3700e-004
  1.4272e+000  1.3354e+000  0.0000e+000  1.7619e-002  1.7619e-002  1.9100e-002  2.7700e-004  1.9100e-002  2.7700e-004
  1.5261e+000  1.4342e+000  0.0000e+000  2.3688e-002  2.3688e-002  2.5700e-002  3.2200e-004  2.5700e-002  3.2200e-004
  1.6249e+000  1.5331e+000  0.0000e+000  3.1439e-002  3.1439e-002  3.5800e-002  3.8000e-004  3.5800e-002  3.8000e-004
  1.7238e+000  1.6320e+000  0.0000e+000  4.1307e-002  4.1307e-002  4.6000e-002  4.3100e-004  4.6000e-002  4.3100e-004
  1.8227e+000  1.7308e+000  0.0000e+000  5.3832e-002  5.3832e-002  5.8800e-002  4.8700e-004  5.8800e-002  4.8700e-004
  1.9215e+000  1.8297e+000  0.0000e+000  6.9698e-002  6.9698e-002  7.6100e-002  5.5400e-004  7.6100e-002  5.5400e-004
  2.0204e+000  1.9286e+000  0.0000e+000  8.9734e-002  8.9734e-002  9.8100e-002  6.2900e-004  9.8100e-002  6.2900e-004
  2.1193e+000  2.0274e+000  0.0000e+000  1.1490e-001  1.1490e-001  1.2500e-001  7.1000e-004  1.2500e-001  7.1000e-004
  2.2181e+000  2.1263e+000  0.0000e+000  1.4621e-001  1.4621e-001  1.5900e-001  8.0200e-004  1.5900e-001  8.0200e-004
  2.3170e+000  2.2252e+000  0.0000e+000  1.8452e-001  1.8452e-001  2.0100e-001  9.0000e-004  2.0100e-001  9.0000e-004
  2.4159e+000  2.3240e+000  0.0000e+000  2.3011e-001  2.3011e-001  2.4400e-001  9.9200e-004  2.4400e-001  9.9200e-004
  2.5147e+000  2.4229e+000  0.0000e+000  2.8204e-001  2.8204e-001  2.9300e-001  1.0900e-003  2.9300e-001  1.0900e-003
  2.6136e+000  2.5218e+000  0.0000e+000  3.3735e-001  3.3735e-001  3.4300e-001  1.1800e-003  3.4300e-001  1.1800e-003
  2.7125e+000  2.6206e+000  0.0000e+000  3.9057e-001  3.9057e-001  3.8200e-001  1.2400e-003  3.8200e-001  1.2400e-003
  2.8113e+000  2.7195e+000  0.0000e+000  4.3449e-001  4.3449e-001  4.1300e-001  1.2900e-003  4.1300e-001  1.2900e-003
  2.9102e+000  2.8184e+000  0.0000e+000  4.6235e-001  4.6235e-001  4.3500e-001  1.3200e-003  4.3500e-001  1.3200e-003
  3.0091e+000  2.9172e+000  0.0000e+000  4.7071e-001  4.7071e-001  4.4100e-001  1.3300e-003  4.4100e-001  1.3300e-003
  3.1079e+000  3.0161e+000  0.0000e+000  4.6072e-001  4.6072e-001  4.3100e-001  1.3200e-003  4.3100e-001  1.3200e-003
  3.2068e+000  3.1150e+000  0.0000e+000  4.3698e-001  4.3698e-001  4.1500e-001  1.2900e-003  4.1500e-001  1.2900e-003
  3.3057e+000  3.2139e+000  0.0000e+000  4.0521e-001  4.0521e-001  3.9000e-001  1.2500e-003  3.9000e-001  1.2500e-003
  3.4046e+000  3.3127e+000  0.0000e+000  3.7033e-001  3.7033e-001  3.6000e-001  1.2100e-003  3.6000e-001  1.2100e-003
  3.5034e+000  3.4116e+000  0.0000e+000  3.3569e-001  3.3569e-001  3.3100e-001  1.1600e-003  3.3100e-001  1.1600e-003
  3.6023e+000  3.5105e+000  0.0000e+000  3.0323e-001  3.0323e-001  3.0000e-001  1.1000e-003  3.0000e-001  1.1000e-003
  3.7012e+000  3.6094e+000  0.0000e+000  2.7381e-001  2.7381e-001  2.7600e-001  1.0600e-003  2.7600e-001  1.0600e-003
  3.8001e+000  3.7082e+000  0.0000e+000  2.4765e-001  2.4765e-001  2.5200e-001  1.0100e-003  2.5200e-001  1.0100e-003
  3.8989e+000  3.8071e+000  0.0000e+000  2.2464e-001  2.2464e-001  2.3100e-001  9.6500e-004  2.3100e-001  9.6500e-004
  3.9978e+000  3.9060e+000  0.0000e+000  2.0448e-001  2.0448e-001  2.1000e-001  9.2200e-004  2.1000e-001  9.2200e-004
  4.0967e+000  4.0049e+000  0.0000e+000  1.8685e-001  1.8685e-001  1.9300e-001  8.8300e-004  1.9300e-001  8.8300e-004
  4.1956e+000  4.1037e+000  0.0000e+000  1.7142e-001  1.7142e-001  1.7800e-001  8.4700e-004  1.7800e-001  8.4700e-004
  4.2945e+000  4.2026e+000  0.0000e+000  1.5787e-001  1.5787e-001  1.6600e-001  8.1800e-004  1.6600e-001  8.1800e-004
  4.3933e+000  4.3015e+000  0.0000e+000  1.4594e-001  1.4594e-001  1.5300e-001  7.8500e-004  1.5300e-001  7.8500e-004
  4.4922e+000  4.4004e+000  0.0000e+000  1.3539e-001  1.3539e-001  1.4200e-001  7.5600e-004  1.4200e-001  7.5600e-004
  4.5911e+000  4.4993e+000  0.0000e+000  1.2603e-001  1.2603e-001  1.3400e-001  7.3500e-004  1.3400e-001  7.3500e-004
  4.6900e+000  4.5981e+000  0.0000e+000  1.1768e-001  1.1768e-001  1.2500e-001  7.1000e-004  1.2500e-001  7.1000e-004
  4.7889e+000  4.6970e+000  0.0000e+000  1.1020e-001  1.1020e-001  1.1500e-001  6.8200e-004  1.1500e-001  6.8200e-004
  4.8878e+000  4.7959e+000  0.0000e+000  1.0348e-001  1.0348e-001  1.0900e-001  6.6400e-004  1.0900e-001  6.6400e-004
  4.9866e+000  4.8948e+000  0.0000e+000  9.7403e-002  9.7403e-002  1.0300e-001  6.4400e-004  1.0300e-001  6.4400e-004
  5.0855e+000  4.9937e+000  0.0000e+000  9.1896e-002  9.1896e-002  9.6800e-002  6.2500e-004  9.6800e-002  6.2500e-004
  5.1844e+000  5.0926e+000  0.0000e+000  8.6884e-002  8.6884e-002  9.0700e-002  6.0500e-004  9.0700e-002  6.0500e-004
  5.2833e+000  5.1915e+000  0.0000e+000  8.2303e-002  8.2303e-002  8.6100e-002  5.9000e-004  8.6100e-002  5.9000e-004
  5.3822e+000  5.2903e+000  0.0000e+000  7.8103e-002  7.8103e-002  8.2600e-002  5.7700e-004  8.2600e-002  5.7700e-004
  5.4811e+000  5.3892e+000  0.0000e+000  7.4237e-002  7.4237e-002  7.7800e-002  5.6000e-004  7.7800e-002  5.6000e-004
  5.5800e+000  5.4881e+000  0.0000e+000  7.0666e-002  7.0666e-002  7.3000e-002  5.4300e-004  7.3000e-002  5.4300e-004
  5.6788e+000  5.5870e+000  0.0000e+000  6.7359e-002  6.7359e-002  6.8800e-002  5.2700e-004  6.8800e-002  5.2700e-004
  5.7777e+000  5.6859e+000  0.0000e+000  6.4284e-002  6.4284e-002  6.6500e-002  5.1800e-004  6.6500e-002  5.1800e-004
  5.8766e+000  5.7848e+000  0.0000e+000  6.1420e-002  6.1420e-002  6.4700e-002  5.1100e-004  6.4700e-002  5.1100e-004
  5.9755e+000  5.8837e+000  0.0000e+000  5.8741e-002  5.8741e-002  6.1300e-002  4.9700e-004  6.1300e-002  4.9700e-004
  6.0744e+000  5.9826e+000  0.0000e+000  5.6231e-002  5.6231e-002  5.8200e-002  4.8500e-004  5.8200e-002  4.8500e-004
  6.1733e+000  6.0815e+000  0.0000e+000  5.3872e-002  5.3872e-002  5.4900e-002  4.7100e-004  5.4900e-002  4.7100e-004
  6.2722e+000  6.1804e+000  0.0000e+000  5.1650e-002  5.1650e-002  5.2700e-002  4.6100e-004  5.2700e-002  4.6100e-004
  6.3711e+000  6.2792e+000  0.0000e+000  4.9552e-002  4.9552e-002  5.0100e-002  4.5000e-004  5.0100e-002  4.5000e-004
  6.4700e+000  6.3781e+000  0.0000e+000  4.7566e-002  4.7566e-002  4.7800e-002  4.3900e-004  4.7800e-002  4.3900e-004
  6.5689e+000  6.4770e+000  0.0000e+000  4.5683e-002  4.5683e-002  4.6000e-002  4.3100e-004  4.6000e-002  4.3100e-004
  6.6678e+000  6.5759e+000  0.0000e+000  4.3893e-002  4.3893e-002  4.4300e-002  4.2300e-004  4.4300e-002  4.2300e-004
  6.7667e+000  6.6748e+000  0.0000e+000  4.2190e-002  4.2190e-002  4.2100e-002  4.1200e-004  4.2100e-002  4.1200e-004
  6.8656e+000  6.7737e+000  0.0000e+000  4.0565e-002  4.0565e-002  4.0700e-002  4.0500e-004  4.0700e-002  4.0500e-004
  6.9645e+000  6.8726e+000  0.0000e+000  3.9013e-002  3.9013e-002  3.8500e-002  3.9400e-004  3.8500e-002  3.9400e-004
  7.0634e+000  6.9715e+000  0.0000e+000  3.7528e-002  3.7528e-002  3.7400e-002  3.8800e-004  3.7400e-002  3.8800e-004
  7.1623e+000  7.0704e+000  0.0000e+000  3.6105e-002  3.6105e-002  3.6000e-002  3.8100e-004  3.6000e-002  3.8100e-004
  7.2612e+000  7.1693e+000  0.0000e+000  3.4740e-002  3.4740e-002  3.4100e-002  3.7100e-004  3.4100e-002  3.7100e-004
  7.3601e+000  7.2682e+000  0.0000e+000  3.3428e-002  3.3428e-002  3.2800e-002  3.6400e-004  3.2800e-002  3.6400e-004
  7.4590e+000  7.3671e+000  0.0000e+000  3.2167e-002  3.2167e-002  3.1500e-002  3.5600e-004  3.1500e-002  3.5600e-004
  7.5579e+000  7.4660e+000  0.0000e+000  3.0952e-002  3.0952e-002  3.0100e-002  3.4800e-004  3.0100e-002  3.4800e-004
  7.6568e+000  7.5649e+000  0.0000e+000  2.9782e-002  2.9782e-002  2.9200e-002  3.4300e-004  2.9200e-002  3.4300e-004
  7.7557e+000  7.6638e+000  0.0000e+000  2.8653e-002  2.8653e-002  2.8000e-002  3.3600e-004  2.8000e-002  3.3600e-004
  7.8546e+000  7.7627e+000  0.0000e+000  2.7563e-002  2.7563e-002  2.6000e-002  3.2400e-004  2.6000e-002  3.2400e-004
  7.9535e+000  7.8616e+000  0.0000e+000  2.6511e-002  2.6511e-002  2.4900e-002  3.1700e-004  2.4900e-002  3.1700e-004
  8.0524e+000  7.9605e+000  0.0000e+000  2.5493e-002  2.5493e-002  2.4400e-002  3.1400e-004  2.4400e-002  3.1400e-004
  8.1513e+000  8.0595e+000  0.0000e+000  2.4509e-002  2.4509e-002  2.3800e-002  3.1000e-004  2.3800e-002  3.1000e-004
  8.2502e+000  8.1584e+000  0.0000e+000  2.3557e-002  2.3557e-002  2.2100e-002  2.9800e-004  2.2100e-002  2.9800e-004
  8.3491e+000  8.2573e+000  0.0000e+000  2.2635e-002  2.2635e-002  2.1500e-002  2.9500e-004  2.1500e-002  2.9500e-004
  8.4480e+000  8.3562e+000  0.0000e+000  2.1742e-002  2.1742e-002  2.0100e-002  2.8500e-004  2.0100e-002  2.8500e-004
  8.5469e+000  8.4551e+000  0.0000e+000  2.0878e-002  2.0878e-002  1.9900e-002  2.8300e-004  1.9900e-002  2.8300e-004
  8.6458e+000  8.5540e+000  0.0000e+000  2.0040e-002  2.0040e-002  1.8400e-002  2.7200e-004  1.8400e-002  2.7200e-004
  8.7447e+000  8.6529e+000  0.0000e+000  1.9229e-002  1.9229e-002  1.8000e-002  2.7000e-004  1.8000e-002  2.7000e-004
  8.8437e+000  8.7518e+000  0.0000e+000  1.8442e-002  1.8442e-002  1.7000e-002  2.6200e-004  1.7000e-002  2.6200e-004
  8.9426e+000  8.8507e+000  0.0000e+000  1.7680e-002  1.7680e-002  1.6600e-002  2.5900e-004  1.6600e-002  2.5900e-004
  9.0415e+000  8.9496e+000  0.0000e+000  1.6942e-002  1.6942e-002  1.5900e-002  2.5300e-004  1.5900e-002  2.5300e-004
  9.1404e+000  9.0486e+000  0.0000e+000  1.6226e-002  1.6226e-002  1.5000e-002  2.4600e-004  1.5000e-002  2.4600e-004
  9.2393e+000  9.1475e+000  0.0000e+000  1.5533e-002  1.5533e-002  1.4700e-002  2.4300e-004  1.4700e-002  2.4300e-004
  9.3382e+000  9.2464e+000  0.0000e+000  1.4861e-002  1.4861e-002  1.3700e-002  2.3500e-004  1.3700e-002  2.3500e-004
  9.4371e+000  9.3453e+000  0.0000e+000  1.4210e-002  1.4210e-002  1.3200e-002  2.3100e-004  1.3200e-002  2.3100e-004
  9.5360e+000  9.4442e+000  0.0000e+000  1.3581e-002  1.3581e-002  1.2500e-002  2.2400e-004  1.2500e-002  2.2400e-004
  9.6350e+000  9.5431e+000  0.0000e+000  1.2971e-002  1.2971e-002  1.2100e-002  2.2100e-004  1.2100e-002  2.2100e-004
  9.7339e+000  9.6420e+000  0.0000e+000  1.2380e-002  1.2380e-002  1.1200e-002  2.1200e-004  1.1200e-002  2.1200e-004
  9.8328e+000  9.7410e+000  0.0000e+000  1.1809e-002  1.1809e-002  1.0800e-002  2.0900e-004  1.0800e-002  2.0900e-004
  9.9317e+000  9.8399e+000  0.0000e+000  1.1257e-002  1.1257e-002  1.0500e-002  2.0600e-004  1.0500e-002  2.0600e-004
  1.0031e+001  9.9388e+000  0.0000e+000  1.0723e-002  1.0723e-002  1.0300e-002  2.0400e-004  1.0300e-002  2.0400e-004
  1.0130e+001  1.0038e+001  0.0000e+000  1.0208e-002  1.0208e-002  9.2900e-003  1.9400e-004  9.2900e-003  1.9400e-004
  1.0228e+001  1.0137e+001  0.0000e+000  9.7096e-003  9.7096e-003  8.8900e-003  1.8900e-004  8.8900e-003  1.8900e-004
  1.0327e+001  1.0236e+001  0.0000e+000  9.2289e-003  9.2289e-003  8.7800e-003  1.8800e-004  8.7800e-003  1.8800e-004
  1.0426e+001  1.0334e+001  0.0000e+000  8.7651e-003  8.7651e-003  8.4400e-003  1.8500e-004  8.4400e-003  1.8500e-004
  1.0525e+001  1.0433e+001  0.0000e+000  8.3181e-003  8.3181e-003  7.9000e-003  1.7900e-004  7.9000e-003  1.7900e-004
  1.0624e+001  1.0532e+001  0.0000e+000  7.8873e-003  7.8873e-003  6.9400e-003  1.6700e-004  6.9400e-003  1.6700e-004
  1.0723e+001  1.0631e+001  0.0000e+000  7.4725e-003  7.4725e-003  6.8100e-003  1.6600e-004  6.8100e-003  1.6600e-004
  1.0822e+001  1.0730e+001  0.0000e+000  7.0733e-003  7.0733e-003  7.0100e-003  1.6800e-004  7.0100e-003  1.6800e-004
  1.0921e+001  1.0829e+001  0.0000e+000  6.6895e-003  6.6895e-003  6.6900e-003  1.6400e-004  6.6900e-003  1.6400e-004
  1.1020e+001  1.0928e+001  0.0000e+000  6.3207e-003  6.3207e-003  6.0800e-003  1.5700e-004  6.0800e-003  1.5700e-004
  1.1119e+001  1.1027e+001  0.0000e+000  5.9666e-003  5.9666e-003  5.7300e-003  1.5200e-004  5.7300e-003  1.5200e-004
  1.1218e+001  1.1126e+001  0.0000e+000  5.6269e-003  5.6269e-003  5.4700e-003  1.4900e-004  5.4700e-003  1.4900e-004
  1.1317e+001  1.1225e+001  0.0000e+000  5.3012e-003  5.3012e-003  5.1000e-003  1.4300e-004  5.1000e-003  1.4300e-004
  1.1416e+001  1.1324e+001  0.0000e+000  4.9893e-003  4.9893e-003  5.1200e-003  1.4400e-004  5.1200e-003  1.4400e-004
  1.1515e+001  1.1423e+001  0.0000e+000  4.6908e-003  4.6908e-003  4.5300e-003  1.3500e-004  4.5300e-003  1.3500e-004
  1.1613e+001  1.1522e+001  0.0000e+000  4.4053e-003  4.4053e-003  4.5300e-003  1.3500e-004  4.5300e-003  1.3500e-004
  1.1712e+001  1.1621e+001  0.0000e+000  4.1327e-003  4.1327e-003  4.3500e-003  1.3200e-004  4.3500e-003  1.3200e-004
  1.1811e+001  1.1719e+001  0.0000e+000  3.8725e-003  3.8725e-003  3.8000e-003  1.2400e-004  3.8000e-003  1.2400e-004
  1.1910e+001  1.1818e+001  0.0000e+000  3.6244e-003  3.6244e-003  3.8700e-003  1.2500e-004  3.8700e-003  1.2500e-004
  1.2009e+001  1.1917e+001  0.0000e+000  3.3881e-003  3.3881e-003  3.4500e-003  1.1800e-004  3.4500e-003  1.1800e-004
  1.2108e+001  1.2016e+001  0.0000e+000  3.1633e-003  3.1633e-003  3.2300e-003  1.1400e-004  3.2300e-003  1.1400e-004
  1.2207e+001  1.2115e+001  0.0000e+000  2.9497e-003  2.9497e-003  3.0300e-003  1.1100e-004  3.0300e-003  1.1100e-004
  1.2306e+001  1.2214e+001  0.0000e+000  2.7468e-003  2.7468e-003  2.7600e-003  1.0500e-004  2.7600e-003  1.0500e-004
  1.2405e+001  1.2313e+001  0.0000e+000  2.5545e-003  2.5545e-003  2.6500e-003  1.0300e-004  2.6500e-003  1.0300e-004
  1.2504e+001  1.2412e+001  0.0000e+000  2.3723e-003  2.3723e-003  2.4600e-003  9.9600e-005  2.4600e-003  9.9600e-005
  1.2603e+001  1.2511e+001  0.0000e+000  2.2000e-003  2.2000e-003  2.3800e-003  9.8000e-005  2.3800e-003  9.8000e-005
  1.2702e+001  1.2610e+001  0.0000e+000  2.0371e-003  2.0371e-003  2.3300e-003  9.6900e-005  2.3300e-003  9.6900e-005
  1.2801e+001  1.2709e+001  0.0000e+000  1.8835e-003  1.8835e-003  2.1600e-003  9.3300e-005  2.1600e-003  9.3300e-005
  1.2900e+001  1.2808e+001  0.0000e+000  1.7387e-003  1.7387e-003  1.8900e-003  8.7400e-005  1.8900e-003  8.7400e-005
  1.2999e+001  1.2907e+001  0.0000e+000  1.6024e-003  1.6024e-003  1.8000e-003  8.5200e-005  1.8000e-003  8.5200e-005
  1.3097e+001  1.3006e+001  0.0000e+000  1.4744e-003  1.4744e-003  1.7400e-003  8.3700e-005  1.7400e-003  8.3700e-005
  1.3196e+001  1.3105e+001  0.0000e+000  1.3543e-003  1.3543e-003  1.6300e-003  8.1200e-005  1.6300e-003  8.1200e-005
  1.3295e+001  1.3204e+001  0.0000e+000  1.2417e-003  1.2417e-003  1.4400e-003  7.6200e-005  1.4400e-003  7.6200e-005
  1.3394e+001  1.3302e+001  0.0000e+000  1.1364e-003  1.1364e-003  1.3600e-003  7.4100e-005  1.3600e-003  7.4100e-005
  1.3493e+001  1.3401e+001  0.0000e+000  1.0381e-003  1.0381e-003  1.2300e-003  7.0500e-005  1.2300e-003  7.0500e-005
  1.3592e+001  1.3500e+001  0.0000e+000  9.4638e-004  9.4638e-004  1.2000e-003  6.9500e-005  1.2000e-003  6.9500e-005
  1.3691e+001  1.3599e+001  0.0000e+000  8.6105e-004  8.6105e-004  1.0800e-003  6.6100e-005  1.0800e-003  6.6100e-005
  1.3790e+001  1.3698e+001  0.0000e+000  7.8177e-004  7.8177e-004  9.9300e-004  6.3300e-005  9.9300e-004  6.3300e-005
  1.3889e+001  1.3797e+001  0.0000e+000  7.0826e-004  7.0826e-004  1.0400e-003  6.4800e-005  1.0400e-003  6.4800e-005
  1.3988e+001  1.3896e+001  0.0000e+000  6.4022e-004  6.4022e-004  8.9600e-004  6.0100e-005  8.9600e-004  6.0100e-005
  1.4087e+001  1.3995e+001  0.0000e+000  5.7738e-004  5.7738e-004  8.6800e-004  5.9200e-005  8.6800e-004  5.9200e-005
  1.4186e+001  1.4094e+001  0.0000e+000  5.1946e-004  5.1946e-004  6.9800e-004  5.3100e-005  6.9800e-004  5.3100e-005
  1.4285e+001  1.4193e+001  0.0000e+000  4.6621e-004  4.6621e-004  7.3400e-004  5.4400e-005  7.3400e-004  5.4400e-005
  1.4384e+001  1.4292e+001  0.0000e+000  4.1735e-004  4.1735e-004  5.9700e-004  4.9100e-005  5.9700e-004  4.9100e-005
  1.4483e+001  1.4391e+001  0.0000e+000  3.7262e-004  3.7262e-004  5.4900e-004  4.7100e-005  5.4900e-004  4.7100e-005
  1.4582e+001  1.4490e+001  0.0000e+000  3.3179e-004  3.3179e-004  4.6800e-004  4.3500e-005  4.6800e-004  4.3500e-005
  1.4681e+001  1.4589e+001  0.0000e+000  2.9461e-004  2.9461e-004  4.3200e-004  4.1700e-005  4.3200e-004  4.1700e-005
  1.4780e+001  1.4688e+001  0.0000e+000  2.6085e-004  2.6085e-004  5.0400e-004  4.5100e-005  5.0400e-004  4.5100e-005
  1.4879e+001  1.4787e+001  0.0000e+000  2.3030e-004  2.3030e-004  3.5100e-004  3.7600e-005  3.5100e-004  3.7600e-005
  1.4977e+001  1.4886e+001  0.0000e+000  2.0272e-004  2.0272e-004  4.0800e-004  4.0600e-005  4.0800e-004  4.0600e-005
  1.5076e+001  1.4985e+001  0.0000e+000  1.7792e-004  1.7792e-004  3.2700e-004  3.6300e-005  3.2700e-004  3.6300e-005
  1.5175e+001  1.5084e+001  0.0000e+000  1.5570e-004  1.5570e-004  3.1500e-004  3.5600e-005  3.1500e-004  3.5600e-005
  1.5274e+001  1.5182e+001  0.0000e+000  1.3586e-004  1.3586e-004  2.7400e-004  3.3300e-005  2.7400e-004  3.3300e-005
  1.5373e+001  1.5281e+001  0.0000e+000  1.1823e-004  1.1823e-004  1.9400e-004  2.8000e-005  1.9400e-004  2.8000e-005
  1.5472e+001  1.5380e+001  0.0000e+000  1.0264e-004  1.0264e-004  2.5800e-004  3.2300e-005  2.5800e-004  3.2300e-005
  1.5571e+001  1.5479e+001  0.0000e+000  8.8936e-005  8.8936e-005  1.9800e-004  2.8200e-005  1.9800e-004  2.8200e-005
  1.5670e+001  1.5578e+001  0.0000e+000  7.6960e-005  7.6960e-005  1.3700e-004  2.3500e-005  1.3700e-004  2.3500e-005
  1.5769e+001  1.5677e+001  0.0000e+000  6.6585e-005  6.6585e-005  1.5300e-004  2.4900e-005  1.5300e-004  2.4900e-005
  1.5868e+001  1.5776e+001  0.0000e+000  5.7695e-005  5.7695e-005  1.1300e-004  2.1400e-005  1.1300e-004  2.1400e-005
  1.5967e+001  1.5875e+001  0.0000e+000  5.0198e-005  5.0198e-005  7.2600e-005  1.7100e-005  7.2600e-005  1.7100e-005
  1.6066e+001  1.5974e+001  0.0000e+000  4.4036e-005  4.4036e-005  6.8600e-005  1.6600e-005  6.8600e-005  1.6600e-005
  1.6165e+001  1.6073e+001  0.0000e+000  3.9209e-005  3.9209e-005  4.0400e-005  1.2800e-005  4.0400e-005  1.2800e-005
  1.6264e+001  1.6172e+001  0.0000e+000  3.5830e-005  3.5830e-005  8.0700e-005  1.8000e-005  8.0700e-005  1.8000e-005
  1.6363e+001  1.6271e+001  0.0000e+000  3.4275e-005  3.4275e-005  5.6500e-005  1.5100e-005  5.6500e-005  1.5100e-005
  1.6462e+001  1.6370e+001  0.0000e+000  3.5665e-005  3.5665e-005  8.0700e-005  1.8000e-005  8.0700e-005  1.8000e-005
  1.6561e+001  1.6469e+001  0.0000e+000  4.4071e-005  4.4071e-005  6.4600e-005  1.6100e-005  6.4600e-005  1.6100e-005
  1.6660e+001  1.6568e+001  0.0000e+000  8.5215e-005  8.5215e-005  6.0500e-005  1.5600e-005  6.0500e-005  1.5600e-005
  1.6759e+001  1.6667e+001  0.0000e+000  1.7226e-004  1.7226e-004  1.2500e-004  2.2500e-005  1.2500e-004  2.2500e-005
  1.6858e+001  1.6766e+001  0.0000e+000  7.1569e-010  7.1569e-010  2.8200e-005  1.0700e-005  2.8200e-005  1.0700e-005
  1.6957e+001  1.6865e+001  0.0000e+000  2.5353e-005  2.5353e-005  8.0700e-006  5.7100e-006  8.0700e-006  5.7100e-006


