  1.3996e+000  2.9857e+000  5.4769e+001  3.6547e-001  4.1156e+001  3.7633e-001  1.1292e-002  4.2378e+001  1.2716e+000
  1.4254e+000  3.0115e+000  5.4769e+001  3.5859e-001  3.9518e+001  3.6653e-001  1.0986e-002  4.0392e+001  1.2106e+000
  1.4524e+000  3.0385e+000  5.4769e+001  3.5179e-001  3.7928e+001  3.6204e-001  1.0863e-002  3.9033e+001  1.1712e+000
  1.4795e+000  3.0656e+000  5.4769e+001  3.4537e-001  3.6458e+001  3.5571e-001  1.0679e-002  3.7549e+001  1.1273e+000
  1.5079e+000  3.0940e+000  5.4769e+001  3.3903e-001  3.5033e+001  3.4223e-001  1.0271e-002  3.5364e+001  1.0613e+000
  1.5324e+000  3.1185e+000  5.4769e+001  3.3385e-001  3.3889e+001  3.3692e-001  1.0108e-002  3.4201e+001  1.0260e+000
  1.5607e+000  3.1468e+000  5.4769e+001  3.2817e-001  3.2655e+001  3.3508e-001  1.0046e-002  3.3343e+001  9.9967e-001
  1.5878e+000  3.1739e+000  5.4769e+001  3.2303e-001  3.1558e+001  3.3059e-001  9.9238e-003  3.2297e+001  9.6950e-001
  1.5891e+000  3.1752e+000  5.4769e+001  3.2279e-001  3.1508e+001  3.2018e-001  9.6175e-003  3.1253e+001  9.3877e-001
  1.6162e+000  3.2023e+000  5.4769e+001  3.1794e-001  3.0488e+001  3.1793e-001  9.5359e-003  3.0488e+001  9.1443e-001
  1.6725e+000  3.2586e+000  5.4769e+001  3.0860e-001  2.8573e+001  3.1405e-001  9.4133e-003  2.9078e+001  8.7158e-001
  1.6982e+000  3.2843e+000  5.4769e+001  3.0464e-001  2.7778e+001  3.0404e-001  9.1275e-003  2.7724e+001  8.3229e-001
  1.7820e+000  3.3681e+000  5.4769e+001  2.9294e-001  2.5495e+001  2.9486e-001  8.8416e-003  2.5662e+001  7.6950e-001
  1.8091e+000  3.3952e+000  5.4769e+001  2.8950e-001  2.4842e+001  2.9159e-001  8.7395e-003  2.5021e+001  7.4994e-001
  1.8091e+000  3.3952e+000  5.4769e+001  2.8950e-001  2.4842e+001  2.8669e-001  8.5966e-003  2.4601e+001  7.3768e-001
  1.8362e+000  3.4223e+000  5.4769e+001  2.8621e-001  2.4226e+001  2.8567e-001  8.5761e-003  2.4180e+001  7.2591e-001
  1.8645e+000  3.4506e+000  5.4769e+001  2.8292e-001  2.3616e+001  2.8791e-001  8.6374e-003  2.4033e+001  7.2099e-001
  1.8658e+000  3.4519e+000  5.4769e+001  2.8278e-001  2.3590e+001  2.8138e-001  8.4332e-003  2.3473e+001  7.0351e-001
  1.8968e+000  3.4829e+000  5.4769e+001  2.7936e-001  2.2965e+001  2.7627e-001  8.2903e-003  2.2711e+001  6.8151e-001
  1.9234e+000  3.5095e+000  5.4769e+001  2.7654e-001  2.2456e+001  2.7668e-001  8.3107e-003  2.2468e+001  6.7487e-001
  1.9543e+000  3.5404e+000  5.4769e+001  2.7341e-001  2.1898e+001  2.7689e-001  8.3107e-003  2.2177e+001  6.6563e-001
  1.9840e+000  3.5701e+000  5.4769e+001  2.7054e-001  2.1393e+001  2.7015e-001  8.1065e-003  2.1362e+001  6.4102e-001
  2.0124e+000  3.5985e+000  5.4769e+001  2.6791e-001  2.0935e+001  2.6341e-001  7.9023e-003  2.0583e+001  6.1750e-001
  2.0433e+000  3.6294e+000  5.4769e+001  2.6516e-001  2.0462e+001  2.6382e-001  7.9227e-003  2.0358e+001  6.1138e-001
  2.0639e+000  3.6500e+000  5.4769e+001  2.6339e-001  2.0160e+001  2.6504e-001  7.9636e-003  2.0287e+001  6.0954e-001
  2.0962e+000  3.6823e+000  5.4769e+001  2.6073e-001  1.9711e+001  2.6341e-001  7.9023e-003  1.9914e+001  5.9741e-001
  2.1258e+000  3.7119e+000  5.4769e+001  2.5838e-001  1.9319e+001  2.5749e-001  7.7185e-003  1.9252e+001  5.7710e-001
  2.1555e+000  3.7416e+000  5.4769e+001  2.5612e-001  1.8946e+001  2.5402e-001  7.6164e-003  1.8790e+001  5.6340e-001
  2.1873e+000  3.7734e+000  5.4769e+001  2.5380e-001  1.8566e+001  2.5279e-001  7.5756e-003  1.8492e+001  5.5416e-001
  2.2182e+000  3.8043e+000  5.4769e+001  2.5163e-001  1.8214e+001  2.4993e-001  7.4939e-003  1.8092e+001  5.4245e-001
  2.2491e+000  3.8352e+000  5.4769e+001  2.4955e-001  1.7880e+001  2.5034e-001  7.5143e-003  1.7937e+001  5.3841e-001
  2.2801e+000  3.8662e+000  5.4769e+001  2.4754e-001  1.7562e+001  2.4810e-001  7.4531e-003  1.7601e+001  5.2876e-001
  2.3187e+000  3.9048e+000  5.4769e+001  2.4515e-001  1.7185e+001  2.4687e-001  7.4122e-003  1.7306e+001  5.1960e-001
  2.3445e+000  3.9306e+000  5.4769e+001  2.4361e-001  1.6946e+001  2.4503e-001  7.3510e-003  1.7045e+001  5.1134e-001
  2.3768e+000  3.9629e+000  5.4769e+001  2.4176e-001  1.6659e+001  2.4238e-001  7.2693e-003  1.6702e+001  5.0092e-001
  2.4086e+000  3.9947e+000  5.4769e+001  2.4000e-001  1.6390e+001  2.4013e-001  7.2080e-003  1.6399e+001  4.9224e-001
  2.4421e+000  4.0282e+000  5.4769e+001  2.3822e-001  1.6119e+001  2.4115e-001  7.2285e-003  1.6318e+001  4.8911e-001
  2.4730e+000  4.0591e+000  5.4769e+001  2.3664e-001  1.5880e+001  2.3932e-001  7.1876e-003  1.6060e+001  4.8235e-001
  2.5065e+000  4.0926e+000  5.4769e+001  2.3498e-001  1.5633e+001  2.3605e-001  7.0855e-003  1.5704e+001  4.7139e-001
  2.5375e+000  4.1236e+000  5.4769e+001  2.3349e-001  1.5413e+001  2.3441e-001  7.0243e-003  1.5474e+001  4.6369e-001
  2.5710e+000  4.1571e+000  5.4769e+001  2.3191e-001  1.5184e+001  2.3482e-001  7.0447e-003  1.5375e+001  4.6125e-001
  2.6028e+000  4.1889e+000  5.4769e+001  2.3042e-001  1.4973e+001  2.3258e-001  6.9834e-003  1.5113e+001  4.5380e-001
  2.6376e+000  4.2237e+000  5.4769e+001  2.2876e-001  1.4747e+001  2.3176e-001  6.9426e-003  1.4940e+001  4.4754e-001
  2.6698e+000  4.2559e+000  5.4769e+001  2.2714e-001  1.4537e+001  2.3319e-001  7.0039e-003  1.4924e+001  4.4825e-001
  2.6531e+000  4.2392e+000  5.4769e+001  2.2800e-001  1.4646e+001  2.3258e-001  6.9834e-003  1.4941e+001  4.4861e-001
  2.7046e+000  4.2907e+000  5.4769e+001  2.2517e-001  1.4302e+001  2.2951e-001  6.8813e-003  1.4578e+001  4.3709e-001
  2.7046e+000  4.2907e+000  5.4769e+001  2.2517e-001  1.4302e+001  2.3319e-001  7.0039e-003  1.4812e+001  4.4488e-001
  2.7360e+000  4.3221e+000  5.4769e+001  2.2300e-001  1.4071e+001  2.2870e-001  6.8609e-003  1.4431e+001  4.3292e-001
  2.7699e+000  4.3560e+000  5.4769e+001  2.1985e-001  1.3776e+001  2.2359e-001  6.7180e-003  1.4011e+001  4.2096e-001
  2.8039e+000  4.3900e+000  5.4769e+001  2.1502e-001  1.3383e+001  2.1992e-001  6.5955e-003  1.3688e+001  4.1050e-001
  2.8396e+000  4.4257e+000  5.4769e+001  2.0615e-001  1.2743e+001  2.0909e-001  6.2688e-003  1.2925e+001  3.8749e-001
  2.8533e+000  4.4394e+000  5.4769e+001  2.0086e-001  1.2384e+001  2.0395e-001  6.1258e-003  1.2574e+001  3.7767e-001
  2.8615e+000  4.4476e+000  5.4769e+001  1.9698e-001  1.2126e+001  2.0087e-001  6.0237e-003  1.2365e+001  3.7081e-001
  2.8649e+000  4.4510e+000  5.4769e+001  1.9515e-001  1.2005e+001  1.9819e-001  5.9420e-003  1.2192e+001  3.6555e-001
  2.8735e+000  4.4596e+000  5.4769e+001  1.8997e-001  1.1668e+001  1.9335e-001  5.7991e-003  1.1876e+001  3.5619e-001
  2.8778e+000  4.4639e+000  5.4769e+001  1.8703e-001  1.1478e+001  1.8996e-001  5.6970e-003  1.1658e+001  3.4964e-001
  2.8830e+000  4.4691e+000  5.4769e+001  1.8314e-001  1.1229e+001  1.8637e-001  5.5949e-003  1.1427e+001  3.4305e-001
  2.9070e+000  4.4931e+000  5.4769e+001  1.5883e-001  9.6959e+000  1.5778e-001  4.7373e-003  9.6320e+000  2.8920e-001
  2.9216e+000  4.5077e+000  5.4769e+001  1.3824e-001  8.4171e+000  1.4245e-001  4.2677e-003  8.6732e+000  2.5985e-001
  2.9277e+000  4.5138e+000  5.4769e+001  1.2850e-001  7.8155e+000  1.2948e-001  3.8797e-003  7.8753e+000  2.3597e-001
  2.9315e+000  4.5176e+000  5.4769e+001  1.2191e-001  7.4098e+000  1.2425e-001  3.7367e-003  7.5522e+000  2.2713e-001
  2.9354e+000  4.5215e+000  5.4769e+001  1.1512e-001  6.9926e+000  1.1827e-001  3.5530e-003  7.1837e+000  2.1581e-001
  2.9423e+000  4.5284e+000  5.4769e+001  1.0277e-001  6.2349e+000  1.0336e-001  3.2875e-003  6.2707e+000  1.9944e-001
  2.9530e+000  4.5391e+000  5.4769e+001  8.3751e-002  5.0715e+000  8.5639e-002  3.7367e-003  5.1858e+000  2.2628e-001
  2.9672e+000  4.5533e+000  5.4769e+001  6.2584e-002  3.7805e+000  6.8099e-002  3.7367e-003  4.1136e+000  2.2572e-001
  2.9758e+000  4.5619e+000  5.4769e+001  5.3844e-002  3.2478e+000  5.5296e-002  2.2870e-003  3.3354e+000  1.3795e-001
  2.9852e+000  4.5713e+000  5.4769e+001  4.8729e-002  2.9346e+000  5.2396e-002  2.6954e-003  3.1554e+000  1.6232e-001
  2.9934e+000  4.5795e+000  5.4769e+001  4.8092e-002  2.8922e+000  5.3233e-002  2.8996e-003  3.2014e+000  1.7438e-001
  2.9998e+000  4.5859e+000  5.4769e+001  4.9766e-002  2.9897e+000  5.2212e-002  3.3079e-003  3.1367e+000  1.9873e-001
  3.0071e+000  4.5932e+000  5.4769e+001  5.3528e-002  3.2118e+000  5.8624e-002  2.6954e-003  3.5176e+000  1.6173e-001
  3.0136e+000  4.5997e+000  5.4769e+001  5.8076e-002  3.4810e+000  6.1952e-002  2.4912e-003  3.7134e+000  1.4932e-001
  3.0200e+000  4.6061e+000  5.4769e+001  6.3402e-002  3.7963e+000  7.0855e-002  3.1037e-003  4.2425e+000  1.8584e-001
  3.0312e+000  4.6173e+000  5.4769e+001  7.3589e-002  4.3982e+000  7.6042e-002  2.8996e-003  4.5448e+000  1.7330e-001
  3.0377e+000  4.6238e+000  5.4769e+001  7.9623e-002  4.7539e+000  8.2474e-002  3.1037e-003  4.9241e+000  1.8531e-001
  3.0531e+000  4.6392e+000  5.4769e+001  9.3538e-002  5.5709e+000  9.6767e-002  3.1037e-003  5.7632e+000  1.8485e-001
  3.0768e+000  4.6629e+000  5.4769e+001  1.1162e-001  6.6229e+000  1.1292e-001  3.3896e-003  6.7002e+000  2.0113e-001
  3.0974e+000  4.6835e+000  5.4769e+001  1.2390e-001  7.3282e+000  1.3032e-001  3.9001e-003  7.7079e+000  2.3068e-001
  3.1223e+000  4.7084e+000  5.4769e+001  1.3509e-001  7.9599e+000  1.3824e-001  4.1451e-003  8.1456e+000  2.4425e-001
  3.1447e+000  4.7308e+000  5.4769e+001  1.4253e-001  8.3706e+000  1.4357e-001  4.3085e-003  8.4316e+000  2.5303e-001
  3.1674e+000  4.7535e+000  5.4769e+001  1.4827e-001  8.6785e+000  1.5149e-001  4.5535e-003  8.8673e+000  2.6653e-001
  3.2009e+000  4.7870e+000  5.4769e+001  1.5429e-001  8.9882e+000  1.5735e-001  4.7169e-003  9.1664e+000  2.7478e-001
  3.2358e+000  4.8219e+000  5.4769e+001  1.5846e-001  9.1867e+000  1.6723e-001  5.0232e-003  9.6951e+000  2.9121e-001
  3.2714e+000  4.8575e+000  5.4769e+001  1.6126e-001  9.3040e+000  1.6920e-001  5.0844e-003  9.7617e+000  2.9335e-001
  1.3983e+000  2.9844e+000  6.3454e+001  2.3155e-001  2.6104e+001  2.3378e-001  7.0196e-003  2.6355e+001  7.9135e-001
  1.4155e+000  3.0016e+000  6.3454e+001  2.2892e-001  2.5435e+001  2.2960e-001  6.8943e-003  2.5511e+001  7.6602e-001
  1.4120e+000  2.9981e+000  6.3454e+001  2.2943e-001  2.5566e+001  2.2647e-001  6.7898e-003  2.5235e+001  7.5658e-001
  1.4374e+000  3.0235e+000  6.3454e+001  2.2570e-001  2.4629e+001  2.2626e-001  6.7898e-003  2.4690e+001  7.4093e-001
  1.4649e+000  3.0510e+000  6.3454e+001  2.2188e-001  2.3688e+001  2.1790e-001  6.5391e-003  2.3264e+001  6.9813e-001
  1.4924e+000  3.0785e+000  6.3454e+001  2.1828e-001  2.2817e+001  2.1581e-001  6.4764e-003  2.2559e+001  6.7700e-001
  1.5199e+000  3.1060e+000  6.3454e+001  2.1488e-001  2.2009e+001  2.1268e-001  6.3720e-003  2.1784e+001  6.5266e-001
  1.5487e+000  3.1348e+000  6.3454e+001  2.1152e-001  2.1224e+001  2.0913e-001  6.2675e-003  2.0984e+001  6.2890e-001
  1.5749e+000  3.1610e+000  6.3454e+001  2.0862e-001  2.0559e+001  2.0580e-001  6.1839e-003  2.0281e+001  6.0940e-001
  1.6028e+000  3.1889e+000  6.3454e+001  2.0569e-001  1.9896e+001  1.9891e-001  5.9750e-003  1.9240e+001  5.7795e-001
  1.6312e+000  3.2173e+000  6.3454e+001  2.0288e-001  1.9269e+001  2.0355e-001  6.1004e-003  1.9332e+001  5.7940e-001
  1.6574e+000  3.2435e+000  6.3454e+001  2.0040e-001  1.8725e+001  1.9747e-001  5.9332e-003  1.8451e+001  5.5440e-001
  1.6875e+000  3.2736e+000  6.3454e+001  1.9770e-001  1.8141e+001  1.9151e-001  5.7452e-003  1.7574e+001  5.2719e-001
  1.7137e+000  3.2998e+000  6.3454e+001  1.9546e-001  1.7664e+001  1.9141e-001  5.7452e-003  1.7298e+001  5.1921e-001
  1.7425e+000  3.3286e+000  6.3454e+001  1.9311e-001  1.7171e+001  1.8905e-001  5.6617e-003  1.6810e+001  5.0342e-001
  1.7709e+000  3.3570e+000  6.3454e+001  1.9091e-001  1.6714e+001  1.8966e-001  5.6825e-003  1.6605e+001  4.9752e-001
  1.7971e+000  3.3832e+000  6.3454e+001  1.8896e-001  1.6316e+001  1.8543e-001  5.5572e-003  1.6012e+001  4.7985e-001
  1.8284e+000  3.4145e+000  6.3454e+001  1.8673e-001  1.5867e+001  1.8163e-001  5.4527e-003  1.5434e+001  4.6333e-001
  1.8568e+000  3.4429e+000  6.3454e+001  1.8481e-001  1.5484e+001  1.7793e-001  5.3483e-003  1.4909e+001  4.4812e-001
  1.8865e+000  3.4726e+000  6.3454e+001  1.8288e-001  1.5107e+001  1.8030e-001  5.4110e-003  1.4893e+001  4.4697e-001
  1.9165e+000  3.5026e+000  6.3454e+001  1.8101e-001  1.4745e+001  1.7597e-001  5.2856e-003  1.4335e+001  4.3056e-001
  1.9449e+000  3.5310e+000  6.3454e+001  1.7931e-001  1.4422e+001  1.7238e-001  5.1811e-003  1.3864e+001  4.1671e-001
  1.9745e+000  3.5606e+000  6.3454e+001  1.7761e-001  1.4101e+001  1.7382e-001  5.2229e-003  1.3800e+001  4.1467e-001
  2.0042e+000  3.5903e+000  6.3454e+001  1.7597e-001  1.3797e+001  1.7526e-001  5.2647e-003  1.3742e+001  4.1279e-001
  2.0330e+000  3.6191e+000  6.3454e+001  1.7443e-001  1.3517e+001  1.6847e-001  5.0558e-003  1.3054e+001  3.9176e-001
  2.0489e+000  3.6350e+000  6.3454e+001  1.7361e-001  1.3367e+001  1.6970e-001  5.0976e-003  1.3067e+001  3.9249e-001
  2.0661e+000  3.6522e+000  6.3454e+001  1.7274e-001  1.3210e+001  1.6868e-001  5.0558e-003  1.2900e+001  3.8665e-001
  2.0923e+000  3.6784e+000  6.3454e+001  1.7144e-001  1.2980e+001  1.6878e-001  5.0558e-003  1.2779e+001  3.8277e-001
  2.1095e+000  3.6956e+000  6.3454e+001  1.7061e-001  1.2833e+001  1.6672e-001  4.9931e-003  1.2541e+001  3.7559e-001
  2.1232e+000  3.7093e+000  6.3454e+001  1.6995e-001  1.2719e+001  1.6672e-001  4.9931e-003  1.2477e+001  3.7368e-001
  2.1404e+000  3.7265e+000  6.3454e+001  1.6915e-001  1.2580e+001  1.6517e-001  4.9513e-003  1.2284e+001  3.6824e-001
  2.1692e+000  3.7553e+000  6.3454e+001  1.6784e-001  1.2355e+001  1.6477e-001  4.9513e-003  1.2129e+001  3.6448e-001
  2.1830e+000  3.7691e+000  6.3454e+001  1.6723e-001  1.2251e+001  1.6383e-001  4.9096e-003  1.2002e+001  3.5967e-001
  2.2010e+000  3.7871e+000  6.3454e+001  1.6644e-001  1.2118e+001  1.6344e-001  4.9096e-003  1.1899e+001  3.5745e-001
  2.2148e+000  3.8009e+000  6.3454e+001  1.6584e-001  1.2018e+001  1.6323e-001  4.8887e-003  1.1829e+001  3.5428e-001
  2.2307e+000  3.8168e+000  6.3454e+001  1.6516e-001  1.1906e+001  1.6323e-001  4.8887e-003  1.1766e+001  3.5240e-001
  2.2478e+000  3.8339e+000  6.3454e+001  1.6444e-001  1.1787e+001  1.6333e-001  4.9096e-003  1.1708e+001  3.5192e-001
  2.2629e+000  3.8490e+000  6.3454e+001  1.6382e-001  1.1686e+001  1.6270e-001  4.8887e-003  1.1606e+001  3.4873e-001
  2.2925e+000  3.8786e+000  6.3454e+001  1.6262e-001  1.1492e+001  1.6116e-001  4.8260e-003  1.1389e+001  3.4104e-001
  2.3243e+000  3.9104e+000  6.3454e+001  1.6136e-001  1.1292e+001  1.6034e-001  4.8051e-003  1.1221e+001  3.3627e-001
  2.3553e+000  3.9414e+000  6.3454e+001  1.6016e-001  1.1105e+001  1.5922e-001  4.7842e-003  1.1040e+001  3.3174e-001
  2.3871e+000  3.9732e+000  6.3454e+001  1.5895e-001  1.0921e+001  1.5922e-001  4.7842e-003  1.0939e+001  3.2870e-001
  2.4193e+000  4.0054e+000  6.3454e+001  1.5775e-001  1.0741e+001  1.5725e-001  4.7215e-003  1.0707e+001  3.2148e-001
  2.4511e+000  4.0372e+000  6.3454e+001  1.5657e-001  1.0569e+001  1.5686e-001  4.7006e-003  1.0588e+001  3.1729e-001
  2.4833e+000  4.0694e+000  6.3454e+001  1.5539e-001  1.0400e+001  1.5696e-001  4.7006e-003  1.0505e+001  3.1460e-001
  2.5151e+000  4.1012e+000  6.3454e+001  1.5421e-001  1.0237e+001  1.5418e-001  4.6171e-003  1.0235e+001  3.0650e-001
  2.5474e+000  4.1335e+000  6.3454e+001  1.5301e-001  1.0076e+001  1.5602e-001  4.6797e-003  1.0274e+001  3.0817e-001
  2.5813e+000  4.1674e+000  6.3454e+001  1.5169e-001  9.9075e+000  1.5458e-001  4.6380e-003  1.0096e+001  3.0292e-001
  2.6238e+000  4.2099e+000  6.3454e+001  1.4993e-001  9.6953e+000  1.5109e-001  4.5335e-003  9.7703e+000  2.9316e-001
  2.6582e+000  4.2443e+000  6.3454e+001  1.4833e-001  9.5178e+000  1.4894e-001  4.4708e-003  9.5566e+000  2.8687e-001
  2.6913e+000  4.2774e+000  6.3454e+001  1.4654e-001  9.3348e+000  1.4831e-001  4.4499e-003  9.4475e+000  2.8347e-001
  2.7210e+000  4.3071e+000  6.3454e+001  1.4459e-001  9.1522e+000  1.4616e-001  4.3873e-003  9.2517e+000  2.7771e-001
  2.7601e+000  4.3462e+000  6.3454e+001  1.4112e-001  8.8606e+000  1.4461e-001  4.3455e-003  9.0799e+000  2.7284e-001
  2.7923e+000  4.3784e+000  6.3454e+001  1.3689e-001  8.5394e+000  1.3782e-001  4.1366e-003  8.5978e+000  2.5805e-001
  2.8254e+000  4.4115e+000  6.3454e+001  1.3007e-001  8.0617e+000  1.3206e-001  3.9694e-003  8.1850e+000  2.4603e-001
  2.8464e+000  4.4325e+000  6.3454e+001  1.2344e-001  7.6201e+000  1.2403e-001  3.7187e-003  7.6569e+000  2.2957e-001
  2.8705e+000  4.4566e+000  6.3454e+001  1.1218e-001  6.8938e+000  1.1158e-001  3.3427e-003  6.8573e+000  2.0542e-001
  2.8941e+000  4.4802e+000  6.3454e+001  9.5179e-002  5.8239e+000  9.6227e-002  2.8831e-003  5.8881e+000  1.7641e-001
  2.9049e+000  4.4910e+000  6.3454e+001  8.4836e-002  5.1809e+000  8.5405e-002  2.5697e-003  5.2157e+000  1.5693e-001
  2.9165e+000  4.5026e+000  6.3454e+001  7.1604e-002  4.3638e+000  7.0781e-002  2.1310e-003  4.3137e+000  1.2987e-001
  2.9285e+000  4.5146e+000  6.3454e+001  5.5833e-002  3.3954e+000  5.7160e-002  1.7152e-003  3.4761e+000  1.0431e-001
  2.9384e+000  4.5245e+000  6.3454e+001  4.1923e-002  2.5451e+000  4.2536e-002  1.6045e-003  2.5823e+000  9.7405e-002
  2.9526e+000  4.5387e+000  6.3454e+001  2.2571e-002  1.3669e+000  2.8308e-002  1.2034e-003  1.7143e+000  7.2874e-002
  2.9633e+000  4.5494e+000  6.3454e+001  1.0631e-002  6.4262e-001  1.5500e-002  1.6045e-003  9.3690e-001  9.6986e-002
  2.9728e+000  4.5589e+000  6.3454e+001  3.6159e-003  2.1822e-001  5.8810e-003  1.4039e-003  3.5492e-001  8.4726e-002
  2.9831e+000  4.5692e+000  6.3454e+001  5.2695e-004  3.1746e-002  2.4840e-003  1.4039e-003  1.4965e-001  8.4578e-002
  2.9943e+000  4.5804e+000  6.3454e+001  2.4305e-003  1.4615e-001  3.4994e-003  1.2013e-003  2.1042e-001  7.2234e-002
  3.0059e+000  4.5920e+000  6.3454e+001  8.9152e-003  5.3505e-001  8.1227e-003  1.6024e-003  4.8749e-001  9.6168e-002
  3.0166e+000  4.6027e+000  6.3454e+001  1.7400e-002  1.0424e+000  1.6559e-002  1.2034e-003  9.9203e-001  7.2093e-002
  3.0377e+000  4.6238e+000  6.3454e+001  3.5987e-002  2.1486e+000  3.6038e-002  1.4039e-003  2.1517e+000  8.3821e-002
  3.0622e+000  4.6483e+000  6.3454e+001  5.5171e-002  3.2812e+000  5.4715e-002  1.6421e-003  3.2540e+000  9.7659e-002
  3.0823e+000  4.6684e+000  6.3454e+001  6.7480e-002  4.0005e+000  6.7355e-002  2.0202e-003  3.9931e+000  1.1977e-001
  3.1047e+000  4.6908e+000  6.3454e+001  7.7764e-002  4.5944e+000  7.9221e-002  2.3817e-003  4.6805e+000  1.4071e-001
  3.1296e+000  4.7157e+000  6.3454e+001  8.6074e-002  5.0663e+000  8.9061e-002  2.6741e-003  5.2421e+000  1.5740e-001
  3.1524e+000  4.7385e+000  6.3454e+001  9.1566e-002  5.3714e+000  9.2112e-002  2.7577e-003  5.4034e+000  1.6177e-001
  3.1851e+000  4.7712e+000  6.3454e+001  9.7041e-002  5.6658e+000  1.0095e-001  3.0293e-003  5.8939e+000  1.7687e-001
  3.2168e+000  4.8029e+000  6.3454e+001  1.0054e-001  5.8437e+000  1.0521e-001  3.1546e-003  6.1153e+000  1.8336e-001
  3.2499e+000  4.8360e+000  6.3454e+001  1.0290e-001  5.9541e+000  1.0862e-001  3.2591e-003  6.2847e+000  1.8858e-001
  1.3910e+000  2.9771e+000  7.3940e+001  1.4293e-001  1.6214e+001  1.4646e-001  4.3892e-003  1.6614e+001  4.9792e-001
  1.3910e+000  2.9771e+000  7.3940e+001  1.4293e-001  1.6214e+001  1.4450e-001  4.3246e-003  1.6392e+001  4.9060e-001
  1.4082e+000  2.9943e+000  7.3940e+001  1.4135e-001  1.5802e+001  1.4420e-001  4.3246e-003  1.6120e+001  4.8346e-001
  1.4047e+000  2.9908e+000  7.3940e+001  1.4166e-001  1.5883e+001  1.4605e-001  4.3892e-003  1.6374e+001  4.9210e-001
  1.4198e+000  3.0059e+000  7.3940e+001  1.4032e-001  1.5535e+001  1.4017e-001  4.1955e-003  1.5519e+001  4.6450e-001
  1.4327e+000  3.0188e+000  7.3940e+001  1.3921e-001  1.5249e+001  1.4224e-001  4.2601e-003  1.5581e+001  4.6667e-001
  1.4456e+000  3.0317e+000  7.3940e+001  1.3812e-001  1.4974e+001  1.3761e-001  4.1310e-003  1.4918e+001  4.4783e-001
  1.4580e+000  3.0441e+000  7.3940e+001  1.3710e-001  1.4717e+001  1.3555e-001  4.0664e-003  1.4550e+001  4.3649e-001
  1.4709e+000  3.0570e+000  7.3940e+001  1.3608e-001  1.4460e+001  1.3185e-001  3.9588e-003  1.4011e+001  4.2068e-001
  1.4860e+000  3.0721e+000  7.3940e+001  1.3491e-001  1.4172e+001  1.3535e-001  4.0664e-003  1.4218e+001  4.2715e-001
  1.4976e+000  3.0837e+000  7.3940e+001  1.3403e-001  1.3957e+001  1.3307e-001  4.0019e-003  1.3857e+001  4.1671e-001
  1.5092e+000  3.0953e+000  7.3940e+001  1.3318e-001  1.3749e+001  1.3030e-001  3.9158e-003  1.3451e+001  4.0425e-001
  1.5233e+000  3.1094e+000  7.3940e+001  1.3216e-001  1.3503e+001  1.3030e-001  3.9158e-003  1.3313e+001  4.0008e-001
  1.5380e+000  3.1241e+000  7.3940e+001  1.3114e-001  1.3259e+001  1.3081e-001  3.9158e-003  1.3226e+001  3.9591e-001
  1.5500e+000  3.1361e+000  7.3940e+001  1.3032e-001  1.3065e+001  1.2599e-001  3.7867e-003  1.2631e+001  3.7963e-001
  1.5624e+000  3.1485e+000  7.3940e+001  1.2949e-001  1.2870e+001  1.2845e-001  3.8513e-003  1.2766e+001  3.8277e-001
  1.5766e+000  3.1627e+000  7.3940e+001  1.2857e-001  1.2655e+001  1.2578e-001  3.7652e-003  1.2381e+001  3.7061e-001
  1.5912e+000  3.1773e+000  7.3940e+001  1.2764e-001  1.2442e+001  1.2733e-001  3.8297e-003  1.2411e+001  3.7329e-001
  1.5912e+000  3.1773e+000  7.3940e+001  1.2764e-001  1.2442e+001  1.2578e-001  3.7652e-003  1.2260e+001  3.6700e-001
  1.6041e+000  3.1902e+000  7.3940e+001  1.2685e-001  1.2259e+001  1.2548e-001  3.7652e-003  1.2127e+001  3.6389e-001
  1.6192e+000  3.2053e+000  7.3940e+001  1.2594e-001  1.2054e+001  1.2578e-001  3.7652e-003  1.2038e+001  3.6036e-001
  1.6329e+000  3.2190e+000  7.3940e+001  1.2513e-001  1.1872e+001  1.2167e-001  3.6576e-003  1.1543e+001  3.4701e-001
  1.6480e+000  3.2341e+000  7.3940e+001  1.2427e-001  1.1680e+001  1.2249e-001  3.6791e-003  1.1512e+001  3.4579e-001
  1.6608e+000  3.2469e+000  7.3940e+001  1.2355e-001  1.1520e+001  1.2137e-001  3.6361e-003  1.1317e+001  3.3904e-001
  1.6767e+000  3.2628e+000  7.3940e+001  1.2268e-001  1.1330e+001  1.2208e-001  3.6576e-003  1.1274e+001  3.3778e-001
  1.6914e+000  3.2775e+000  7.3940e+001  1.2190e-001  1.1161e+001  1.2074e-001  3.6146e-003  1.1055e+001  3.3093e-001
  1.7150e+000  3.3011e+000  7.3940e+001  1.2068e-001  1.0898e+001  1.1868e-001  3.5500e-003  1.0717e+001  3.2059e-001
  1.7150e+000  3.3011e+000  7.3940e+001  1.2068e-001  1.0898e+001  1.1324e-001  3.3994e-003  1.0226e+001  3.0699e-001
  1.7300e+000  3.3161e+000  7.3940e+001  1.1992e-001  1.0738e+001  1.1775e-001  3.5285e-003  1.0543e+001  3.1594e-001
  1.7438e+000  3.3299e+000  7.3940e+001  1.1925e-001  1.0596e+001  1.1623e-001  3.4855e-003  1.0327e+001  3.0970e-001
  1.7567e+000  3.3428e+000  7.3940e+001  1.1863e-001  1.0466e+001  1.1642e-001  3.4855e-003  1.0271e+001  3.0751e-001
  1.7691e+000  3.3552e+000  7.3940e+001  1.1804e-001  1.0344e+001  1.1416e-001  3.4210e-003  1.0004e+001  2.9979e-001
  1.7971e+000  3.3832e+000  7.3940e+001  1.1675e-001  1.0081e+001  1.1386e-001  3.4210e-003  9.8314e+000  2.9539e-001
  1.7979e+000  3.3840e+000  7.3940e+001  1.1672e-001  1.0073e+001  1.1231e-001  3.3779e-003  9.6933e+000  2.9154e-001
  1.8121e+000  3.3982e+000  7.3940e+001  1.1608e-001  9.9458e+000  1.1364e-001  3.3994e-003  9.7369e+000  2.9126e-001
  1.8280e+000  3.4141e+000  7.3940e+001  1.1539e-001  9.8069e+000  1.1293e-001  3.3779e-003  9.5983e+000  2.8709e-001
  1.8418e+000  3.4279e+000  7.3940e+001  1.1480e-001  9.6900e+000  1.1231e-001  3.3779e-003  9.4800e+000  2.8513e-001
  1.8555e+000  3.4416e+000  7.3940e+001  1.1422e-001  9.5762e+000  1.1117e-001  3.3349e-003  9.3205e+000  2.7960e-001
  1.8697e+000  3.4558e+000  7.3940e+001  1.1363e-001  9.4618e+000  1.1046e-001  3.3134e-003  9.1976e+000  2.7589e-001
  1.8843e+000  3.4704e+000  7.3940e+001  1.1304e-001  9.3470e+000  1.1046e-001  3.3134e-003  9.1338e+000  2.7398e-001
  1.8985e+000  3.4846e+000  7.3940e+001  1.1247e-001  9.2385e+000  1.1005e-001  3.2919e-003  9.0396e+000  2.7039e-001
  1.9131e+000  3.4992e+000  7.3940e+001  1.1190e-001  9.1295e+000  1.1005e-001  3.2919e-003  8.9789e+000  2.6858e-001
  1.9273e+000  3.5134e+000  7.3940e+001  1.1135e-001  9.0264e+000  1.1046e-001  3.3134e-003  8.9543e+000  2.6859e-001
  1.9440e+000  3.5301e+000  7.3940e+001  1.1071e-001  8.9078e+000  1.0635e-001  3.1843e-003  8.5568e+000  2.5620e-001
  1.9561e+000  3.5422e+000  7.3940e+001  1.1026e-001  8.8247e+000  1.0891e-001  3.2703e-003  8.7165e+000  2.6174e-001
  1.9728e+000  3.5589e+000  7.3940e+001  1.0964e-001  8.7117e+000  1.0687e-001  3.2058e-003  8.4910e+000  2.5471e-001
  1.9866e+000  3.5727e+000  7.3940e+001  1.0915e-001  8.6212e+000  1.0654e-001  3.2058e-003  8.4158e+000  2.5322e-001
  2.0016e+000  3.5877e+000  7.3940e+001  1.0861e-001  8.5247e+000  1.0500e-001  3.1413e-003  8.2412e+000  2.4656e-001
  2.0154e+000  3.6015e+000  7.3940e+001  1.0812e-001  8.4384e+000  1.0521e-001  3.1628e-003  8.2112e+000  2.4684e-001
  2.0317e+000  3.6178e+000  7.3940e+001  1.0755e-001  8.3383e+000  1.0429e-001  3.1197e-003  8.0850e+000  2.4187e-001
  2.0463e+000  3.6324e+000  7.3940e+001  1.0705e-001  8.2508e+000  1.0450e-001  3.1413e-003  8.0544e+000  2.4211e-001
  2.0463e+000  3.6324e+000  7.3940e+001  1.0705e-001  8.2508e+000  1.0259e-001  3.0767e-003  7.9068e+000  2.3714e-001
  2.0613e+000  3.6474e+000  7.3940e+001  1.0654e-001  8.1629e+000  1.0315e-001  3.0982e-003  7.9029e+000  2.3738e-001
  2.0923e+000  3.6784e+000  7.3940e+001  1.0551e-001  7.9879e+000  1.0181e-001  3.0552e-003  7.7081e+000  2.3131e-001
  2.1219e+000  3.7080e+000  7.3940e+001  1.0454e-001  7.8274e+000  1.0052e-001  3.0122e-003  7.5264e+000  2.2554e-001
  2.1499e+000  3.7360e+000  7.3940e+001  1.0365e-001  7.6822e+000  9.9939e-002  2.9906e-003  7.4074e+000  2.2166e-001
  2.1830e+000  3.7691e+000  7.3940e+001  1.0261e-001  7.5169e+000  1.0162e-001  3.0552e-003  7.4445e+000  2.2382e-001
  2.2139e+000  3.8000e+000  7.3940e+001  1.0165e-001  7.3685e+000  9.9573e-002  2.9906e-003  7.2181e+000  2.1679e-001
  2.2457e+000  3.8318e+000  7.3940e+001  1.0068e-001  7.2217e+000  9.8240e-002  2.9476e-003  7.0468e+000  2.1144e-001
  2.2766e+000  3.8627e+000  7.3940e+001  9.9741e-002  7.0838e+000  9.7121e-002  2.9046e-003  6.8977e+000  2.0629e-001
  2.3089e+000  3.8950e+000  7.3940e+001  9.8772e-002  6.9449e+000  9.7121e-002  2.9046e-003  6.8288e+000  2.0423e-001
  2.3385e+000  3.9246e+000  7.3940e+001  9.7882e-002  6.8209e+000  9.2818e-002  2.7755e-003  6.4680e+000  1.9341e-001
  2.3695e+000  3.9556e+000  7.3940e+001  9.6952e-002  6.6950e+000  9.2818e-002  2.7755e-003  6.4095e+000  1.9166e-001
  2.4025e+000  3.9886e+000  7.3940e+001  9.5951e-002  6.5636e+000  9.2258e-002  2.7755e-003  6.3110e+000  1.8986e-001
  2.4356e+000  4.0217e+000  7.3940e+001  9.4937e-002  6.4352e+000  9.2990e-002  2.7970e-003  6.3031e+000  1.8959e-001
  2.4666e+000  4.0527e+000  7.3940e+001  9.3971e-002  6.3170e+000  9.2065e-002  2.7540e-003  6.1888e+000  1.8513e-001
  2.4992e+000  4.0853e+000  7.3940e+001  9.2924e-002  6.1936e+000  9.1871e-002  2.7540e-003  6.1235e+000  1.8356e-001
  2.5315e+000  4.1176e+000  7.3940e+001  9.1851e-002  6.0724e+000  8.9999e-002  2.6894e-003  5.9500e+000  1.7780e-001
  2.5633e+000  4.1494e+000  7.3940e+001  9.0741e-002  5.9523e+000  9.0171e-002  2.7109e-003  5.9149e+000  1.7783e-001
  2.5955e+000  4.1816e+000  7.3940e+001  8.9543e-002  5.8287e+000  8.9999e-002  2.6894e-003  5.8584e+000  1.7506e-001
  2.6316e+000  4.2177e+000  7.3940e+001  8.8083e-002  5.6859e+000  8.7374e-002  2.6249e-003  5.6401e+000  1.6944e-001
  2.6518e+000  4.2379e+000  7.3940e+001  8.7192e-002  5.6027e+000  8.6621e-002  2.6034e-003  5.5661e+000  1.6729e-001
  2.6647e+000  4.2508e+000  7.3940e+001  8.6588e-002  5.5480e+000  8.6062e-002  2.5819e-003  5.5143e+000  1.6543e-001
  2.6956e+000  4.2817e+000  7.3940e+001  8.4995e-002  5.4092e+000  8.4556e-002  2.5388e-003  5.3813e+000  1.6158e-001
  2.6862e+000  4.2723e+000  7.3940e+001  8.5506e-002  5.4529e+000  8.4749e-002  2.5388e-003  5.4047e+000  1.6191e-001
  2.7167e+000  4.3028e+000  7.3940e+001  8.3762e-002  5.3069e+000  8.5481e-002  2.5603e-003  5.4158e+000  1.6221e-001
  2.7063e+000  4.2924e+000  7.3940e+001  8.4384e-002  5.3580e+000  8.2490e-002  2.4743e-003  5.2378e+000  1.5711e-001
  2.7296e+000  4.3157e+000  7.3940e+001  8.2930e-002  5.2399e+000  8.3437e-002  2.4958e-003  5.2719e+000  1.5770e-001
  2.7373e+000  4.3234e+000  7.3940e+001  8.2398e-002  5.1979e+000  8.2318e-002  2.4743e-003  5.1929e+000  1.5608e-001
  2.7532e+000  4.3393e+000  7.3940e+001  8.1211e-002  5.1062e+000  8.1371e-002  2.4312e-003  5.1163e+000  1.5287e-001
  2.7639e+000  4.3500e+000  7.3940e+001  8.0326e-002  5.0395e+000  8.0446e-002  2.4097e-003  5.0471e+000  1.5118e-001
  2.7841e+000  4.3702e+000  7.3940e+001  7.8438e-002  4.9011e+000  8.0618e-002  2.4097e-003  5.0374e+000  1.5057e-001
  2.7957e+000  4.3818e+000  7.3940e+001  7.7190e-002  4.8121e+000  7.5950e-002  2.2806e-003  4.7347e+000  1.4218e-001
  2.8159e+000  4.4020e+000  7.3940e+001  7.4650e-002  4.6354e+000  7.7800e-002  2.3237e-003  4.8309e+000  1.4429e-001
  2.8275e+000  4.4136e+000  7.3940e+001  7.2927e-002  4.5182e+000  7.4250e-002  2.2376e-003  4.6002e+000  1.3863e-001
  2.8520e+000  4.4381e+000  7.3940e+001  6.8446e-002  4.2209e+000  7.1259e-002  2.1386e-003  4.3944e+000  1.3188e-001
  2.8671e+000  4.4532e+000  7.3940e+001  6.4970e-002  3.9953e+000  6.6203e-002  2.0569e-003  4.0711e+000  1.2649e-001
  2.8864e+000  4.4725e+000  7.3940e+001  5.9481e-002  3.6447e+000  6.2094e-002  1.8632e-003  3.8048e+000  1.1417e-001
  2.8937e+000  4.4798e+000  7.3940e+001  5.7083e-002  3.4932e+000  5.8716e-002  1.7621e-003  3.5930e+000  1.0783e-001
  2.9109e+000  4.4970e+000  7.3940e+001  5.0805e-002  3.0993e+000  5.3487e-002  1.8697e-003  3.2630e+000  1.1406e-001
  2.9203e+000  4.5064e+000  7.3940e+001  4.7114e-002  2.8693e+000  5.0497e-002  1.5147e-003  3.0753e+000  9.2247e-002
  2.9311e+000  4.5172e+000  7.3940e+001  4.2999e-002  2.6137e+000  4.5828e-002  1.8697e-003  2.7857e+000  1.1365e-001
  2.9414e+000  4.5275e+000  7.3940e+001  3.9516e-002  2.3977e+000  4.2084e-002  1.3103e-003  2.5535e+000  7.9504e-002
  2.9556e+000  4.5417e+000  7.3940e+001  3.6396e-002  2.2030e+000  4.0406e-002  1.3103e-003  2.4457e+000  7.9308e-002
  2.9745e+000  4.5606e+000  7.3940e+001  3.6949e-002  2.2292e+000  3.9459e-002  2.2376e-003  2.3806e+000  1.3500e-001
  2.9887e+000  4.5748e+000  7.3940e+001  4.1006e-002  2.4681e+000  4.2622e-002  1.6847e-003  2.5653e+000  1.0140e-001
  2.9990e+000  4.5851e+000  7.3940e+001  4.5233e-002  2.7178e+000  4.6194e-002  1.3856e-003  2.7755e+000  8.3252e-002
  3.0119e+000  4.5980e+000  7.3940e+001  5.1045e-002  3.0605e+000  5.0303e-002  1.8697e-003  3.0160e+000  1.1210e-001
  3.0218e+000  4.6079e+000  7.3940e+001  5.5373e-002  3.3146e+000  5.5897e-002  1.8697e-003  3.3459e+000  1.1192e-001
  3.0441e+000  4.6302e+000  7.3940e+001  6.3582e-002  3.7922e+000  6.2438e-002  1.8740e-003  3.7240e+000  1.1177e-001
  3.0673e+000  4.6534e+000  7.3940e+001  6.9451e-002  4.1271e+000  6.7128e-002  2.0138e-003  3.9890e+000  1.1967e-001
  3.0901e+000  4.6762e+000  7.3940e+001  7.3120e-002  4.3297e+000  7.1238e-002  2.1365e-003  4.2182e+000  1.2651e-001
  3.1111e+000  4.6972e+000  7.3940e+001  7.5255e-002  4.4418e+000  7.4400e-002  2.2376e-003  4.3914e+000  1.3207e-001
  3.1348e+000  4.7209e+000  7.3940e+001  7.6709e-002  4.5116e+000  7.7950e-002  2.3452e-003  4.5846e+000  1.3793e-001
  3.1709e+000  4.7570e+000  7.3940e+001  7.7759e-002  4.5492e+000  7.8144e-002  2.3452e-003  4.5718e+000  1.3720e-001
  3.2031e+000  4.7892e+000  7.3940e+001  7.7998e-002  4.5423e+000  7.9069e-002  2.3667e-003  4.6047e+000  1.3783e-001
  3.2349e+000  4.8210e+000  7.3940e+001  7.7862e-002  4.5145e+000  7.8876e-002  2.3667e-003  4.5732e+000  1.3722e-001
  3.2624e+000  4.8485e+000  7.3940e+001  7.7556e-002  4.4800e+000  7.9994e-002  2.4097e-003  4.6208e+000  1.3920e-001
  1.4065e+000  2.9926e+000  9.0032e+001  7.4598e-002  8.3516e+000  7.9244e-002  2.3762e-003  8.8717e+000  2.6603e-001
  1.4039e+000  2.9900e+000  9.0032e+001  7.4731e-002  8.3847e+000  7.6307e-002  2.2865e-003  8.5616e+000  2.5655e-001
  1.4310e+000  3.0171e+000  9.0032e+001  7.3375e-002  8.0492e+000  7.3841e-002  2.2148e-003  8.1003e+000  2.4296e-001
  1.4860e+000  3.0721e+000  9.0032e+001  7.0835e-002  7.4409e+000  7.1151e-002  2.1341e-003  7.4740e+000  2.2417e-001
  1.5156e+000  3.1017e+000  9.0032e+001  6.9572e-002  7.1484e+000  6.9156e-002  2.0736e-003  7.1057e+000  2.1306e-001
  1.5414e+000  3.1275e+000  9.0032e+001  6.8528e-002  6.9118e+000  6.8932e-002  2.0668e-003  6.9525e+000  2.0846e-001
  1.5685e+000  3.1546e+000  9.0032e+001  6.7482e-002  6.6793e+000  6.6690e-002  1.9996e-003  6.6009e+000  1.9792e-001
  1.5964e+000  3.1825e+000  9.0032e+001  6.6453e-002  6.4551e+000  6.5121e-002  1.9548e-003  6.3258e+000  1.8988e-001
  1.6248e+000  3.2109e+000  9.0032e+001  6.5456e-002  6.2423e+000  6.4695e-002  1.9413e-003  6.1698e+000  1.8514e-001
  1.6518e+000  3.2379e+000  9.0032e+001  6.4547e-002  6.0519e+000  6.2229e-002  1.8673e-003  5.8347e+000  1.7508e-001
  1.6802e+000  3.2663e+000  9.0032e+001  6.3635e-002  5.8647e+000  6.3821e-002  1.9144e-003  5.8818e+000  1.7643e-001
  1.7081e+000  3.2942e+000  9.0032e+001  6.2775e-002  5.6914e+000  6.2700e-002  1.8808e-003  5.6846e+000  1.7052e-001
  1.7352e+000  3.3213e+000  9.0032e+001  6.1976e-002  5.5331e+000  6.0234e-002  1.8068e-003  5.3777e+000  1.6131e-001
  1.7623e+000  3.3484e+000  9.0032e+001  6.1207e-002  5.3837e+000  6.0032e-002  1.8001e-003  5.2804e+000  1.5833e-001
  1.7919e+000  3.3780e+000  9.0032e+001  6.0399e-002  5.2293e+000  5.8687e-002  1.7597e-003  5.0811e+000  1.5236e-001
  1.8186e+000  3.4047e+000  9.0032e+001  5.9700e-002  5.0982e+000  5.7791e-002  1.7351e-003  4.9352e+000  1.4817e-001
  1.8469e+000  3.4330e+000  9.0032e+001  5.8983e-002  4.9660e+000  5.6670e-002  1.7014e-003  4.7713e+000  1.4325e-001
  1.8766e+000  3.4627e+000  9.0032e+001  5.8262e-002  4.8353e+000  5.6468e-002  1.6947e-003  4.6864e+000  1.4065e-001
  1.9049e+000  3.4910e+000  9.0032e+001  5.7597e-002  4.7169e+000  5.5818e-002  1.6745e-003  4.5712e+000  1.3714e-001
  1.9341e+000  3.5202e+000  9.0032e+001  5.6936e-002  4.6012e+000  5.4025e-002  1.6207e-003  4.3659e+000  1.3098e-001
  1.9638e+000  3.5499e+000  9.0032e+001  5.6289e-002  4.4899e+000  5.5841e-002  1.6745e-003  4.4541e+000  1.3357e-001
  1.9922e+000  3.5783e+000  9.0032e+001  5.5691e-002  4.3886e+000  5.3150e-002  1.5938e-003  4.1884e+000  1.2560e-001
  2.0231e+000  3.6092e+000  9.0032e+001  5.5061e-002  4.2837e+000  5.2725e-002  1.5826e-003  4.1019e+000  1.2313e-001
  2.0665e+000  3.6526e+000  9.0032e+001  5.4213e-002  4.1454e+000  5.1380e-002  1.5782e-003  3.9287e+000  1.2067e-001
  2.0962e+000  3.6823e+000  9.0032e+001  5.3657e-002  4.0564e+000  5.1626e-002  1.5490e-003  3.9029e+000  1.1710e-001
  2.1254e+000  3.7115e+000  9.0032e+001  5.3126e-002  3.9728e+000  5.2097e-002  1.5625e-003  3.8958e+000  1.1684e-001
  2.1563e+000  3.7424e+000  9.0032e+001  5.2582e-002  3.8884e+000  5.0304e-002  1.5087e-003  3.7199e+000  1.1156e-001
  2.1873e+000  3.7734e+000  9.0032e+001  5.2056e-002  3.8079e+000  4.8734e-002  1.5782e-003  3.5650e+000  1.1544e-001
  2.2182e+000  3.8043e+000  9.0032e+001  5.1546e-002  3.7312e+000  5.0124e-002  1.5042e-003  3.6283e+000  1.0888e-001
  2.2487e+000  3.8348e+000  9.0032e+001  5.1061e-002  3.6591e+000  4.9676e-002  1.4907e-003  3.5598e+000  1.0683e-001
  2.2809e+000  3.8670e+000  9.0032e+001  5.0566e-002  3.5864e+000  4.9474e-002  2.0310e-003  3.5090e+000  1.4405e-001
  2.3119e+000  3.8980e+000  9.0032e+001  5.0107e-002  3.5199e+000  4.9048e-002  1.4705e-003  3.4455e+000  1.0330e-001
  2.3424e+000  3.9285e+000  9.0032e+001  4.9672e-002  3.4574e+000  4.6807e-002  1.8046e-003  3.2580e+000  1.2561e-001
  2.3720e+000  3.9581e+000  9.0032e+001  4.9266e-002  3.3995e+000  4.7031e-002  1.8046e-003  3.2453e+000  1.2452e-001
  2.4055e+000  3.9916e+000  9.0032e+001  4.8829e-002  3.3374e+000  4.6605e-002  1.3988e-003  3.1854e+000  9.5607e-002
  2.4386e+000  4.0247e+000  9.0032e+001  4.8422e-002  3.2795e+000  4.6179e-002  1.5782e-003  3.1276e+000  1.0688e-001
  2.4696e+000  4.0557e+000  9.0032e+001  4.8067e-002  3.2286e+000  4.5506e-002  1.3652e-003  3.0566e+000  9.1699e-002
  2.5018e+000  4.0879e+000  9.0032e+001  4.7730e-002  3.1792e+000  4.5753e-002  1.5804e-003  3.0475e+000  1.0527e-001
  2.5340e+000  4.1201e+000  9.0032e+001  4.7433e-002  3.1339e+000  4.5775e-002  2.0287e-003  3.0243e+000  1.3404e-001
  2.5671e+000  4.1532e+000  9.0032e+001  4.7184e-002  3.0922e+000  4.5327e-002  1.5804e-003  2.9705e+000  1.0357e-001
  2.6006e+000  4.1867e+000  9.0032e+001  4.7010e-002  3.0563e+000  4.5125e-002  2.0287e-003  2.9338e+000  1.3190e-001
  2.6350e+000  4.2211e+000  9.0032e+001  4.6947e-002  3.0281e+000  4.4923e-002  2.2641e-003  2.8976e+000  1.4604e-001
  2.6556e+000  4.2417e+000  9.0032e+001  4.6989e-002  3.0168e+000  4.4946e-002  1.3517e-003  2.8856e+000  8.6784e-002
  2.6660e+000  4.2521e+000  9.0032e+001  4.7039e-002  3.0131e+000  4.5618e-002  2.0310e-003  2.9221e+000  1.3009e-001
  2.6892e+000  4.2753e+000  9.0032e+001  4.7241e-002  3.0107e+000  4.7658e-002  1.4302e-003  3.0373e+000  9.1147e-002
  2.7008e+000  4.2869e+000  9.0032e+001  4.7400e-002  3.0133e+000  4.7883e-002  1.4369e-003  3.0440e+000  9.1347e-002
  2.7188e+000  4.3049e+000  9.0032e+001  4.7746e-002  3.0237e+000  4.6538e-002  1.5782e-003  2.9471e+000  9.9941e-002
  2.7338e+000  4.3199e+000  9.0032e+001  4.8150e-002  3.0396e+000  4.6560e-002  1.5782e-003  2.9392e+000  9.9626e-002
  2.7635e+000  4.3496e+000  9.0032e+001  4.9378e-002  3.0982e+000  4.9497e-002  1.4840e-003  3.1056e+000  9.3112e-002
  2.7545e+000  4.3406e+000  9.0032e+001  4.8931e-002  3.0758e+000  5.0393e-002  1.5109e-003  3.1677e+000  9.4975e-002
  2.7893e+000  4.3754e+000  9.0032e+001  5.1143e-002  3.1924e+000  5.1312e-002  1.5400e-003  3.2029e+000  9.6130e-002
  2.8005e+000  4.3866e+000  9.0032e+001  5.2206e-002  3.2515e+000  5.4025e-002  1.6207e-003  3.3648e+000  1.0094e-001
  2.8211e+000  4.4072e+000  9.0032e+001  5.4845e-002  3.4022e+000  5.6535e-002  1.6947e-003  3.5070e+000  1.0513e-001
  2.8340e+000  4.4201e+000  9.0032e+001  5.7092e-002  3.5328e+000  6.0593e-002  1.8180e-003  3.7494e+000  1.1250e-001
  2.8567e+000  4.4428e+000  9.0032e+001  6.2697e-002  3.8629e+000  6.3530e-002  1.9054e-003  3.9142e+000  1.1740e-001
  2.8683e+000  4.4544e+000  9.0032e+001  6.6649e-002  4.0975e+000  6.7834e-002  2.0355e-003  4.1704e+000  1.2514e-001
  2.8898e+000  4.4759e+000  9.0032e+001  7.6721e-002  4.6982e+000  8.0006e-002  2.3986e-003  4.8993e+000  1.4688e-001
  2.9001e+000  4.4862e+000  9.0032e+001  8.3142e-002  5.0818e+000  8.7471e-002  2.6228e-003  5.3464e+000  1.6031e-001
  2.9130e+000  4.4991e+000  9.0032e+001  9.2824e-002  5.6605e+000  9.5137e-002  2.8469e-003  5.8016e+000  1.7361e-001
  2.9242e+000  4.5103e+000  9.0032e+001  1.0264e-001  6.2467e+000  1.0368e-001  3.1160e-003  6.3098e+000  1.8964e-001
  2.9332e+000  4.5193e+000  9.0032e+001  1.1127e-001  6.7613e+000  1.1520e-001  3.4522e-003  6.9999e+000  2.0977e-001
  2.9457e+000  4.5318e+000  9.0032e+001  1.2336e-001  7.4793e+000  1.2444e-001  3.7436e-003  7.5447e+000  2.2698e-001
  2.9573e+000  4.5434e+000  9.0032e+001  1.3333e-001  8.0678e+000  1.3421e-001  4.0350e-003  8.1210e+000  2.4416e-001
  2.9698e+000  4.5559e+000  9.0032e+001  1.4072e-001  8.4969e+000  1.4008e-001  4.1920e-003  8.4583e+000  2.5311e-001
  2.9672e+000  4.5533e+000  9.0032e+001  1.3956e-001  8.4304e+000  1.4542e-001  4.3713e-003  8.7843e+000  2.6406e-001
  2.9801e+000  4.5662e+000  9.0032e+001  1.4319e-001  8.6310e+000  1.4275e-001  4.2816e-003  8.6043e+000  2.5807e-001
  2.9904e+000  4.5765e+000  9.0032e+001  1.4221e-001  8.5566e+000  1.4183e-001  4.2592e-003  8.5340e+000  2.5628e-001
  3.0007e+000  4.5868e+000  9.0032e+001  1.3832e-001  8.3082e+000  1.3916e-001  4.1695e-003  8.3591e+000  2.5045e-001
  2.9891e+000  4.5752e+000  9.0032e+001  1.4250e-001  8.5764e+000  1.3957e-001  4.1920e-003  8.3996e+000  2.5229e-001
  3.0020e+000  4.5881e+000  9.0032e+001  1.3767e-001  8.2676e+000  1.3484e-001  4.0350e-003  8.0975e+000  2.4232e-001
  3.0123e+000  4.5984e+000  9.0032e+001  1.3163e-001  7.8916e+000  1.2876e-001  3.8557e-003  7.7195e+000  2.3116e-001
  3.0230e+000  4.6091e+000  9.0032e+001  1.2439e-001  7.4443e+000  1.1910e-001  3.5643e-003  7.1278e+000  2.1331e-001
  3.0463e+000  4.6324e+000  9.0032e+001  1.0882e-001  6.4878e+000  1.0336e-001  3.0935e-003  6.1629e+000  1.8444e-001
  3.0656e+000  4.6517e+000  9.0032e+001  9.7846e-002  5.8160e+000  9.3635e-002  2.8021e-003  5.5657e+000  1.6656e-001
  3.0901e+000  4.6762e+000  9.0032e+001  8.7096e-002  5.1573e+000  8.1710e-002  2.4434e-003  4.8383e+000  1.4469e-001
  3.1146e+000  4.7007e+000  9.0032e+001  7.9229e-002  4.6739e+000  7.4267e-002  2.2282e-003  4.3812e+000  1.3145e-001
  3.1365e+000  4.7226e+000  9.0032e+001  7.3973e-002  4.3496e+000  6.8416e-002  2.0534e-003  4.0228e+000  1.2074e-001
  3.1700e+000  4.7561e+000  9.0032e+001  6.8159e-002  3.9881e+000  6.1669e-002  1.8494e-003  3.6083e+000  1.0821e-001
  3.2035e+000  4.7896e+000  9.0032e+001  6.4121e-002  3.7340e+000  5.9203e-002  1.7754e-003  3.4476e+000  1.0339e-001
  3.2370e+000  4.8231e+000  9.0032e+001  6.1222e-002  3.5486e+000  5.6065e-002  1.6813e-003  3.2497e+000  9.7451e-002
  1.4073e+000  2.9934e+000  1.0459e+002  4.7669e-002  5.3328e+000  4.9305e-002  1.5809e-003  5.5159e+000  1.7686e-001
  1.4331e+000  3.0192e+000  1.0459e+002  4.6803e-002  5.1252e+000  4.6365e-002  1.5787e-003  5.0773e+000  1.7287e-001
  1.4589e+000  3.0450e+000  1.0459e+002  4.5983e-002  4.9325e+000  4.6569e-002  1.5787e-003  4.9953e+000  1.6934e-001
  1.4872e+000  3.0733e+000  1.0459e+002  4.5130e-002  4.7360e+000  4.5212e-002  1.5787e-003  4.7446e+000  1.6567e-001
  1.5130e+000  3.0991e+000  1.0459e+002  4.4396e-002  4.5703e+000  4.4510e-002  1.3344e-003  4.5820e+000  1.3737e-001
  1.5414e+000  3.1275e+000  1.0459e+002  4.3633e-002  4.4008e+000  4.4036e-002  1.3525e-003  4.4414e+000  1.3641e-001
  1.5667e+000  3.1528e+000  1.0459e+002  4.2987e-002  4.2598e+000  4.3334e-002  1.3005e-003  4.2942e+000  1.2887e-001
  1.5951e+000  3.1812e+000  1.0459e+002  4.2302e-002  4.1127e+000  4.2204e-002  1.3548e-003  4.1031e+000  1.3171e-001
  1.6235e+000  3.2096e+000  1.0459e+002  4.1656e-002  3.9759e+000  4.1955e-002  1.2575e-003  4.0044e+000  1.2002e-001
  1.6505e+000  3.2366e+000  1.0459e+002  4.1073e-002  3.8541e+000  4.0801e-002  1.2236e-003  3.8286e+000  1.1482e-001
  1.6802e+000  3.2663e+000  1.0459e+002  4.0471e-002  3.7299e+000  4.1480e-002  1.3525e-003  3.8228e+000  1.2465e-001
  1.7060e+000  3.2921e+000  1.0459e+002  3.9977e-002  3.6290e+000  3.9422e-002  1.3525e-003  3.5785e+000  1.2277e-001
  1.7343e+000  3.3204e+000  1.0459e+002  3.9465e-002  3.5251e+000  3.9399e-002  1.1829e-003  3.5192e+000  1.0566e-001
  1.7614e+000  3.3475e+000  1.0459e+002  3.9004e-002  3.4323e+000  3.9603e-002  1.5787e-003  3.4850e+000  1.3892e-001
  1.7893e+000  3.3754e+000  1.0459e+002  3.8557e-002  3.3428e+000  3.7567e-002  1.1263e-003  3.2569e+000  9.7650e-002
  1.8177e+000  3.4038e+000  1.0459e+002  3.8132e-002  3.2578e+000  3.9331e-002  1.3525e-003  3.3602e+000  1.1555e-001
  1.8164e+000  3.4025e+000  1.0459e+002  3.8151e-002  3.2615e+000  3.7092e-002  1.3525e-003  3.1710e+000  1.1563e-001
  1.8435e+000  3.4296e+000  1.0459e+002  3.7770e-002  3.1854e+000  3.8200e-002  1.3525e-003  3.2217e+000  1.1407e-001
  1.8744e+000  3.4605e+000  1.0459e+002  3.7367e-002  3.1043e+000  3.5916e-002  1.3525e-003  2.9838e+000  1.1236e-001
  1.9015e+000  3.4876e+000  1.0459e+002  3.7040e-002  3.0383e+000  3.7047e-002  1.3525e-003  3.0388e+000  1.1094e-001
  1.9299e+000  3.5160e+000  1.0459e+002  3.6725e-002  2.9736e+000  3.5667e-002  1.1263e-003  2.8880e+000  9.1198e-002
  1.9608e+000  3.5469e+000  1.0459e+002  3.6413e-002  2.9082e+000  3.6097e-002  1.3525e-003  2.8830e+000  1.0802e-001
  1.9917e+000  3.5778e+000  1.0459e+002  3.6133e-002  2.8479e+000  3.5396e-002  1.5787e-003  2.7898e+000  1.2443e-001
  2.0214e+000  3.6075e+000  1.0459e+002  3.5896e-002  2.7946e+000  3.4921e-002  1.1263e-003  2.7187e+000  8.7689e-002
  2.0506e+000  3.6367e+000  1.0459e+002  3.5692e-002  2.7463e+000  3.5124e-002  1.8048e-003  2.7026e+000  1.3887e-001
  2.0725e+000  3.6586e+000  1.0459e+002  3.5560e-002  2.7127e+000  3.5554e-002  1.0675e-003  2.7123e+000  8.1437e-002
  2.1022e+000  3.6883e+000  1.0459e+002  3.5410e-002  2.6709e+000  3.4649e-002  1.3502e-003  2.6135e+000  1.0185e-001
  2.1331e+000  3.7192e+000  1.0459e+002  3.5289e-002  2.6315e+000  3.4853e-002  1.3525e-003  2.5990e+000  1.0086e-001
  2.1628e+000  3.7489e+000  1.0459e+002  3.5211e-002  2.5979e+000  3.4378e-002  1.1263e-003  2.5364e+000  8.3101e-002
  2.1937e+000  3.7798e+000  1.0459e+002  3.5170e-002  2.5671e+000  3.4582e-002  1.3525e-003  2.5241e+000  9.8718e-002
  2.2259e+000  3.8120e+000  1.0459e+002  3.5176e-002  2.5397e+000  3.3880e-002  1.1263e-003  2.4461e+000  8.1320e-002
  2.2556e+000  3.8417e+000  1.0459e+002  3.5228e-002  2.5189e+000  3.4536e-002  1.1286e-003  2.4694e+000  8.0696e-002
  2.2878e+000  3.8739e+000  1.0459e+002  3.5342e-002  2.5012e+000  3.4536e-002  1.1263e-003  2.4442e+000  7.9714e-002
  2.3187e+000  3.9048e+000  1.0459e+002  3.5512e-002  2.4894e+000  3.4740e-002  1.5787e-003  2.4353e+000  1.1067e-001
  2.3493e+000  3.9354e+000  1.0459e+002  3.5747e-002  2.4831e+000  3.4717e-002  1.3548e-003  2.4116e+000  9.4106e-002
  2.3789e+000  3.9650e+000  1.0459e+002  3.6047e-002  2.4825e+000  3.5373e-002  1.1263e-003  2.4360e+000  7.7566e-002
  2.4124e+000  3.9985e+000  1.0459e+002  3.6486e-002  2.4890e+000  3.3541e-002  1.3525e-003  2.2881e+000  9.2264e-002
  2.4447e+000  4.0308e+000  1.0459e+002  3.7025e-002  2.5036e+000  3.5780e-002  1.0721e-003  2.4194e+000  7.2489e-002
  2.4756e+000  4.0617e+000  1.0459e+002  3.7672e-002  2.5264e+000  3.6889e-002  1.3548e-003  2.4739e+000  9.0855e-002
  2.5091e+000  4.0952e+000  1.0459e+002  3.8546e-002  2.5627e+000  3.7092e-002  1.5787e-003  2.4661e+000  1.0496e-001
  2.5400e+000  4.1261e+000  1.0459e+002  3.9551e-002  2.6092e+000  3.8404e-002  1.3525e-003  2.5335e+000  8.9225e-002
  2.5723e+000  4.1584e+000  1.0459e+002  4.0854e-002  2.6741e+000  4.1548e-002  1.3525e-003  2.7195e+000  8.8527e-002
  2.6045e+000  4.1906e+000  1.0459e+002  4.2492e-002  2.7601e+000  4.3334e-002  1.5787e-003  2.8148e+000  1.0254e-001
  2.6406e+000  4.2267e+000  1.0459e+002  4.4858e-002  2.8898e+000  4.4443e-002  1.3525e-003  2.8630e+000  8.7127e-002
  2.6728e+000  4.2589e+000  1.0459e+002  4.7624e-002  3.0459e+000  4.6003e-002  1.5787e-003  2.9423e+000  1.0097e-001
  2.7051e+000  4.2912e+000  1.0459e+002  5.1260e-002  3.2557e+000  5.0481e-002  2.4879e-003  3.2062e+000  1.5801e-001
  2.7192e+000  4.3053e+000  1.0459e+002  5.3228e-002  3.3705e+000  5.4304e-002  1.6284e-003  3.4386e+000  1.0312e-001
  2.7399e+000  4.3260e+000  1.0459e+002  5.6617e-002  3.5697e+000  5.8352e-002  1.8048e-003  3.6791e+000  1.1379e-001
  2.7725e+000  4.3586e+000  1.0459e+002  6.3697e-002  3.9893e+000  6.5567e-002  1.9677e-003  4.1065e+000  1.2324e-001
  2.8035e+000  4.3896e+000  1.0459e+002  7.3279e-002  4.5613e+000  7.4546e-002  2.2368e-003  4.6402e+000  1.3923e-001
  2.8426e+000  4.4287e+000  1.0459e+002  9.2054e-002  5.6869e+000  9.8430e-002  2.9628e-003  6.0808e+000  1.8304e-001
  2.8636e+000  4.4497e+000  1.0459e+002  1.0698e-001  6.5827e+000  1.1220e-001  3.3700e-003  6.9043e+000  2.0737e-001
  2.8868e+000  4.4729e+000  1.0459e+002  1.2894e-001  7.9004e+000  1.2980e-001  3.8901e-003  7.9529e+000  2.3835e-001
  2.9109e+000  4.4970e+000  1.0459e+002  1.5834e-001  9.6592e+000  1.5653e-001  4.7044e-003  9.5492e+000  2.8699e-001
  2.9238e+000  4.5099e+000  1.0459e+002  1.7568e-001  1.0692e+001  1.7372e-001  5.2019e-003  1.0574e+001  3.1661e-001
  2.9332e+000  4.5193e+000  1.0459e+002  1.8782e-001  1.1413e+001  1.8729e-001  5.6090e-003  1.1380e+001  3.4082e-001
  2.9453e+000  4.5314e+000  1.0459e+002  2.0050e-001  1.2158e+001  1.9602e-001  5.8805e-003  1.1886e+001  3.5656e-001
  2.9543e+000  4.5404e+000  1.0459e+002  2.0633e-001  1.2491e+001  1.9828e-001  5.9483e-003  1.2004e+001  3.6011e-001
  2.9723e+000  4.5584e+000  1.0459e+002  2.0414e-001  1.2320e+001  1.9715e-001  5.9257e-003  1.1899e+001  3.5764e-001
  2.9900e+000  4.5761e+000  1.0459e+002  1.8402e-001  1.1073e+001  1.8471e-001  5.5412e-003  1.1115e+001  3.3344e-001
  2.9998e+000  4.5859e+000  1.0459e+002  1.6777e-001  1.0079e+001  1.6961e-001  5.0889e-003  1.0189e+001  3.0571e-001
  3.0123e+000  4.5984e+000  1.0459e+002  1.4578e-001  8.7399e+000  1.4595e-001  4.3877e-003  8.7499e+000  2.6305e-001
  3.0235e+000  4.6096e+000  1.0459e+002  1.2687e-001  7.5920e+000  1.2496e-001  3.7544e-003  7.4779e+000  2.2467e-001
  3.0334e+000  4.6195e+000  1.0459e+002  1.1177e-001  6.6781e+000  1.0820e-001  3.2569e-003  6.4646e+000  1.9459e-001
  3.0570e+000  4.6431e+000  1.0459e+002  8.3308e-002  4.9586e+000  8.2055e-002  2.4653e-003  4.8840e+000  1.4673e-001
  3.0798e+000  4.6659e+000  1.0459e+002  6.4877e-002  3.8477e+000  6.2197e-002  1.8659e-003  3.6888e+000  1.1066e-001
  3.1017e+000  4.6878e+000  1.0459e+002  5.3052e-002  3.1358e+000  5.0685e-002  1.5199e-003  2.9959e+000  8.9837e-002
  3.1257e+000  4.7118e+000  1.0459e+002  4.4430e-002  2.6167e+000  4.0507e-002  1.5787e-003  2.3856e+000  9.2974e-002
  3.1477e+000  4.7338e+000  1.0459e+002  3.9151e-002  2.2982e+000  3.5532e-002  1.3548e-003  2.0858e+000  7.9528e-002
  3.1709e+000  4.7570e+000  1.0459e+002  3.5296e-002  2.0650e+000  3.1460e-002  1.5787e-003  1.8406e+000  9.2359e-002
  3.2040e+000  4.7901e+000  1.0459e+002  3.1762e-002  1.8495e+000  2.6937e-002  1.5809e-003  1.5685e+000  9.2057e-002
  3.2375e+000  4.8236e+000  1.0459e+002  2.9631e-002  1.7174e+000  2.4200e-002  1.5787e-003  1.4026e+000  9.1499e-002
  3.2697e+000  4.8558e+000  1.0459e+002  2.8419e-002  1.6400e+000  2.1701e-002  1.3525e-003  1.2523e+000  7.8050e-002
  1.4082e+000  2.9943e+000  1.2532e+002  3.3519e-002  3.7472e+000  3.5323e-002  2.2550e-003  3.9489e+000  2.5210e-001
  1.4340e+000  3.0201e+000  1.2532e+002  3.3028e-002  3.6143e+000  3.2152e-002  1.1258e-003  3.5184e+000  1.2319e-001
  1.4597e+000  3.0458e+000  1.2532e+002  3.2570e-002  3.4914e+000  3.3491e-002  1.3530e-003  3.5901e+000  1.4504e-001
  1.4877e+000  3.0738e+000  1.2532e+002  3.2110e-002  3.3685e+000  3.2575e-002  1.1258e-003  3.4173e+000  1.1810e-001
  1.5147e+000  3.1008e+000  1.2532e+002  3.1696e-002  3.2588e+000  3.2099e-002  1.3530e-003  3.3002e+000  1.3911e-001
  1.5418e+000  3.1279e+000  1.2532e+002  3.1314e-002  3.1574e+000  3.2328e-002  1.5768e-003  3.2596e+000  1.5899e-001
  1.5676e+000  3.1537e+000  1.2532e+002  3.0977e-002  3.0679e+000  3.1853e-002  1.5768e-003  3.1546e+000  1.5616e-001
  1.5942e+000  3.1803e+000  1.2532e+002  3.0656e-002  2.9821e+000  3.0936e-002  1.3513e-003  3.0094e+000  1.3145e-001
  1.6226e+000  3.2087e+000  1.2532e+002  3.0342e-002  2.8976e+000  2.9791e-002  1.3530e-003  2.8450e+000  1.2921e-001
  1.6510e+000  3.2371e+000  1.2532e+002  3.0058e-002  2.8197e+000  3.0003e-002  1.3513e-003  2.8146e+000  1.2676e-001
  1.6789e+000  3.2650e+000  1.2532e+002  2.9804e-002  2.7489e+000  3.0214e-002  1.1258e-003  2.7867e+000  1.0383e-001
  1.7047e+000  3.2908e+000  1.2532e+002  2.9593e-002  2.6883e+000  2.9069e-002  1.3530e-003  2.6407e+000  1.2291e-001
  1.7318e+000  3.3179e+000  1.2532e+002  2.9394e-002  2.6294e+000  2.9509e-002  1.1258e-003  2.6397e+000  1.0070e-001
  1.7597e+000  3.3458e+000  1.2532e+002  2.9213e-002  2.5732e+000  2.8593e-002  1.1258e-003  2.5185e+000  9.9159e-002
  1.7880e+000  3.3741e+000  1.2532e+002  2.9054e-002  2.5206e+000  2.8135e-002  1.1258e-003  2.4409e+000  9.7666e-002
  1.8151e+000  3.4012e+000  1.2532e+002  2.8925e-002  2.4745e+000  2.8805e-002  2.0260e-003  2.4642e+000  1.7332e-001
  1.8435e+000  3.4296e+000  1.2532e+002  2.8814e-002  2.4301e+000  2.8100e-002  1.5785e-003  2.3699e+000  1.3313e-001
  1.8714e+000  3.4575e+000  1.2532e+002  2.8728e-002  2.3901e+000  2.8540e-002  1.1258e-003  2.3745e+000  9.3660e-002
  1.9011e+000  3.4872e+000  1.2532e+002  2.8662e-002  2.3515e+000  2.8311e-002  1.3530e-003  2.3227e+000  1.1100e-001
  1.9307e+000  3.5168e+000  1.2532e+002  2.8622e-002  2.3166e+000  2.7378e-002  9.0202e-004  2.2159e+000  7.3008e-002
  1.9586e+000  3.5447e+000  1.2532e+002  2.8610e-002  2.2872e+000  2.8717e-002  1.3530e-003  2.2957e+000  1.0817e-001
  1.9896e+000  3.5757e+000  1.2532e+002  2.8624e-002  2.2581e+000  2.9826e-002  1.1258e-003  2.3530e+000  8.8810e-002
  2.0179e+000  3.6040e+000  1.2532e+002  2.8665e-002  2.2348e+000  2.8910e-002  1.3513e-003  2.2539e+000  1.0535e-001
  2.0502e+000  3.6363e+000  1.2532e+002  2.8743e-002  2.2120e+000  2.9122e-002  3.8230e-003  2.2411e+000  2.9421e-001
  2.0781e+000  3.6642e+000  1.2532e+002  2.8841e-002  2.1954e+000  2.7307e-002  9.0202e-004  2.0787e+000  6.8663e-002
  2.1103e+000  3.6964e+000  1.2532e+002  2.8988e-002  2.1799e+000  2.8875e-002  1.1258e-003  2.1713e+000  8.4655e-002
  2.1413e+000  3.7274e+000  1.2532e+002  2.9168e-002  2.1686e+000  2.9756e-002  1.1275e-003  2.2123e+000  8.3830e-002
  2.1705e+000  3.7566e+000  1.2532e+002  2.9375e-002  2.1614e+000  2.9280e-002  1.7970e-003  2.1544e+000  1.3222e-001
  2.2001e+000  3.7862e+000  1.2532e+002  2.9624e-002  2.1575e+000  2.7237e-002  1.1258e-003  1.9836e+000  8.1987e-002
  2.2324e+000  3.8185e+000  1.2532e+002  2.9944e-002  2.1573e+000  2.9932e-002  1.3530e-003  2.1565e+000  9.7479e-002
  2.2642e+000  3.8503e+000  1.2532e+002  3.0314e-002  2.1615e+000  2.8558e-002  1.3530e-003  2.0363e+000  9.6477e-002
  2.2951e+000  3.8812e+000  1.2532e+002  3.0733e-002  2.1701e+000  3.0566e-002  1.3530e-003  2.1583e+000  9.5540e-002
  2.3248e+000  3.9109e+000  1.2532e+002  3.1195e-002  2.1828e+000  3.1465e-002  1.1258e-003  2.2017e+000  7.8773e-002
  2.3566e+000  3.9427e+000  1.2532e+002  3.1766e-002  2.2018e+000  3.1218e-002  1.1258e-003  2.1639e+000  7.8031e-002
  2.3875e+000  3.9736e+000  1.2532e+002  3.2407e-002  2.2263e+000  3.2769e-002  1.3513e-003  2.2511e+000  9.2828e-002
  2.4197e+000  4.0058e+000  1.2532e+002  3.3178e-002  2.2587e+000  3.2311e-002  1.5768e-003  2.1997e+000  1.0735e-001
  2.4507e+000  4.0368e+000  1.2532e+002  3.4036e-002  2.2977e+000  3.3879e-002  1.1258e-003  2.2871e+000  7.5998e-002
  2.4825e+000  4.0686e+000  1.2532e+002  3.5060e-002  2.3470e+000  3.4759e-002  1.3530e-003  2.3269e+000  9.0575e-002
  2.5147e+000  4.1008e+000  1.2532e+002  3.6275e-002  2.4083e+000  3.6768e-002  1.3513e-003  2.4410e+000  8.9711e-002
  2.5469e+000  4.1330e+000  1.2532e+002  3.7711e-002  2.4836e+000  3.9234e-002  1.3530e-003  2.5839e+000  8.9108e-002
  2.5800e+000  4.1661e+000  1.2532e+002  3.9472e-002  2.5788e+000  4.0344e-002  1.5768e-003  2.6358e+000  1.0301e-001
  2.6122e+000  4.1983e+000  1.2532e+002  4.1545e-002  2.6938e+000  4.3480e-002  1.3037e-003  2.8192e+000  8.4531e-002
  2.6277e+000  4.2138e+000  1.2532e+002  4.2695e-002  2.7585e+000  4.3462e-002  1.3037e-003  2.8080e+000  8.4230e-002
  2.6445e+000  4.2306e+000  1.2532e+002  4.4077e-002  2.8370e+000  4.5030e-002  1.3513e-003  2.8983e+000  8.6972e-002
  2.6612e+000  4.2473e+000  1.2532e+002  4.5624e-002  2.9255e+000  4.7726e-002  1.4323e-003  3.0603e+000  9.1843e-002
  2.6806e+000  4.2667e+000  1.2532e+002  4.7649e-002  3.0424e+000  4.9752e-002  1.4922e-003  3.1767e+000  9.5277e-002
  2.6973e+000  4.2834e+000  1.2532e+002  4.9653e-002  3.1589e+000  5.0192e-002  1.5063e-003  3.1932e+000  9.5828e-002
  2.7283e+000  4.3144e+000  1.2532e+002  5.4121e-002  3.4206e+000  5.4685e-002  1.6402e-003  3.4562e+000  1.0366e-001
  2.7128e+000  4.2989e+000  1.2532e+002  5.1748e-002  3.2813e+000  5.2888e-002  1.5873e-003  3.3535e+000  1.0065e-001
  2.7614e+000  4.3475e+000  1.2532e+002  6.0397e-002  3.7912e+000  6.0974e-002  1.8322e-003  3.8275e+000  1.1501e-001
  2.7949e+000  4.3810e+000  1.2532e+002  6.9083e-002  4.3074e+000  6.9078e-002  2.0789e-003  4.3071e+000  1.2962e-001
  2.8301e+000  4.4162e+000  1.2532e+002  8.2095e-002  5.0837e+000  8.5057e-002  2.5545e-003  5.2672e+000  1.5819e-001
  2.8520e+000  4.4381e+000  1.2532e+002  9.3084e-002  5.7402e+000  9.6985e-002  2.9069e-003  5.9808e+000  1.7926e-001
  2.8662e+000  4.4523e+000  1.2532e+002  1.0170e-001  6.2549e+000  1.0463e-001  3.1359e-003  6.4352e+000  1.9287e-001
  2.8752e+000  4.4613e+000  1.2532e+002  1.0785e-001  6.6222e+000  1.1027e-001  3.3121e-003  6.7706e+000  2.0337e-001
  2.8898e+000  4.4759e+000  1.2532e+002  1.1887e-001  7.2795e+000  1.2179e-001  3.6468e-003  7.4581e+000  2.2332e-001
  2.9001e+000  4.4862e+000  1.2532e+002  1.2727e-001  7.7790e+000  1.3011e-001  3.9111e-003  7.9524e+000  2.3906e-001
  2.9118e+000  4.4979e+000  1.2532e+002  1.3688e-001  8.3488e+000  1.3750e-001  4.1225e-003  8.3871e+000  2.5145e-001
  2.9234e+000  4.5095e+000  1.2532e+002  1.4583e-001  8.8763e+000  1.4563e-001  4.3691e-003  8.8642e+000  2.6595e-001
  2.9337e+000  4.5198e+000  1.2532e+002  1.5214e-001  9.2437e+000  1.4994e-001  4.4925e-003  9.1103e+000  2.7296e-001
  2.9440e+000  4.5301e+000  1.2532e+002  1.5562e-001  9.4381e+000  1.5713e-001  4.7215e-003  9.5298e+000  2.8635e-001
  2.9556e+000  4.5417e+000  1.2532e+002  1.5457e-001  9.3558e+000  1.6115e-001  4.8272e-003  9.7538e+000  2.9218e-001
  2.9711e+000  4.5572e+000  1.2532e+002  1.4336e-001  8.6539e+000  1.4769e-001  4.4220e-003  8.9155e+000  2.6694e-001
  2.9809e+000  4.5670e+000  1.2532e+002  1.3086e-001  7.8865e+000  1.4203e-001  4.2634e-003  8.5597e+000  2.5694e-001
  2.9912e+000  4.5773e+000  1.2532e+002  1.1505e-001  6.9214e+000  1.2241e-001  3.6644e-003  7.3642e+000  2.2046e-001
  3.0011e+000  4.5872e+000  1.2532e+002  9.8962e-002  5.9439e+000  1.0463e-001  3.1359e-003  6.2844e+000  1.8835e-001
  3.0110e+000  4.5971e+000  1.2532e+002  8.3439e-002  5.0034e+000  8.7665e-002  2.6250e-003  5.2568e+000  1.5741e-001
  3.0222e+000  4.6083e+000  1.2532e+002  6.7738e-002  4.0544e+000  7.1422e-002  2.1493e-003  4.2749e+000  1.2865e-001
  3.0437e+000  4.6298e+000  1.2532e+002  4.4640e-002  2.6627e+000  4.5718e-002  1.5768e-003  2.7269e+000  9.4050e-002
  3.0664e+000  4.6525e+000  1.2532e+002  2.9238e-002  1.7377e+000  3.0848e-002  1.5768e-003  1.8334e+000  9.3711e-002
  3.0995e+000  4.6856e+000  1.2532e+002  1.7496e-002  1.0345e+000  1.9326e-002  1.3513e-003  1.1427e+000  7.9897e-002
  3.1356e+000  4.7217e+000  1.2532e+002  1.2049e-002  7.0857e-001  1.3000e-002  1.1258e-003  7.6449e-001  6.6202e-002
  3.1700e+000  4.7561e+000  1.2532e+002  1.0084e-002  5.9004e-001  9.5998e-003  1.5768e-003  5.6170e-001  9.2259e-002
  3.2022e+000  4.7883e+000  1.2532e+002  9.5627e-003  5.5696e-001  8.9057e-003  1.5785e-003  5.1870e-001  9.1939e-002
  3.2366e+000  4.8227e+000  1.2532e+002  9.6914e-003  5.6178e-001  8.4370e-003  1.3530e-003  4.8906e-001  7.8430e-002
  3.2508e+000  4.8369e+000  1.2532e+002  9.8601e-003  5.7045e-001  9.1065e-003  1.1258e-003  5.2685e-001  6.5131e-002
  3.2701e+000  4.8562e+000  1.2532e+002  1.0158e-002  5.8614e-001  8.8704e-003  1.1275e-003  5.1187e-001  6.5063e-002
  1.4069e+000  2.9930e+000  1.1661e+002  3.7305e-002  4.1749e+000  3.9901e-002  1.5740e-003  4.4654e+000  1.7615e-001
  1.4348e+000  3.0209e+000  1.1661e+002  3.6626e-002  4.0051e+000  3.8547e-002  1.3498e-003  4.2152e+000  1.4760e-001
  1.4593e+000  3.0454e+000  1.1661e+002  3.6067e-002  3.8675e+000  3.7870e-002  1.3498e-003  4.0608e+000  1.4474e-001
  1.4890e+000  3.0751e+000  1.1661e+002  3.5433e-002  3.7135e+000  3.6071e-002  1.3498e-003  3.7805e+000  1.4146e-001
  1.5160e+000  3.1021e+000  1.1661e+002  3.4893e-002  3.5840e+000  3.7848e-002  1.1361e-003  3.8876e+000  1.1669e-001
  1.5427e+000  3.1288e+000  1.1661e+002  3.4396e-002  3.4660e+000  3.5373e-002  1.1255e-003  3.5645e+000  1.1342e-001
  1.5672e+000  3.1533e+000  1.1661e+002  3.3967e-002  3.3650e+000  3.4908e-002  1.0472e-003  3.4582e+000  1.0375e-001
  1.5981e+000  3.1842e+000  1.1661e+002  3.3464e-002  3.2470e+000  3.6262e-002  1.1255e-003  3.5184e+000  1.0921e-001
  1.6252e+000  3.2113e+000  1.1661e+002  3.3057e-002  3.1516e+000  3.4908e-002  1.5761e-003  3.3281e+000  1.5027e-001
  1.6523e+000  3.2384e+000  1.1661e+002  3.2679e-002  3.0632e+000  3.4231e-002  1.3498e-003  3.2087e+000  1.2652e-001
  1.6802e+000  3.2663e+000  1.1661e+002  3.2319e-002  2.9786e+000  3.3765e-002  1.1255e-003  3.1119e+000  1.0373e-001
  1.7085e+000  3.2946e+000  1.1661e+002  3.1984e-002  2.8990e+000  3.2179e-002  9.6472e-004  2.9167e+000  8.7443e-002
  1.7356e+000  3.3217e+000  1.1661e+002  3.1692e-002  2.8288e+000  3.1946e-002  1.1255e-003  2.8514e+000  1.0046e-001
  1.7627e+000  3.3488e+000  1.1661e+002  3.1426e-002  2.7636e+000  3.2157e-002  1.3498e-003  2.8279e+000  1.1870e-001
  1.7919e+000  3.3780e+000  1.1661e+002  3.1169e-002  2.6986e+000  3.1925e-002  1.1255e-003  2.7640e+000  9.7446e-002
  1.8203e+000  3.4064e+000  1.1661e+002  3.0948e-002  2.6406e+000  3.0803e-002  1.1255e-003  2.6282e+000  9.6032e-002
  1.8486e+000  3.4347e+000  1.1661e+002  3.0755e-002  2.5872e+000  3.1015e-002  9.3087e-004  2.6091e+000  7.8307e-002
  1.8757e+000  3.4618e+000  1.1661e+002  3.0597e-002  2.5404e+000  3.1904e-002  1.1234e-003  2.6488e+000  9.3272e-002
  1.9062e+000  3.4923e+000  1.1661e+002  3.0450e-002  2.4922e+000  3.1459e-002  9.4357e-004  2.5748e+000  7.7227e-002
  1.9346e+000  3.5207e+000  1.1661e+002  3.0343e-002  2.4517e+000  3.0761e-002  1.1255e-003  2.4854e+000  9.0939e-002
  1.9642e+000  3.5503e+000  1.1661e+002  3.0263e-002  2.4134e+000  3.1438e-002  1.3498e-003  2.5072e+000  1.0764e-001
  1.9947e+000  3.5808e+000  1.1661e+002  3.0214e-002  2.3783e+000  3.0973e-002  1.1255e-003  2.4381e+000  8.8597e-002
  2.0244e+000  3.6105e+000  1.1661e+002  3.0201e-002  2.3483e+000  3.1417e-002  1.3498e-003  2.4429e+000  1.0496e-001
  2.0540e+000  3.6401e+000  1.1661e+002  3.0222e-002  2.3223e+000  3.1184e-002  9.3510e-004  2.3962e+000  7.1853e-002
  2.0837e+000  3.6698e+000  1.1661e+002  3.0281e-002  2.3001e+000  3.2094e-002  1.5740e-003  2.4378e+000  1.1956e-001
  2.1142e+000  3.7003e+000  1.1661e+002  3.0382e-002  2.2814e+000  2.9598e-002  1.5761e-003  2.2225e+000  1.1835e-001
  2.1438e+000  3.7299e+000  1.1661e+002  3.0522e-002  2.2672e+000  3.0952e-002  1.1255e-003  2.2991e+000  8.3602e-002
  2.1748e+000  3.7609e+000  1.1661e+002  3.0716e-002  2.2567e+000  3.1607e-002  1.3498e-003  2.3221e+000  9.9165e-002
  2.2057e+000  3.7918e+000  1.1661e+002  3.0963e-002  2.2507e+000  3.1142e-002  1.3498e-003  2.2637e+000  9.8115e-002
  2.2362e+000  3.8223e+000  1.1661e+002  3.1263e-002  2.2495e+000  3.1375e-002  1.1255e-003  2.2575e+000  8.0984e-002
  2.2672e+000  3.8533e+000  1.1661e+002  3.1630e-002  2.2532e+000  3.3829e-002  1.1255e-003  2.4098e+000  8.0176e-002
  2.2981e+000  3.8842e+000  1.1661e+002  3.2068e-002  2.2623e+000  3.3152e-002  1.1255e-003  2.3387e+000  7.9400e-002
  2.3291e+000  3.9152e+000  1.1661e+002  3.2586e-002  2.2772e+000  3.2919e-002  1.3498e-003  2.3005e+000  9.4325e-002
  2.3609e+000  3.9470e+000  1.1661e+002  3.3214e-002  2.2993e+000  3.3131e-002  1.1255e-003  2.2935e+000  7.7916e-002
  2.3905e+000  3.9766e+000  1.1661e+002  3.3899e-002  2.3268e+000  3.5839e-002  1.0747e-003  2.4599e+000  7.3768e-002
  2.4240e+000  4.0101e+000  1.1661e+002  3.4809e-002  2.3670e+000  3.5140e-002  1.3498e-003  2.3895e+000  9.1782e-002
  2.4550e+000  4.0411e+000  1.1661e+002  3.5800e-002  2.4140e+000  3.6029e-002  1.3498e-003  2.4294e+000  9.1015e-002
  2.4855e+000  4.0716e+000  1.1661e+002  3.6945e-002  2.4713e+000  3.7595e-002  1.3498e-003  2.5147e+000  9.0286e-002
  2.5177e+000  4.1038e+000  1.1661e+002  3.8376e-002  2.5458e+000  3.9837e-002  1.1953e-003  2.6428e+000  7.9298e-002
  2.5486e+000  4.1347e+000  1.1661e+002  4.0011e-002  2.6340e+000  4.2524e-002  1.3498e-003  2.7994e+000  8.8856e-002
  2.5822e+000  4.1683e+000  1.1661e+002  4.2147e-002  2.7521e+000  4.4767e-002  1.3498e-003  2.9232e+000  8.8139e-002
  2.6256e+000  4.2117e+000  1.1661e+002  4.5657e-002  2.9513e+000  4.7686e-002  1.4302e-003  3.0824e+000  9.2446e-002
  2.6513e+000  4.2374e+000  1.1661e+002  4.8273e-002  3.1022e+000  4.9484e-002  1.4852e-003  3.1801e+000  9.5442e-002
  2.6578e+000  4.2439e+000  1.1661e+002  4.9004e-002  3.1446e+000  5.0161e-002  1.5042e-003  3.2189e+000  9.6527e-002
  2.6849e+000  4.2710e+000  1.1661e+002  5.2483e-002  3.3479e+000  5.4202e-002  1.6269e-003  3.4576e+000  1.0378e-001
  2.6913e+000  4.2774e+000  1.1661e+002  5.3422e-002  3.4030e+000  5.6212e-002  1.6861e-003  3.5808e+000  1.0741e-001
  2.7235e+000  4.3096e+000  1.1661e+002  5.8928e-002  3.7281e+000  6.2749e-002  1.8829e-003  3.9698e+000  1.1912e-001
  2.7506e+000  4.3367e+000  1.1661e+002  6.4896e-002  4.0826e+000  6.9477e-002  2.0839e-003  4.3708e+000  1.3110e-001
  2.7571e+000  4.3432e+000  1.1661e+002  6.6549e-002  4.1810e+000  7.0831e-002  2.1156e-003  4.4501e+000  1.3292e-001
  2.7841e+000  4.3702e+000  1.1661e+002  7.4750e-002  4.6707e+000  7.6226e-002  2.2849e-003  4.7629e+000  1.4277e-001
  2.7893e+000  4.3754e+000  1.1661e+002  7.6583e-002  4.7803e+000  8.1621e-002  2.4541e-003  5.0948e+000  1.5319e-001
  2.8151e+000  4.4012e+000  1.1661e+002  8.7436e-002  5.4302e+000  9.0845e-002  2.7291e-003  5.6419e+000  1.6949e-001
  2.8254e+000  4.4115e+000  1.1661e+002  9.2720e-002  5.7469e+000  9.8948e-002  2.9619e-003  6.1329e+000  1.8358e-001
  2.8460e+000  4.4321e+000  1.1661e+002  1.0535e-001  6.5040e+000  1.1312e-001  3.3850e-003  6.9839e+000  2.0898e-001
  2.8537e+000  4.4398e+000  1.1661e+002  1.1091e-001  6.8373e+000  1.1826e-001  3.5542e-003  7.2906e+000  2.1911e-001
  2.8666e+000  4.4527e+000  1.1661e+002  1.2132e-001  7.4609e+000  1.3400e-001  4.0197e-003  8.2411e+000  2.4721e-001
  2.8860e+000  4.4721e+000  1.1661e+002  1.3977e-001  8.5654e+000  1.4530e-001  4.3582e-003  8.9041e+000  2.6707e-001
  2.8924e+000  4.4785e+000  1.1661e+002  1.4665e-001  8.9762e+000  1.5252e-001  4.5697e-003  9.3352e+000  2.7971e-001
  2.8950e+000  4.4811e+000  1.1661e+002  1.4949e-001  9.1455e+000  1.5611e-001  4.6755e-003  9.5508e+000  2.8605e-001
  2.9053e+000  4.4914e+000  1.1661e+002  1.6118e-001  9.8423e+000  1.6618e-001  4.9929e-003  1.0148e+001  3.0489e-001
  2.9143e+000  4.5004e+000  1.1661e+002  1.7152e-001  1.0457e+001  1.7297e-001  5.1833e-003  1.0546e+001  3.1601e-001
  2.9238e+000  4.5099e+000  1.1661e+002  1.8182e-001  1.1066e+001  1.7945e-001  5.3737e-003  1.0922e+001  3.2707e-001
  2.9315e+000  4.5176e+000  1.1661e+002  1.8915e-001  1.1497e+001  1.9385e-001  5.8180e-003  1.1783e+001  3.5362e-001
  2.9354e+000  4.5215e+000  1.1661e+002  1.9223e-001  1.1676e+001  1.9591e-001  5.8814e-003  1.1899e+001  3.5724e-001
  2.9457e+000  4.5318e+000  1.1661e+002  1.9763e-001  1.1982e+001  1.9878e-001  5.9660e-003  1.2052e+001  3.6173e-001
  2.9599e+000  4.5460e+000  1.1661e+002  1.9596e-001  1.1852e+001  1.9684e-001  5.9026e-003  1.1905e+001  3.5700e-001
  2.9672e+000  4.5533e+000  1.1661e+002  1.9024e-001  1.1492e+001  1.8912e-001  5.6699e-003  1.1424e+001  3.4250e-001
  2.9698e+000  4.5559e+000  1.1661e+002  1.8744e-001  1.1317e+001  1.8099e-001  5.4371e-003  1.0928e+001  3.2830e-001
  2.9762e+000  4.5623e+000  1.1661e+002  1.7876e-001  1.0782e+001  1.7625e-001  5.2891e-003  1.0631e+001  3.1900e-001
  2.9814e+000  4.5675e+000  1.1661e+002  1.7035e-001  1.0265e+001  1.7071e-001  5.1198e-003  1.0287e+001  3.0853e-001
  2.9874e+000  4.5735e+000  1.1661e+002  1.5926e-001  9.5878e+000  1.5611e-001  4.6755e-003  9.3980e+000  2.8147e-001
  2.9925e+000  4.5786e+000  1.1661e+002  1.4903e-001  8.9642e+000  1.4818e-001  4.4428e-003  8.9127e+000  2.6723e-001
  2.9977e+000  4.5838e+000  1.1661e+002  1.3846e-001  8.3207e+000  1.3512e-001  4.0620e-003  8.1206e+000  2.4411e-001
  3.0041e+000  4.5902e+000  1.1661e+002  1.2517e-001  7.5144e+000  1.2453e-001  3.7446e-003  7.4756e+000  2.2480e-001
  3.0089e+000  4.5950e+000  1.1661e+002  1.1564e-001  6.9366e+000  1.1126e-001  3.3427e-003  6.6740e+000  2.0051e-001
  3.0140e+000  4.6001e+000  1.1661e+002  1.0562e-001  6.3306e+000  1.0694e-001  3.2157e-003  6.4097e+000  1.9273e-001
  3.0205e+000  4.6066e+000  1.1661e+002  9.3868e-002  5.6200e+000  8.9216e-002  2.6868e-003  5.3415e+000  1.6087e-001
  3.0394e+000  4.6255e+000  1.1661e+002  6.5281e-002  3.8965e+000  6.7827e-002  2.0352e-003  4.0485e+000  1.2148e-001
  3.0420e+000  4.6281e+000  1.1661e+002  6.2079e-002  3.7039e+000  6.4230e-002  1.9273e-003  3.8322e+000  1.1499e-001
  3.0587e+000  4.6448e+000  1.1661e+002  4.4889e-002  2.6711e+000  4.5338e-002  1.3603e-003  2.6978e+000  8.0947e-002
  3.0660e+000  4.6521e+000  1.1661e+002  3.9110e-002  2.3245e+000  4.0599e-002  1.3498e-003  2.4130e+000  8.0225e-002
  3.0828e+000  4.6689e+000  1.1661e+002  2.8894e-002  1.7129e+000  3.1586e-002  1.5761e-003  1.8724e+000  9.3434e-002
  3.0905e+000  4.6766e+000  1.1661e+002  2.5324e-002  1.4994e+000  2.5747e-002  1.1255e-003  1.5245e+000  6.6641e-002
  3.1047e+000  4.6908e+000  1.1661e+002  2.0193e-002  1.1930e+000  2.0115e-002  1.8004e-003  1.1884e+000  1.0637e-001
  3.1137e+000  4.6998e+000  1.1661e+002  1.7685e-002  1.0434e+000  1.8304e-002  1.5761e-003  1.0800e+000  9.2993e-002
  3.1275e+000  4.7136e+000  1.1661e+002  1.4724e-002  8.6691e-001  1.5601e-002  1.3498e-003  9.1854e-001  7.9472e-002
  3.1339e+000  4.7200e+000  1.1661e+002  1.3624e-002  8.0137e-001  1.2679e-002  1.3498e-003  7.4580e-001  7.9396e-002
  3.1507e+000  4.7368e+000  1.1661e+002  1.1423e-002  6.7024e-001  1.0428e-002  8.9914e-004  6.1187e-001  5.2758e-002
  3.1842e+000  4.7703e+000  1.1661e+002  8.9693e-003  5.2374e-001  8.3884e-003  1.3498e-003  4.8982e-001  7.8816e-002
  3.1700e+000  4.7561e+000  1.1661e+002  9.7634e-003  5.7127e-001  8.3927e-003  1.3498e-003  4.9107e-001  7.8977e-002
  3.2022e+000  4.7883e+000  1.1661e+002  8.3243e-003  4.8484e-001  8.3842e-003  1.1255e-003  4.8832e-001  6.5554e-002
  3.2190e+000  4.8051e+000  1.1661e+002  7.9925e-003  4.6442e-001  7.0302e-003  1.5761e-003  4.0851e-001  9.1585e-002
  3.2353e+000  4.8214e+000  1.1661e+002  7.8479e-003  4.5500e-001  6.7996e-003  1.1255e-003  3.9422e-001  6.5253e-002
  3.2688e+000  4.8549e+000  1.1661e+002  7.9225e-003  4.5724e-001  7.2418e-003  1.1255e-003  4.1796e-001  6.4958e-002


