  7.0099e-001  2.2871e+000  5.5000e+001  1.0394e-006  3.5899e-004  1.0739e-006  1.8841e-007  3.7091e-004  6.5071e-005
  8.0199e-001  2.3881e+000  5.5000e+001  1.3084e-006  3.4534e-004  1.3754e-006  7.5362e-008  3.6301e-004  1.9891e-005
  9.0199e-001  2.4881e+000  5.5000e+001  1.5714e-006  3.3511e-004  1.4978e-006  6.5942e-008  3.1941e-004  1.4062e-005
  1.0020e+000  2.5881e+000  5.5000e+001  1.8297e-006  3.2763e-004  1.8464e-006  6.5942e-008  3.3061e-004  1.1807e-005
  1.0020e+000  2.5881e+000  5.5000e+001  1.8297e-006  3.2763e-004  1.7522e-006  5.6522e-008  3.1374e-004  1.0121e-005
  1.1020e+000  2.6881e+000  5.5000e+001  2.0833e-006  3.2243e-004  2.0348e-006  1.8841e-008  3.1493e-004  2.9160e-006
  1.1020e+000  2.6881e+000  5.5000e+001  2.0833e-006  3.2243e-004  2.0630e-006  3.7681e-008  3.1930e-004  5.8320e-006
  1.1030e+000  2.6891e+000  5.5000e+001  2.0858e-006  3.2239e-004  2.0348e-006  5.6522e-008  3.1451e-004  8.7364e-006
  1.2030e+000  2.7891e+000  5.5000e+001  2.3351e-006  3.1912e-004  2.2985e-006  4.7101e-008  3.1413e-004  6.4371e-006
  1.2030e+000  2.7891e+000  5.5000e+001  2.3351e-006  3.1912e-004  2.2985e-006  8.4782e-008  3.1413e-004  1.1587e-005
  1.3530e+000  2.9391e+000  5.5000e+001  2.7027e-006  3.1711e-004  2.6283e-006  6.5942e-008  3.0837e-004  7.7369e-006
  1.4030e+000  2.9891e+000  5.5000e+001  2.8240e-006  3.1709e-004  2.8826e-006  3.7681e-008  3.2367e-004  4.2310e-006
  1.4030e+000  2.9891e+000  5.5000e+001  2.8240e-006  3.1709e-004  2.8543e-006  7.5362e-008  3.2050e-004  8.4619e-006
  1.4030e+000  2.9891e+000  5.5000e+001  2.8240e-006  3.1709e-004  2.8826e-006  9.4203e-008  3.2367e-004  1.0577e-005
  1.5040e+000  3.0901e+000  5.5000e+001  3.0675e-006  3.1789e-004  3.0804e-006  9.4203e-008  3.1923e-004  9.7623e-006
  1.6040e+000  3.1901e+000  5.5000e+001  3.3075e-006  3.1968e-004  3.1746e-006  9.4203e-008  3.0684e-004  9.1051e-006
  1.7040e+000  3.2901e+000  5.5000e+001  3.5469e-006  3.2234e-004  3.6174e-006  1.1304e-007  3.2875e-004  1.0273e-005
  1.7040e+000  3.2901e+000  5.5000e+001  3.5469e-006  3.2234e-004  3.6362e-006  8.4782e-008  3.3046e-004  7.7050e-006
  1.8040e+000  3.3901e+000  5.5000e+001  3.7866e-006  3.2579e-004  3.7775e-006  3.7681e-008  3.2501e-004  3.2420e-006
  1.8040e+000  3.3901e+000  5.5000e+001  3.7866e-006  3.2579e-004  3.7210e-006  1.1304e-007  3.2015e-004  9.7259e-006
  1.9040e+000  3.4901e+000  5.5000e+001  4.0272e-006  3.2995e-004  4.2297e-006  1.3188e-007  3.4654e-004  1.0805e-005
  1.9550e+000  3.5411e+000  5.5000e+001  4.1505e-006  3.3234e-004  4.1261e-006  1.0362e-007  3.3038e-004  8.2972e-006
  2.0050e+000  3.5911e+000  5.5000e+001  4.2719e-006  3.3484e-004  4.6348e-006  1.3188e-007  3.6328e-004  1.0337e-005
  2.0550e+000  3.6411e+000  5.5000e+001  4.3939e-006  3.3750e-004  4.5877e-006  1.1304e-007  3.5238e-004  8.6829e-006
  2.1050e+000  3.6911e+000  5.5000e+001  4.5166e-006  3.4032e-004  4.6725e-006  1.5072e-007  3.5206e-004  1.1357e-005
  2.1560e+000  3.7421e+000  5.5000e+001  4.6426e-006  3.4336e-004  4.6630e-006  4.7101e-008  3.4486e-004  3.4835e-006
  2.2050e+000  3.7911e+000  5.5000e+001  4.7645e-006  3.4642e-004  4.9362e-006  1.5072e-007  3.5891e-004  1.0959e-005
  2.2050e+000  3.7911e+000  5.5000e+001  4.7645e-006  3.4642e-004  4.8985e-006  1.5072e-007  3.5617e-004  1.0959e-005
  2.3050e+000  3.8911e+000  5.5000e+001  5.0165e-006  3.5314e-004  5.0116e-006  1.3188e-007  3.5280e-004  9.2841e-006
  2.3060e+000  3.8921e+000  5.5000e+001  5.0191e-006  3.5321e-004  5.0210e-006  1.5072e-007  3.5335e-004  1.0607e-005
  2.4060e+000  3.9921e+000  5.5000e+001  5.2761e-006  3.6057e-004  5.2188e-006  1.3188e-007  3.5665e-004  9.0129e-006
  2.5070e+000  4.0931e+000  5.5000e+001  5.5419e-006  3.6865e-004  5.6239e-006  5.6522e-008  3.7410e-004  3.7598e-006
  2.7620e+000  4.3481e+000  5.5000e+001  6.2622e-006  3.9304e-004  6.3116e-006  6.5942e-008  3.9614e-004  4.1387e-006
  2.8570e+000  4.4431e+000  5.5000e+001  6.5913e-006  4.0609e-004  6.7826e-006  1.8841e-007  4.1787e-004  1.1608e-005
  2.8570e+000  4.4431e+000  5.5000e+001  6.5913e-006  4.0609e-004  6.6884e-006  1.8841e-007  4.1207e-004  1.1608e-005
  2.9080e+000  4.4941e+000  5.5000e+001  6.8324e-006  4.1702e-004  7.2159e-006  1.6014e-007  4.4043e-004  9.7746e-006
  2.9280e+000  4.5141e+000  5.5000e+001  6.9478e-006  4.2256e-004  7.0275e-006  1.7898e-007  4.2741e-004  1.0886e-005
  2.9470e+000  4.5331e+000  5.5000e+001  7.0596e-006  4.2793e-004  7.4043e-006  1.6014e-007  4.4883e-004  9.7075e-006
  2.9680e+000  4.5541e+000  5.5000e+001  7.1619e-006  4.3257e-004  7.1594e-006  1.8841e-007  4.3242e-004  1.1379e-005
  2.9870e+000  4.5731e+000  5.5000e+001  7.2168e-006  4.3448e-004  7.1500e-006  8.4782e-008  4.3046e-004  5.1043e-006
  2.9880e+000  4.5741e+000  5.5000e+001  7.2186e-006  4.3452e-004  7.4420e-006  1.8841e-007  4.4797e-004  1.1341e-005
  3.0080e+000  4.5941e+000  5.5000e+001  7.2419e-006  4.3447e-004  7.1877e-006  1.6014e-007  4.3122e-004  9.6078e-006
  3.0280e+000  4.6141e+000  5.5000e+001  7.2538e-006  4.3377e-004  7.1594e-006  1.5072e-007  4.2812e-004  9.0131e-006
  3.0480e+000  4.6341e+000  5.5000e+001  7.2702e-006  4.3335e-004  7.1594e-006  1.8841e-007  4.2674e-004  1.1230e-005
  3.0680e+000  4.6541e+000  5.5000e+001  7.2962e-006  4.3352e-004  7.0275e-006  1.5072e-007  4.1756e-004  8.9557e-006
  3.0890e+000  4.6751e+000  5.5000e+001  7.3332e-006  4.3430e-004  7.2819e-006  1.7898e-007  4.3126e-004  1.0600e-005
  3.1100e+000  4.6961e+000  5.5000e+001  7.3783e-006  4.3557e-004  6.9333e-006  1.3188e-007  4.0930e-004  7.7856e-006
  3.1300e+000  4.7161e+000  5.5000e+001  7.4268e-006  4.3712e-004  6.8768e-006  2.8261e-007  4.0474e-004  1.6633e-005


  3.2740e-001  1.9135e+000  5.5000e+001  1.5539e-007  4.4302e-004  1.6491e-007  4.9851e-009  4.7014e-004  1.4212e-005
  4.2600e-001  2.0121e+000  5.5000e+001  3.4343e-007  4.1614e-004  3.5824e-007  7.8188e-009  4.3409e-004  9.4743e-006
  5.1800e-001  2.1041e+000  5.5000e+001  5.6045e-007  3.9369e-004  5.9328e-007  1.3458e-008  4.1676e-004  9.4536e-006
  5.8150e-001  2.1676e+000  5.5000e+001  7.2283e-007  3.8012e-004  7.2122e-007  1.9808e-008  3.7927e-004  1.0416e-005
  7.0240e-001  2.2885e+000  5.5000e+001  1.0432e-006  3.5878e-004  1.0330e-006  2.7579e-008  3.5529e-004  9.4854e-006
  7.9680e-001  2.3829e+000  5.5000e+001  1.2946e-006  3.4596e-004  1.2889e-006  2.4831e-008  3.4443e-004  6.6354e-006
  1.2337e+000  2.8198e+000  5.5000e+001  2.4109e-006  3.1845e-004  2.3693e-006  4.3027e-008  3.1296e-004  5.6834e-006
  1.2347e+000  2.8208e+000  5.5000e+001  2.4133e-006  3.1843e-004  2.3314e-006  4.3122e-008  3.0762e-004  5.6897e-006


  1.6950e-001  1.7556e+000  5.5000e+001  9.6130e-009  4.8729e-004  9.8666e-009  3.4533e-010  5.0015e-004  1.7505e-005
  1.6890e-001  1.7550e+000  5.5000e+001  9.4376e-009  4.8746e-004  9.2252e-009  1.8746e-010  4.7649e-004  9.6826e-006
  1.4770e-001  1.7338e+000  5.5000e+001  4.5461e-009  4.9315e-004  4.5485e-009  6.9066e-011  4.9341e-004  7.4921e-006
  1.2650e-001  1.7126e+000  5.5000e+001  1.8088e-009  4.9877e-004  1.8450e-009  3.9466e-011  5.0877e-004  1.0883e-005
  1.0570e-001  1.6918e+000  5.5000e+001  5.5529e-010  5.0423e-004  5.3871e-010  2.3680e-011  4.8918e-004  2.1502e-005
  9.2900e-002  1.6790e+000  5.5000e+001  2.1934e-010  5.0757e-004  2.2890e-010  9.8666e-012  5.2970e-004  2.2832e-005


  6.5000e-001  2.2361e+000  5.5000e+001  9.0346e-007  3.6731e-004  8.7365e-007  2.8182e-008  3.5519e-004  1.1458e-005
  1.1030e+000  2.6891e+000  5.5000e+001  2.0858e-006  3.2239e-004  2.0761e-006  7.5153e-008  3.2090e-004  1.1616e-005
  2.5040e+000  4.0901e+000  5.5000e+001  5.5339e-006  3.6840e-004  5.9183e-006  1.8788e-007  3.9399e-004  1.2508e-005


  4.2000e-001  2.0061e+000  5.5000e+001  3.3040e-007  4.1771e-004  3.4141e-007  2.6017e-008  4.3162e-004  3.2891e-005
  5.0600e-001  2.0921e+000  5.5000e+001  5.3066e-007  3.9644e-004  5.2136e-007  4.2676e-008  3.8950e-004  3.1882e-005
  6.1500e-001  2.2011e+000  5.5000e+001  8.1072e-007  3.7362e-004  8.0827e-007  4.0208e-008  3.7249e-004  1.8530e-005
  9.4999e-001  2.5361e+000  5.5000e+001  1.6960e-006  3.3120e-004  1.6659e-006  4.7406e-008  3.2532e-004  9.2577e-006


