  9.5160e-001  2.5377e+000  0.0000e+000  4.0154e-007  7.8194e-005  4.4642e-007  5.0845e-008  8.6935e-005  9.9013e-006
  9.0279e-001  2.4889e+000  0.0000e+000  3.7412e-007  7.9661e-005  3.8848e-007  4.4234e-008  8.2718e-005  9.4187e-006
  8.5599e-001  2.4421e+000  0.0000e+000  3.4753e-007  8.1302e-005  3.4686e-007  4.0235e-008  8.1144e-005  9.4127e-006
  1.1290e+000  2.7151e+000  0.0000e+000  4.9870e-007  7.4510e-005  5.1090e-007  5.6721e-008  7.6332e-005  8.4746e-006
  1.0841e+000  2.6702e+000  0.0000e+000  4.7444e-007  7.5237e-005  5.2804e-007  5.8272e-008  8.3735e-005  9.2407e-006
  9.9397e-001  2.5801e+000  0.0000e+000  4.2508e-007  7.7099e-005  4.4724e-007  4.6193e-008  8.1117e-005  8.3782e-006
  1.2674e+000  2.8535e+000  0.0000e+000  5.7206e-007  7.2919e-005  5.3620e-007  7.9654e-008  6.8347e-005  1.0153e-005
  1.1545e+000  2.7406e+000  0.0000e+000  5.1237e-007  7.4148e-005  5.9578e-007  7.0187e-008  8.6219e-005  1.0157e-005
  8.1500e-001  2.4011e+000  0.0000e+000  3.2397e-007  8.2953e-005  2.7830e-007  2.9462e-008  7.1259e-005  7.5438e-006
  6.7182e-001  2.2579e+000  0.0000e+000  2.3969e-007  9.0641e-005  2.4321e-007  3.4033e-008  9.1972e-005  1.2870e-005
  6.7169e-001  2.2578e+000  0.0000e+000  2.3961e-007  9.0650e-005  2.3505e-007  2.6769e-008  8.8923e-005  1.0127e-005
  5.9309e-001  2.1792e+000  0.0000e+000  1.9224e-007  9.6436e-005  1.7139e-007  1.8934e-008  8.5977e-005  9.4985e-006
  4.7428e-001  2.0604e+000  0.0000e+000  1.2107e-007  1.0778e-004  1.1099e-007  1.2079e-008  9.8813e-005  1.0753e-005
  3.8490e-001  1.9710e+000  0.0000e+000  7.1572e-008  1.1853e-004  7.2636e-008  1.0202e-008  1.2029e-004  1.6895e-005
  1.4520e+000  3.0381e+000  0.0000e+000  6.6651e-007  7.1884e-005  6.9290e-007  9.8752e-008  7.4730e-005  1.0651e-005
  1.3741e+000  2.9602e+000  0.0000e+000  6.2714e-007  7.2202e-005  7.4350e-007  8.5694e-008  8.5598e-005  9.8658e-006
  3.0338e-001  1.8895e+000  0.0000e+000  3.4552e-008  1.2983e-004  3.1829e-008  4.9213e-009  1.1960e-004  1.8492e-005


  3.2740e-001  1.9135e+000  5.5000e+001  4.4327e-008  1.2638e-004  3.9695e-008  2.7044e-009  1.1317e-004  7.7100e-006
  4.2600e-001  2.0121e+000  5.5000e+001  9.3547e-008  1.1335e-004  8.2238e-008  2.4355e-009  9.9650e-005  2.9512e-006
  5.1800e-001  2.1041e+000  5.5000e+001  1.4694e-007  1.0322e-004  1.3364e-007  4.4203e-009  9.3874e-005  3.1051e-006
  5.8150e-001  2.1676e+000  5.5000e+001  1.8521e-007  9.7399e-005  1.7792e-007  7.4172e-009  9.3561e-005  3.9005e-006
  7.0240e-001  2.2885e+000  5.5000e+001  2.5794e-007  8.8716e-005  2.6174e-007  8.4610e-009  9.0020e-005  2.9100e-006
  7.9680e-001  2.3829e+000  5.5000e+001  3.1343e-007  8.3757e-005  3.2816e-007  6.2390e-009  8.7693e-005  1.6672e-006
  1.2337e+000  2.8198e+000  5.5000e+001  5.5439e-007  7.3228e-005  5.9701e-007  1.2968e-008  7.8859e-005  1.7130e-006
  1.2347e+000  2.8208e+000  5.5000e+001  5.5492e-007  7.3219e-005  6.2548e-007  1.4233e-008  8.2529e-005  1.8780e-006


  1.7010e-001  1.7562e+000  5.5000e+001  3.0173e-009  1.5010e-004  3.1237e-009  1.2412e-010  1.5540e-004  6.1748e-006
  1.0610e-001  1.6922e+000  5.5000e+001  1.8106e-010  1.6014e-004  1.7894e-010  1.0343e-011  1.5827e-004  9.1484e-006
  9.3497e-002  1.6796e+000  5.5000e+001  7.3518e-011  1.6214e-004  6.7233e-011  5.1717e-012  1.4828e-004  1.1406e-005


  1.1020e+000  2.6881e+000  5.5000e+001  4.8414e-007  7.4933e-005  4.5896e-007  3.4708e-008  7.1034e-005  5.3719e-006
  1.4030e+000  2.9891e+000  5.5000e+001  6.4183e-007  7.2067e-005  6.2879e-007  2.9317e-008  7.0603e-005  3.2918e-006
  1.4030e+000  2.9891e+000  5.5000e+001  6.4183e-007  7.2067e-005  6.1464e-007  3.0934e-008  6.9014e-005  3.4734e-006
  1.8040e+000  3.3901e+000  5.5000e+001  8.3401e-007  7.1756e-005  8.3569e-007  4.6637e-008  7.1900e-005  4.0125e-006
  2.1560e+000  3.7421e+000  5.5000e+001  9.8217e-007  7.2639e-005  1.0177e-006  5.3915e-008  7.5263e-005  3.9874e-006
  2.5070e+000  4.0931e+000  5.5000e+001  1.1094e-006  7.3798e-005  1.2333e-006  7.3460e-008  8.2041e-005  4.8866e-006


