  9.5160e-001  2.5377e+000  0.0000e+000  1.2986e-006  2.5289e-004  1.2917e-006  8.4504e-008  2.5154e-004  1.6456e-005
  9.0279e-001  2.4889e+000  0.0000e+000  1.1994e-006  2.5538e-004  1.2917e-006  8.0264e-008  2.7504e-004  1.7090e-005
  8.5599e-001  2.4421e+000  0.0000e+000  1.1035e-006  2.5814e-004  1.0058e-006  6.6657e-008  2.3529e-004  1.5594e-005
  1.1290e+000  2.7151e+000  0.0000e+000  1.6523e-006  2.4686e-004  1.7256e-006  9.2393e-008  2.5782e-004  1.3804e-005
  1.0841e+000  2.6702e+000  0.0000e+000  1.5637e-006  2.4798e-004  1.5185e-006  8.2236e-008  2.4080e-004  1.3041e-005
  9.9397e-001  2.5801e+000  0.0000e+000  1.3841e-006  2.5104e-004  1.3607e-006  6.1529e-008  2.4680e-004  1.1160e-005
  1.2674e+000  2.8535e+000  0.0000e+000  1.9217e-006  2.4495e-004  1.7749e-006  1.3509e-007  2.2624e-004  1.7219e-005
  1.1545e+000  2.7406e+000  0.0000e+000  1.7022e-006  2.4634e-004  1.7453e-006  1.0156e-007  2.5258e-004  1.4698e-005
  8.1500e-001  2.4011e+000  0.0000e+000  1.0189e-006  2.6089e-004  9.8605e-007  4.7527e-008  2.5248e-004  1.2169e-005
  6.7182e-001  2.2579e+000  0.0000e+000  7.2188e-007  2.7299e-004  7.5531e-007  7.1587e-008  2.8563e-004  2.7072e-005
  6.7169e-001  2.2578e+000  0.0000e+000  7.2161e-007  2.7300e-004  7.0404e-007  4.4569e-008  2.6635e-004  1.6862e-005
  5.9309e-001  2.1792e+000  0.0000e+000  5.6090e-007  2.8138e-004  5.8275e-007  3.0863e-008  2.9234e-004  1.5483e-005
  4.7428e-001  2.0604e+000  0.0000e+000  3.3271e-007  2.9619e-004  3.4807e-007  1.7650e-008  3.0988e-004  1.5713e-005
  3.8490e-001  1.9710e+000  0.0000e+000  1.8631e-007  3.0855e-004  2.1299e-007  1.5580e-008  3.5273e-004  2.5801e-005
  1.4520e+000  3.0381e+000  0.0000e+000  2.2759e-006  2.4546e-004  2.3665e-006  1.6270e-007  2.5523e-004  1.7547e-005
  1.3741e+000  2.9602e+000  0.0000e+000  2.1268e-006  2.4486e-004  2.0017e-006  1.1340e-007  2.3045e-004  1.3055e-005
  3.0338e-001  1.8895e+000  0.0000e+000  8.5159e-008  3.1999e-004  8.6772e-008  6.4783e-009  3.2605e-004  2.4343e-005


  3.2740e-001  1.9135e+000  5.5000e+001  1.1107e-007  3.1665e-004  1.2312e-007  3.4943e-009  3.5101e-004  9.9621e-006
  4.2600e-001  2.0121e+000  5.5000e+001  2.4988e-007  3.0279e-004  2.5691e-007  3.5228e-009  3.1131e-004  4.2686e-006
  5.1800e-001  2.1041e+000  5.5000e+001  4.1351e-007  2.9047e-004  4.2629e-007  7.0882e-009  2.9945e-004  4.9792e-006
  5.8150e-001  2.1676e+000  5.5000e+001  5.3762e-007  2.8272e-004  5.3873e-007  1.0817e-008  2.8330e-004  5.6885e-006
  7.0240e-001  2.2885e+000  5.5000e+001  7.8522e-007  2.7006e-004  7.8995e-007  1.2383e-008  2.7169e-004  4.2589e-006
  7.9680e-001  2.3829e+000  5.5000e+001  9.8121e-007  2.6220e-004  9.8922e-007  1.0675e-008  2.6434e-004  2.8526e-006
  1.2337e+000  2.8198e+000  5.5000e+001  1.8565e-006  2.4522e-004  1.7649e-006  2.1564e-008  2.3313e-004  2.8483e-006
  1.2347e+000  2.8208e+000  5.5000e+001  1.8584e-006  2.4521e-004  1.8361e-006  2.1564e-008  2.4226e-004  2.8452e-006


  1.7010e-001  1.7562e+000  5.5000e+001  6.7747e-009  3.3703e-004  6.8668e-009  2.4694e-010  3.4161e-004  1.2285e-005
  1.0610e-001  1.6922e+000  5.5000e+001  3.8892e-010  3.4399e-004  3.9415e-010  1.7096e-011  3.4861e-004  1.5121e-005
  9.3497e-002  1.6796e+000  5.5000e+001  1.5656e-010  3.4528e-004  1.6241e-010  7.5981e-012  3.5818e-004  1.6757e-005


