  1.9024e+000  9.0644e+000  5.5000e+001  1.2127e-010  6.9246e-004  5.5775e-009  7.5420e-010  3.1849e-002  4.3066e-003
  1.9527e+000  9.1146e+000  5.5000e+001  1.3733e-010  6.6353e-004  7.5180e-009  1.0977e-009  3.6324e-002  5.3036e-003
  2.0029e+000  9.1648e+000  5.5000e+001  1.5466e-010  6.3652e-004  9.6936e-009  1.0447e-009  3.9895e-002  4.2995e-003
  2.1019e+000  9.2638e+000  5.5000e+001  1.9263e-010  5.8841e-004  1.6040e-008  1.8332e-009  4.8996e-002  5.5995e-003
  2.2016e+000  9.3636e+000  5.5000e+001  2.3617e-010  5.4591e-004  3.1298e-008  1.1688e-009  7.2345e-002  2.7017e-003
  2.2519e+000  9.4138e+000  5.5000e+001  2.6016e-010  5.2648e-004  3.9086e-008  1.4330e-009  7.9097e-002  2.8999e-003
  2.2766e+000  9.4385e+000  5.5000e+001  2.7249e-010  5.1737e-004  4.6588e-008  1.5811e-009  8.8454e-002  3.0018e-003
  2.3014e+000  9.4633e+000  5.5000e+001  2.8517e-010  5.0854e-004  5.1037e-008  1.8528e-009  9.1012e-002  3.3041e-003
  2.3269e+000  9.4888e+000  5.5000e+001  2.9859e-010  4.9971e-004  5.6823e-008  1.7925e-009  9.5099e-002  3.0000e-003
  2.3516e+000  9.5135e+000  5.5000e+001  3.1197e-010  4.9142e-004  6.1234e-008  1.9056e-009  9.6458e-002  3.0018e-003
  2.3756e+000  9.5375e+000  5.5000e+001  3.2527e-010  4.8362e-004  6.5077e-008  1.9517e-009  9.6758e-002  2.9017e-003
  2.4019e+000  9.5638e+000  5.5000e+001  3.4021e-010  4.7536e-004  6.3554e-008  1.7893e-009  8.8801e-002  2.5000e-003
  2.4259e+000  9.5878e+000  5.5000e+001  3.5421e-010  4.6802e-004  6.2817e-008  2.0435e-009  8.3001e-002  2.7000e-003
  2.4506e+000  9.6125e+000  5.5000e+001  3.6900e-010  4.6069e-004  5.6262e-008  2.3242e-009  7.0241e-002  2.9017e-003
  2.4753e+000  9.6373e+000  5.5000e+001  3.8415e-010  4.5357e-004  5.3673e-008  2.6285e-009  6.3372e-002  3.1035e-003
  2.4753e+000  9.6373e+000  5.5000e+001  3.8415e-010  4.5357e-004  5.3673e-008  2.6285e-009  6.3372e-002  3.1035e-003
  2.5008e+000  9.6628e+000  5.5000e+001  4.0014e-010  4.4646e-004  4.9026e-008  1.5237e-009  5.4701e-002  1.7000e-003
  2.5503e+000  9.7122e+000  5.5000e+001  4.3227e-010  4.3326e-004  4.2749e-008  1.4982e-009  4.2847e-002  1.5017e-003
  2.6006e+000  9.7625e+000  5.5000e+001  4.6638e-010  4.2064e-004  3.8162e-008  1.2203e-009  3.4419e-002  1.1006e-003
  2.7498e+000  9.9117e+000  5.5000e+001  5.7672e-010  3.8720e-004  2.8599e-008  1.0427e-009  1.9201e-002  7.0005e-004
  2.7993e+000  9.9612e+000  5.5000e+001  6.1632e-010  3.7731e-004  2.8288e-008  1.1446e-009  1.7317e-002  7.0070e-004
  2.8495e+000  1.0011e+001  5.5000e+001  6.5807e-010  3.6779e-004  3.1150e-008  1.0741e-009  1.7409e-002  6.0032e-004
  2.8998e+000  1.0062e+001  5.5000e+001  7.0139e-010  3.5878e-004  3.3432e-008  9.7756e-010  1.7102e-002  5.0004e-004
  2.9485e+000  1.0110e+001  5.5000e+001  7.4491e-010  3.5048e-004  3.7639e-008  1.2759e-009  1.7709e-002  6.0031e-004
  2.9988e+000  1.0161e+001  5.5000e+001  7.9132e-010  3.4236e-004  4.6926e-008  1.3870e-009  2.0302e-002  6.0006e-004
  3.0483e+000  1.0210e+001  5.5000e+001  8.3856e-010  3.3475e-004  6.7698e-008  2.2566e-009  2.7025e-002  9.0082e-004
  3.0985e+000  1.0260e+001  5.5000e+001  8.8806e-010  3.2739e-004  1.2294e-007  3.7994e-009  4.5323e-002  1.4007e-003
  3.1435e+000  1.0305e+001  5.5000e+001  9.3371e-010  3.2111e-004  3.2176e-007  9.6005e-009  1.1066e-001  3.3016e-003
  3.1577e+000  1.0320e+001  5.5000e+001  9.4843e-010  3.1917e-004  5.7031e-007  1.7831e-008  1.9192e-001  6.0007e-003
  3.1735e+000  1.0335e+001  5.5000e+001  9.6484e-010  3.1706e-004  1.3153e-006  3.3490e-008  4.3221e-001  1.1005e-002
  3.1832e+000  1.0345e+001  5.5000e+001  9.8167e-010  3.1791e-004  2.4632e-006  4.3268e-008  7.9769e-001  1.4012e-002
  3.1885e+000  1.0350e+001  5.5000e+001  9.8731e-010  3.1723e-004  3.5995e-006  6.5389e-008  1.1566e+000  2.1010e-002
  3.1937e+000  1.0356e+001  5.5000e+001  9.9296e-010  3.1656e-004  4.3668e-006  6.5878e-008  1.3922e+000  2.1002e-002
  3.1982e+000  1.0360e+001  5.5000e+001  9.9783e-010  3.1599e-004  4.3077e-006  4.1086e-008  1.3642e+000  1.3011e-002
  3.2035e+000  1.0365e+001  5.5000e+001  1.0053e-009  3.1590e-004  3.1872e-006  5.4128e-008  1.0015e+000  1.7008e-002
  3.2087e+000  1.0371e+001  5.5000e+001  1.0092e-009  3.1467e-004  2.3737e-006  5.4530e-008  7.4009e-001  1.7002e-002
  3.2132e+000  1.0375e+001  5.5000e+001  1.0141e-009  3.1410e-004  1.5659e-006  2.6498e-008  4.8502e-001  8.2070e-003
  3.2237e+000  1.0386e+001  5.5000e+001  1.0256e-009  3.1280e-004  8.0178e-007  1.9020e-008  2.4453e-001  5.8007e-003
  3.2485e+000  1.0410e+001  5.5000e+001  1.0530e-009  3.0977e-004  2.8636e-007  8.5024e-009  8.4241e-002  2.5012e-003
  3.2972e+000  1.0459e+001  5.5000e+001  1.1081e-009  3.0401e-004  9.5214e-008  3.2832e-009  2.6122e-002  9.0075e-004
  3.3475e+000  1.0509e+001  5.5000e+001  1.1665e-009  2.9833e-004  6.2984e-008  1.9560e-009  1.6108e-002  5.0024e-004
  3.3977e+000  1.0560e+001  5.5000e+001  1.2265e-009  2.9290e-004  5.4027e-008  2.0941e-009  1.2902e-002  5.0007e-004
  3.4472e+000  1.0609e+001  5.5000e+001  1.2872e-009  2.8778e-004  5.2376e-008  1.7906e-009  1.1709e-002  4.0032e-004
  3.4974e+000  1.0659e+001  5.5000e+001  1.3504e-009  2.8279e-004  5.3986e-008  1.9110e-009  1.1305e-002  4.0018e-004
  3.5477e+000  1.0710e+001  5.5000e+001  1.4152e-009  2.7802e-004  5.9058e-008  2.0365e-009  1.1602e-002  4.0006e-004
  3.5964e+000  1.0758e+001  5.5000e+001  1.4796e-009  2.7356e-004  6.1145e-008  2.1644e-009  1.1305e-002  4.0018e-004
  3.6467e+000  1.0809e+001  5.5000e+001  1.5475e-009  2.6915e-004  6.8428e-008  1.7251e-009  1.1902e-002  3.0005e-004
  3.6961e+000  1.0858e+001  5.5000e+001  1.6158e-009  2.6497e-004  7.8114e-008  2.4411e-009  1.2809e-002  4.0030e-004
  3.7464e+000  1.0908e+001  5.5000e+001  1.6868e-009  2.6089e-004  8.9263e-008  2.5873e-009  1.3806e-002  4.0018e-004
  3.7966e+000  1.0959e+001  5.5000e+001  1.7592e-009  2.5695e-004  9.7918e-008  2.7390e-009  1.4302e-002  4.0006e-004
  3.8461e+000  1.1008e+001  5.5000e+001  1.8320e-009  2.5321e-004  1.2018e-007  3.6200e-009  1.6612e-002  5.0035e-004
  3.8956e+000  1.1058e+001  5.5000e+001  1.9062e-009  2.4961e-004  1.3443e-007  3.8190e-009  1.7603e-002  5.0008e-004
  3.9451e+000  1.1107e+001  5.5000e+001  1.9818e-009  2.4613e-004  1.8613e-007  5.6403e-009  2.3116e-002  7.0048e-004
  3.9954e+000  1.1157e+001  5.5000e+001  2.0600e-009  2.4271e-004  2.0124e-007  5.9438e-009  2.3710e-002  7.0030e-004
  4.0456e+000  1.1208e+001  5.5000e+001  2.1396e-009  2.3941e-004  2.6369e-007  8.0447e-009  2.9505e-002  9.0015e-004
  4.0951e+000  1.1257e+001  5.5000e+001  2.2194e-009  2.3627e-004  3.2148e-007  9.4000e-009  3.4223e-002  1.0007e-003
  4.1446e+000  1.1306e+001  5.5000e+001  2.3006e-009  2.3322e-004  4.0746e-007  1.0852e-008  4.1307e-002  1.1002e-003
  4.1941e+000  1.1356e+001  5.5000e+001  2.3830e-009  2.3028e-004  5.9024e-007  1.7604e-008  5.7037e-002  1.7011e-003
  4.2443e+000  1.1406e+001  5.5000e+001  2.4680e-009  2.2738e-004  1.1043e-006  2.2803e-008  1.0174e-001  2.1008e-003
  4.2946e+000  1.1456e+001  5.5000e+001  2.5544e-009  2.2457e-004  2.8873e-006  4.6643e-008  2.5384e-001  4.1007e-003
  4.3193e+000  1.1481e+001  5.5000e+001  2.5974e-009  2.2322e-004  5.1219e-006  1.2805e-007  4.4018e-001  1.1004e-002
  4.3440e+000  1.1506e+001  5.5000e+001  2.6407e-009  2.2189e-004  8.8599e-006  1.3099e-007  7.4447e-001  1.1007e-002
  4.3695e+000  1.1531e+001  5.5000e+001  2.6857e-009  2.2054e-004  8.0508e-006  1.5834e-007  6.6111e-001  1.3002e-002
  4.3943e+000  1.1556e+001  5.5000e+001  2.7296e-009  2.1925e-004  4.1288e-006  6.8501e-008  3.3163e-001  5.5022e-003
  4.4190e+000  1.1581e+001  5.5000e+001  2.7739e-009  2.1798e-004  2.3353e-006  6.2393e-008  1.8351e-001  4.9030e-003
  4.4445e+000  1.1606e+001  5.5000e+001  2.8198e-009  2.1669e-004  1.4382e-006  3.2539e-008  1.1052e-001  2.5004e-003
  4.4933e+000  1.1655e+001  5.5000e+001  2.9085e-009  2.1428e-004  7.2783e-007  2.1726e-008  5.3621e-002  1.6006e-003
  4.5443e+000  1.1706e+001  5.5000e+001  3.0025e-009  2.1182e-004  4.4809e-007  1.2762e-008  3.1612e-002  9.0035e-004
  4.5930e+000  1.1755e+001  5.5000e+001  3.0936e-009  2.0955e-004  2.9100e-007  8.8630e-009  1.9712e-002  6.0035e-004
  4.6432e+000  1.1805e+001  5.5000e+001  3.1887e-009  2.0728e-004  2.5701e-007  7.6948e-009  1.6706e-002  5.0019e-004
  4.6935e+000  1.1855e+001  5.5000e+001  3.2848e-009  2.0506e-004  2.2431e-007  6.4088e-009  1.4002e-002  4.0007e-004
  4.7430e+000  1.1905e+001  5.5000e+001  3.3808e-009  2.0294e-004  2.1169e-007  6.6675e-009  1.2707e-002  4.0023e-004
  4.7925e+000  1.1954e+001  5.5000e+001  3.4779e-009  2.0088e-004  2.1819e-007  6.9266e-009  1.2602e-002  4.0007e-004
  4.8420e+000  1.2004e+001  5.5000e+001  3.5761e-009  1.9887e-004  2.3209e-007  7.1968e-009  1.2907e-002  4.0022e-004
  4.8825e+000  1.2044e+001  5.5000e+001  3.6310e-009  1.9586e-004  2.6145e-007  7.4170e-009  1.4103e-002  4.0007e-004
  4.9162e+000  1.2078e+001  5.5000e+001  3.7255e-009  1.9597e-004  2.7195e-007  1.5214e-008  1.4305e-002  8.0029e-004


