PHYSICAL LEVEL PARAMETERS (BOUNDARY CONDITION SET TO SHIFT AT E_LEVEL)

J = 0.0-  E_level =  12.7954 MeV  ITERATIONS =     0
  R =  2  l =   0  s =  0.0  G  =    40.900000 keV        g_int =     0.593305 MeV^(1/2)   g_ext =  (0.000000,0.000000) MeV^(1/2) 
  R =  5  L =  M1  s =  1.0  G  =     3.280000 eV         g_int =     0.294657 MeV^(1/2)   g_ext =  (0.000000,0.000000) MeV^(1/2) 
  R =  6  L =  M2  s =  2.0  G  =     0.000000 meV        g_int =     0.000000 MeV^(1/2)   g_ext =  (0.000000,0.000000) MeV^(1/2) 
  R =  7  L =  M3  s =  3.0  G  =     0.000000 meV        g_int =     0.000000 MeV^(1/2)   g_ext =  (0.000000,0.000000) MeV^(1/2) 

J = 0.0-  E_level =  20.0000 MeV  ITERATIONS =     0
  R =  2  l =   0  s =  0.0  G  =     0.000000 meV        g_int =     0.000000 MeV^(1/2)   g_ext =  (0.000000,0.000000) MeV^(1/2) 
  R =  5  L =  M1  s =  1.0  G  =     0.000000 meV        g_int =     0.000000 MeV^(1/2)   g_ext =  (0.000000,0.000000) MeV^(1/2) 
  R =  6  L =  M2  s =  2.0  G  =     0.000000 meV        g_int =     0.000000 MeV^(1/2)   g_ext =  (0.000000,0.000000) MeV^(1/2) 
  R =  7  L =  M3  s =  3.0  G  =     0.000000 meV        g_int =     0.000000 MeV^(1/2)   g_ext =  (0.000000,0.000000) MeV^(1/2) 

J = 0.0+  E_level =   0.0000 MeV  ITERATIONS =     0
  R =  1  l =   0  s =  0.0  C  =    58.000000 fm^(-1/2)  g_int =     0.011655 MeV^(1/2)   g_ext =  (0.000000,0.000000) MeV^(1/2) 
  R =  2  l =   1  s =  1.0  C  =    13.900000 fm^(-1/2)  g_int =     0.463382 MeV^(1/2)   g_ext =  (0.000000,0.000000) MeV^(1/2) 
  R =  3  l =   2  s =  2.0  C  =     0.000000 fm^(-1/2)  g_int =     0.000000 MeV^(1/2)   g_ext =  (0.000000,0.000000) MeV^(1/2) 
  R =  5  L =  E1  s =  1.0  G  =     0.000000 meV        g_int =     0.000000 MeV^(1/2)   g_ext =  (0.000000,0.000000) MeV^(1/2) 
  R =  6  L =  E2  s =  2.0  G  =     0.000000 meV        g_int =     0.000000 MeV^(1/2)   g_ext =  (0.000000,0.000000) MeV^(1/2) 
  R =  7  L =  E3  s =  3.0  G  =     0.000000 meV        g_int =     0.000000 MeV^(1/2)   g_ext =  (0.000000,0.000000) MeV^(1/2) 

J = 0.0+  E_level =   6.0494 MeV  ITERATIONS =     0
  R =  1  l =   0  s =  0.0  C  =  1560.000000 fm^(-1/2)  g_int =     0.381994 MeV^(1/2)   g_ext =  (0.000000,0.000000) MeV^(1/2) 
  R =  2  l =   1  s =  1.0  C  =     0.000000 fm^(-1/2)  g_int =     0.000000 MeV^(1/2)   g_ext =  (0.000000,0.000000) MeV^(1/2) 
  R =  3  l =   2  s =  2.0  C  =     0.000000 fm^(-1/2)  g_int =     0.000000 MeV^(1/2)   g_ext =  (0.000000,0.000000) MeV^(1/2) 
  R =  5  L =  E1  s =  1.0  G  =     0.000000 meV        g_int =     0.000000 MeV^(1/2)   g_ext =  (0.000000,0.000000) MeV^(1/2) 
  R =  6  L =  E2  s =  2.0  G  =     0.000000 meV        g_int =     0.000000 MeV^(1/2)   g_ext =  (0.000000,0.000000) MeV^(1/2) 
  R =  7  L =  E3  s =  3.0  G  =     0.000000 meV        g_int =     0.000000 MeV^(1/2)   g_ext =  (0.000000,0.000000) MeV^(1/2) 

J = 0.0+  E_level =  12.0490 MeV  ITERATIONS =     0
  R =  1  l =   0  s =  0.0  G  =     1.500000 keV        g_int =     0.016229 MeV^(1/2)   g_ext =  (0.000000,0.000000) MeV^(1/2) 
  R =  2  l =   1  s =  1.0  C  =     0.000000 fm^(-1/2)  g_int =     0.000000 MeV^(1/2)   g_ext =  (0.000000,0.000000) MeV^(1/2) 
  R =  3  l =   2  s =  2.0  G  =     0.000000 meV        g_int =     0.000000 MeV^(1/2)   g_ext =  (0.000000,0.000000) MeV^(1/2) 
  R =  5  L =  E1  s =  1.0  G  =     0.000000 meV        g_int =     0.000000 MeV^(1/2)   g_ext =  (0.000000,0.000000) MeV^(1/2) 
  R =  6  L =  E2  s =  2.0  G  =     0.000000 meV        g_int =     0.000000 MeV^(1/2)   g_ext =  (0.000000,0.000000) MeV^(1/2) 
  R =  7  L =  E3  s =  3.0  G  =     0.000000 meV        g_int =     0.000000 MeV^(1/2)   g_ext =  (0.000000,0.000000) MeV^(1/2) 

J = 0.0+  E_level =  15.0000 MeV  ITERATIONS =     0
  R =  1  l =   0  s =  0.0  G  =     0.000000 meV        g_int =     0.000000 MeV^(1/2)   g_ext =  (0.000000,0.000000) MeV^(1/2) 
  R =  2  l =   1  s =  1.0  G  =     0.000000 meV        g_int =     0.000000 MeV^(1/2)   g_ext =  (0.000000,0.000000) MeV^(1/2) 
  R =  3  l =   2  s =  2.0  G  =     0.000000 meV        g_int =     0.000000 MeV^(1/2)   g_ext =  (0.000000,0.000000) MeV^(1/2) 
  R =  5  L =  E1  s =  1.0  G  =     0.000000 meV        g_int =     0.000000 MeV^(1/2)   g_ext =  (0.000000,0.000000) MeV^(1/2) 
  R =  6  L =  E2  s =  2.0  G  =     0.000000 meV        g_int =     0.000000 MeV^(1/2)   g_ext =  (0.000000,0.000000) MeV^(1/2) 
  R =  7  L =  E3  s =  3.0  G  =     0.000000 meV        g_int =     0.000000 MeV^(1/2)   g_ext =  (0.000000,0.000000) MeV^(1/2) 

J = 1.0-  E_level =   7.1169 MeV  ITERATIONS =     0
  R =  1  l =   1  s =  0.0  C  = 208000000000000.000000 fm^(-1/2)  g_int =     0.195773 MeV^(1/2)   g_ext =  (0.000000,0.000000) MeV^(1/2) 
  R =  2  l =   0  s =  1.0  C  =     0.980000 fm^(-1/2)  g_int =     0.079861 MeV^(1/2)   g_ext =  (0.000000,0.000000) MeV^(1/2) 
  R =  2  l =   2  s =  1.0  C  =     0.000000 fm^(-1/2)  g_int =     0.000000 MeV^(1/2)   g_ext =  (0.000000,0.000000) MeV^(1/2) 
  R =  3  l =   1  s =  2.0  C  =     0.000000 fm^(-1/2)  g_int =     0.000000 MeV^(1/2)   g_ext =  (0.000000,0.000000) MeV^(1/2) 
  R =  3  l =   3  s =  2.0  C  =     0.000000 fm^(-1/2)  g_int =     0.000000 MeV^(1/2)   g_ext =  (0.000000,0.000000) MeV^(1/2) 
  R =  4  L =  E1  s =  0.0  G  =    55.000000 meV        g_int =     0.018844 MeV^(1/2)   g_ext =  (0.005663,0.000000) MeV^(1/2) 
  R =  5  L =  M1  s =  1.0  mu =     0.000000 nm         g_int =     0.000000 MeV^(1/2)   g_ext =  (0.000000,0.000000) MeV^(1/2) 
  R =  5  L =  E2  s =  1.0  Q  =     0.000000 b          g_int =     0.000000 MeV^(1/2)   g_ext =  (0.000000,0.000000) MeV^(1/2) 
  R =  6  L =  E1  s =  2.0  G  =     0.001000 meV        g_int =     0.020744 MeV^(1/2)   g_ext =  (0.001471,0.000000) MeV^(1/2) 
  R =  6  L =  M2  s =  2.0  G  =     0.000000 meV        g_int =     0.000000 MeV^(1/2)   g_ext =  (0.000000,0.000000) MeV^(1/2) 
  R =  7  L =  E2  s =  3.0  G  =     0.046000 meV        g_int =     2.572588 MeV^(1/2)   g_ext =  (0.170954,0.000000) MeV^(1/2) 
  R =  7  L =  M3  s =  3.0  G  =     0.000000 meV        g_int =     0.000000 MeV^(1/2)   g_ext =  (0.000000,0.000000) MeV^(1/2) 
  R =  8  L =  E1  s =  0.0  G  =     0.000330 meV        g_int =     0.001178 MeV^(1/2)   g_ext = (-0.000145,0.000000) MeV^(1/2) 
  R =  9   G-T Beta Decay    B  =     5.080000            g_int =     5.080000             g_ext =  (0.000000,0.000000)

J = 1.0-  E_level =   9.5862 MeV  ITERATIONS =     0
  R =  1  l =   1  s =  0.0  G  =   382.000000 keV        g_int =     0.745385 MeV^(1/2)   g_ext =  (0.000000,0.000000) MeV^(1/2) 
  R =  2  l =   0  s =  1.0  C  =     0.000000 fm^(-1/2)  g_int =     0.000000 MeV^(1/2)   g_ext =  (0.000000,0.000000) MeV^(1/2) 
  R =  2  l =   2  s =  1.0  C  =     0.000000 fm^(-1/2)  g_int =     0.000000 MeV^(1/2)   g_ext =  (0.000000,0.000000) MeV^(1/2) 
  R =  3  l =   1  s =  2.0  C  =     0.000000 fm^(-1/2)  g_int =     0.000000 MeV^(1/2)   g_ext =  (0.000000,0.000000) MeV^(1/2) 
  R =  3  l =   3  s =  2.0  C  =     0.000000 fm^(-1/2)  g_int =     0.000000 MeV^(1/2)   g_ext =  (0.000000,0.000000) MeV^(1/2) 
  R =  4  L =  E1  s =  0.0  G  =    15.000000 meV        g_int =    -0.009892 MeV^(1/2)   g_ext = (-0.000054,-0.000008) MeV^(1/2) 
  R =  5  L =  M1  s =  1.0  G  =     0.000000 meV        g_int =     0.000000 MeV^(1/2)   g_ext =  (0.000000,0.000000) MeV^(1/2) 
  R =  5  L =  E2  s =  1.0  G  =     4.200000 meV        g_int =     2.074473 MeV^(1/2)   g_ext =  (1.108667,0.464709) MeV^(1/2) 
  R =  6  L =  E1  s =  2.0  G  =     0.500000 meV        g_int =     0.013624 MeV^(1/2)   g_ext = (-0.001270,-0.000381) MeV^(1/2) 
  R =  6  L =  M2  s =  2.0  G  =     0.000000 meV        g_int =     0.000000 MeV^(1/2)   g_ext =  (0.000000,0.000000) MeV^(1/2) 
  R =  7  L =  E2  s =  3.0  G  =     0.000000 meV        g_int =     0.000000 MeV^(1/2)   g_ext =  (0.000000,0.000000) MeV^(1/2) 
  R =  7  L =  M3  s =  3.0  G  =     0.000000 meV        g_int =     0.000000 MeV^(1/2)   g_ext =  (0.000000,0.000000) MeV^(1/2) 
  R =  8  L =  E1  s =  0.0  G  =     0.000000 meV        g_int =     0.000000 MeV^(1/2)   g_ext =  (0.000000,0.000000) MeV^(1/2) 
  R =  9   G-T Beta Decay    B  =     6.150000            g_int =     6.150000             g_ext =  (0.000000,0.000000)

J = 1.0-  E_level =  12.4493 MeV  ITERATIONS =     0
  R =  1  l =   1  s =  0.0  G  =    99.200000 keV        g_int =     0.152788 MeV^(1/2)   g_ext =  (0.000000,0.000000) MeV^(1/2) 
  R =  2  l =   0  s =  1.0  G  =     1.730000 keV        g_int =     0.645401 MeV^(1/2)   g_ext =  (0.000000,0.000000) MeV^(1/2) 
  R =  2  l =   2  s =  1.0  G  =     0.000000 meV        g_int =     0.000000 MeV^(1/2)   g_ext =  (0.000000,0.000000) MeV^(1/2) 
  R =  3  l =   1  s =  2.0  G  =    31.000000 eV         g_int =    -0.262956 MeV^(1/2)   g_ext =  (0.000000,0.000000) MeV^(1/2) 
  R =  3  l =   3  s =  2.0  G  =     0.000000 meV        g_int =     0.000000 MeV^(1/2)   g_ext =  (0.000000,0.000000) MeV^(1/2) 
  R =  4  L =  E1  s =  0.0  G  =     5.600000 eV         g_int =     0.058483 MeV^(1/2)   g_ext =  (0.063871,0.000067) MeV^(1/2) 
  R =  5  L =  M1  s =  1.0  G  =     0.000000 meV        g_int =     0.000000 MeV^(1/2)   g_ext =  (0.000000,0.000000) MeV^(1/2) 
  R =  5  L =  E2  s =  1.0  G  =   118.000000 meV        g_int =     2.232142 MeV^(1/2)   g_ext =  (0.107143,0.156320) MeV^(1/2) 
  R =  6  L =  E1  s =  2.0  G  =     0.000000 meV        g_int =     0.000000 MeV^(1/2)   g_ext =  (0.000000,0.000000) MeV^(1/2) 
  R =  6  L =  M2  s =  2.0  G  =     0.000000 meV        g_int =     0.000000 MeV^(1/2)   g_ext =  (0.000000,0.000000) MeV^(1/2) 
  R =  7  L =  E2  s =  3.0  G  =    30.100000 meV        g_int =     0.368675 MeV^(1/2)   g_ext =  (0.398187,0.108468) MeV^(1/2) 
  R =  7  L =  M3  s =  3.0  G  =     0.000000 meV        g_int =     0.000000 MeV^(1/2)   g_ext =  (0.000000,0.000000) MeV^(1/2) 
  R =  8  L =  E1  s =  0.0  G  =    52.700000 meV        g_int =    -0.032010 MeV^(1/2)   g_ext = (-0.000191,-0.000236) MeV^(1/2) 
  R =  9   G-T Beta Decay    B  =     0.000000            g_int =     0.000000             g_ext =  (0.000000,0.000000)

J = 1.0-  E_level =  13.0937 MeV  ITERATIONS =     0
  R =  1  l =   1  s =  0.0  G  =    29.900000 keV        g_int =    -0.073741 MeV^(1/2)   g_ext =  (0.000000,0.000000) MeV^(1/2) 
  R =  2  l =   0  s =  1.0  G  =   110.400000 keV        g_int =     0.552016 MeV^(1/2)   g_ext =  (0.000000,0.000000) MeV^(1/2) 
  R =  2  l =   2  s =  1.0  G  =     0.000000 meV        g_int =     0.000000 MeV^(1/2)   g_ext =  (0.000000,0.000000) MeV^(1/2) 
  R =  3  l =   1  s =  2.0  G  =   636.000000 eV         g_int =     0.096978 MeV^(1/2)   g_ext =  (0.000000,0.000000) MeV^(1/2) 
  R =  3  l =   3  s =  2.0  G  =     0.000000 meV        g_int =     0.000000 MeV^(1/2)   g_ext =  (0.000000,0.000000) MeV^(1/2) 
  R =  4  L =  E1  s =  0.0  G  =    42.520000 eV         g_int =     0.232747 MeV^(1/2)   g_ext =  (0.060916,0.004790) MeV^(1/2) 
  R =  5  L =  M1  s =  1.0  G  =     0.000000 meV        g_int =     0.000000 MeV^(1/2)   g_ext =  (0.000000,0.000000) MeV^(1/2) 
  R =  5  L =  E2  s =  1.0  G  =     1.300000 eV         g_int =     5.541538 MeV^(1/2)   g_ext = (-0.044327,-0.073295) MeV^(1/2) 
  R =  6  L =  E1  s =  2.0  G  =     0.000000 meV        g_int =     0.000000 MeV^(1/2)   g_ext =  (0.000000,0.000000) MeV^(1/2) 
  R =  6  L =  M2  s =  2.0  G  =     0.000000 meV        g_int =     0.000000 MeV^(1/2)   g_ext =  (0.000000,0.000000) MeV^(1/2) 
  R =  7  L =  E2  s =  3.0  G  =   400.000000 meV        g_int =    -2.315420 MeV^(1/2)   g_ext = (0.234306,-0.011700) MeV^(1/2) 
  R =  7  L =  M3  s =  3.0  G  =     0.000000 meV        g_int =     0.000000 MeV^(1/2)   g_ext =  (0.000000,0.000000) MeV^(1/2) 
  R =  8  L =  E1  s =  0.0  G  =   244.000000 meV        g_int =     0.056295 MeV^(1/2)   g_ext =  (0.000087,0.000126) MeV^(1/2) 
  R =  9   G-T Beta Decay    B  =     0.000000            g_int =     0.000000             g_ext =  (0.000000,0.000000)

J = 1.0-  E_level =  17.0900 MeV  ITERATIONS =     0
  R =  1  l =   1  s =  0.0  G  =     0.000000 meV        g_int =     0.000000 MeV^(1/2)   g_ext =  (0.000000,0.000000) MeV^(1/2) 
  R =  2  l =   0  s =  1.0  G  =     0.000000 meV        g_int =     0.000000 MeV^(1/2)   g_ext =  (0.000000,0.000000) MeV^(1/2) 
  R =  2  l =   2  s =  1.0  G  =     0.000000 meV        g_int =     0.000000 MeV^(1/2)   g_ext =  (0.000000,0.000000) MeV^(1/2) 
  R =  3  l =   1  s =  2.0  G  =     0.000000 meV        g_int =     0.000000 MeV^(1/2)   g_ext =  (0.000000,0.000000) MeV^(1/2) 
  R =  3  l =   3  s =  2.0  G  =     0.000000 meV        g_int =     0.000000 MeV^(1/2)   g_ext =  (0.000000,0.000000) MeV^(1/2) 
  R =  4  L =  E1  s =  0.0  G  =     0.000000 meV        g_int =     0.000000 MeV^(1/2)   g_ext =  (0.000000,0.000000) MeV^(1/2) 
  R =  5  L =  M1  s =  1.0  G  =     0.000000 meV        g_int =     0.000000 MeV^(1/2)   g_ext =  (0.000000,0.000000) MeV^(1/2) 
  R =  5  L =  E2  s =  1.0  G  =     0.000000 meV        g_int =     0.000000 MeV^(1/2)   g_ext =  (0.000000,0.000000) MeV^(1/2) 
  R =  6  L =  E1  s =  2.0  G  =     0.000000 meV        g_int =     0.000000 MeV^(1/2)   g_ext =  (0.000000,0.000000) MeV^(1/2) 
  R =  6  L =  M2  s =  2.0  G  =     0.000000 meV        g_int =     0.000000 MeV^(1/2)   g_ext =  (0.000000,0.000000) MeV^(1/2) 
  R =  7  L =  E2  s =  3.0  G  =     0.000000 meV        g_int =     0.000000 MeV^(1/2)   g_ext =  (0.000000,0.000000) MeV^(1/2) 
  R =  7  L =  M3  s =  3.0  G  =     0.000000 meV        g_int =     0.000000 MeV^(1/2)   g_ext =  (0.000000,0.000000) MeV^(1/2) 
  R =  8  L =  E1  s =  0.0  G  =     0.000000 meV        g_int =     0.000000 MeV^(1/2)   g_ext =  (0.000000,0.000000) MeV^(1/2) 
  R =  9   G-T Beta Decay    B  =     0.000000            g_int =     0.000000             g_ext =  (0.000000,0.000000)

J = 1.0-  E_level =  20.0000 MeV  ITERATIONS =     0
  R =  1  l =   1  s =  0.0  G  =     0.000000 meV        g_int =     0.000000 MeV^(1/2)   g_ext =  (0.000000,0.000000) MeV^(1/2) 
  R =  2  l =   0  s =  1.0  G  =     0.000000 meV        g_int =     0.000000 MeV^(1/2)   g_ext =  (0.000000,0.000000) MeV^(1/2) 
  R =  2  l =   2  s =  1.0  G  =     0.000000 meV        g_int =     0.000000 MeV^(1/2)   g_ext =  (0.000000,0.000000) MeV^(1/2) 
  R =  3  l =   1  s =  2.0  G  =     0.000000 meV        g_int =     0.000000 MeV^(1/2)   g_ext =  (0.000000,0.000000) MeV^(1/2) 
  R =  3  l =   3  s =  2.0  G  =     0.000000 meV        g_int =     0.000000 MeV^(1/2)   g_ext =  (0.000000,0.000000) MeV^(1/2) 
  R =  4  L =  E1  s =  0.0  G  =     0.000000 meV        g_int =     0.000000 MeV^(1/2)   g_ext =  (0.000000,0.000000) MeV^(1/2) 
  R =  5  L =  M1  s =  1.0  G  =     0.000000 meV        g_int =     0.000000 MeV^(1/2)   g_ext =  (0.000000,0.000000) MeV^(1/2) 
  R =  5  L =  E2  s =  1.0  G  =     0.000000 meV        g_int =     0.000000 MeV^(1/2)   g_ext =  (0.000000,0.000000) MeV^(1/2) 
  R =  6  L =  E1  s =  2.0  G  =     0.000000 meV        g_int =     0.000000 MeV^(1/2)   g_ext =  (0.000000,0.000000) MeV^(1/2) 
  R =  6  L =  M2  s =  2.0  G  =     0.000000 meV        g_int =     0.000000 MeV^(1/2)   g_ext =  (0.000000,0.000000) MeV^(1/2) 
  R =  7  L =  E2  s =  3.0  G  =     0.000000 meV        g_int =     0.000000 MeV^(1/2)   g_ext =  (0.000000,0.000000) MeV^(1/2) 
  R =  7  L =  M3  s =  3.0  G  =     0.000000 meV        g_int =     0.000000 MeV^(1/2)   g_ext =  (0.000000,0.000000) MeV^(1/2) 
  R =  8  L =  E1  s =  0.0  G  =     0.000000 meV        g_int =     0.000000 MeV^(1/2)   g_ext =  (0.000000,0.000000) MeV^(1/2) 
  R =  9   G-T Beta Decay    B  =     0.000000            g_int =     0.000000             g_ext =  (0.000000,0.000000)

J = 1.0+  E_level =  13.6646 MeV  ITERATIONS =     0
  R =  2  l =   1  s =  0.0  G  =     0.000000 meV        g_int =     0.000000 MeV^(1/2)   g_ext =  (0.000000,0.000000) MeV^(1/2) 
  R =  2  l =   1  s =  1.0  G  =    10.270000 keV        g_int =    -0.172249 MeV^(1/2)   g_ext =  (0.000000,0.000000) MeV^(1/2) 
  R =  3  l =   2  s =  2.0  G  =    61.070000 keV        g_int =     0.658648 MeV^(1/2)   g_ext =  (0.000000,0.000000) MeV^(1/2) 
  R =  4  L =  M1  s =  0.0  G  =     0.000000 meV        g_int =     0.000000 MeV^(1/2)   g_ext =  (0.000000,0.000000) MeV^(1/2) 
  R =  5  L =  E1  s =  1.0  G  =     0.000000 meV        g_int =     0.000000 MeV^(1/2)   g_ext =  (0.000000,0.000000) MeV^(1/2) 
  R =  5  L =  M2  s =  1.0  G  =     0.000000 meV        g_int =     0.000000 MeV^(1/2)   g_ext =  (0.000000,0.000000) MeV^(1/2) 
  R =  6  L =  M1  s =  2.0  G  =     0.000000 meV        g_int =     0.000000 MeV^(1/2)   g_ext =  (0.000000,0.000000) MeV^(1/2) 
  R =  6  L =  E2  s =  2.0  G  =     0.000000 meV        g_int =     0.000000 MeV^(1/2)   g_ext =  (0.000000,0.000000) MeV^(1/2) 
  R =  7  L =  M2  s =  3.0  G  =     0.000000 meV        g_int =     0.000000 MeV^(1/2)   g_ext =  (0.000000,0.000000) MeV^(1/2) 
  R =  7  L =  E3  s =  3.0  G  =     0.000000 meV        g_int =     0.000000 MeV^(1/2)   g_ext =  (0.000000,0.000000) MeV^(1/2) 
  R =  8  L =  M1  s =  0.0  G  =     0.000000 meV        g_int =     0.000000 MeV^(1/2)   g_ext =  (0.000000,0.000000) MeV^(1/2) 

J = 1.0+  E_level =  20.0000 MeV  ITERATIONS =     0
  R =  2  l =   1  s =  0.0  G  =     0.000000 meV        g_int =     0.000000 MeV^(1/2)   g_ext =  (0.000000,0.000000) MeV^(1/2) 
  R =  2  l =   1  s =  1.0  G  =     0.000000 meV        g_int =     0.000000 MeV^(1/2)   g_ext =  (0.000000,0.000000) MeV^(1/2) 
  R =  3  l =   2  s =  2.0  G  =     0.000000 meV        g_int =     0.000000 MeV^(1/2)   g_ext =  (0.000000,0.000000) MeV^(1/2) 
  R =  4  L =  M1  s =  0.0  G  =     0.000000 meV        g_int =     0.000000 MeV^(1/2)   g_ext =  (0.000000,0.000000) MeV^(1/2) 
  R =  5  L =  E1  s =  1.0  G  =     0.000000 meV        g_int =     0.000000 MeV^(1/2)   g_ext =  (0.000000,0.000000) MeV^(1/2) 
  R =  5  L =  M2  s =  1.0  G  =     0.000000 meV        g_int =     0.000000 MeV^(1/2)   g_ext =  (0.000000,0.000000) MeV^(1/2) 
  R =  6  L =  M1  s =  2.0  G  =     0.000000 meV        g_int =     0.000000 MeV^(1/2)   g_ext =  (0.000000,0.000000) MeV^(1/2) 
  R =  6  L =  E2  s =  2.0  G  =     0.000000 meV        g_int =     0.000000 MeV^(1/2)   g_ext =  (0.000000,0.000000) MeV^(1/2) 
  R =  7  L =  M2  s =  3.0  G  =     0.000000 meV        g_int =     0.000000 MeV^(1/2)   g_ext =  (0.000000,0.000000) MeV^(1/2) 
  R =  7  L =  E3  s =  3.0  G  =     0.000000 meV        g_int =     0.000000 MeV^(1/2)   g_ext =  (0.000000,0.000000) MeV^(1/2) 
  R =  8  L =  M1  s =  0.0  G  =     0.000000 meV        g_int =     0.000000 MeV^(1/2)   g_ext =  (0.000000,0.000000) MeV^(1/2) 

J = 2.0-  E_level =  12.5300 MeV  ITERATIONS =     0
  R =  2  l =   2  s =  0.0  G  =    20.500000 eV         g_int =     0.399766 MeV^(1/2)   g_ext =  (0.000000,0.000000) MeV^(1/2) 
  R =  2  l =   2  s =  1.0  G  =     4.500000 eV         g_int =     0.187299 MeV^(1/2)   g_ext =  (0.000000,0.000000) MeV^(1/2) 
  R =  3  l =   1  s =  2.0  G  =    72.000000 eV         g_int =     0.228755 MeV^(1/2)   g_ext =  (0.000000,0.000000) MeV^(1/2) 
  R =  3  l =   3  s =  2.0  G  =     0.000000 meV        g_int =     0.000000 MeV^(1/2)   g_ext =  (0.000000,0.000000) MeV^(1/2) 
  R =  4  L =  M2  s =  0.0  G  =     0.000000 meV        g_int =     0.000000 MeV^(1/2)   g_ext =  (0.000000,0.000000) MeV^(1/2) 
  R =  5  L =  M1  s =  1.0  G  =     0.000000 meV        g_int =     0.000000 MeV^(1/2)   g_ext =  (0.000000,0.000000) MeV^(1/2) 
  R =  5  L =  E2  s =  1.0  G  =     0.000000 meV        g_int =     0.000000 MeV^(1/2)   g_ext =  (0.000000,0.000000) MeV^(1/2) 
  R =  6  L =  E1  s =  2.0  G  =     0.000000 meV        g_int =     0.000000 MeV^(1/2)   g_ext =  (0.000000,0.000000) MeV^(1/2) 
  R =  6  L =  M2  s =  2.0  G  =     0.000000 meV        g_int =     0.000000 MeV^(1/2)   g_ext =  (0.000000,0.000000) MeV^(1/2) 
  R =  7  L =  M1  s =  3.0  G  =     0.000000 meV        g_int =     0.000000 MeV^(1/2)   g_ext =  (0.000000,0.000000) MeV^(1/2) 
  R =  7  L =  E2  s =  3.0  G  =     0.000000 meV        g_int =     0.000000 MeV^(1/2)   g_ext =  (0.000000,0.000000) MeV^(1/2) 
  R =  8  L =  M2  s =  0.0  G  =     0.000000 meV        g_int =     0.000000 MeV^(1/2)   g_ext =  (0.000000,0.000000) MeV^(1/2) 
  R =  9   G-T Beta Decay    B  =     0.000000            g_int =     0.000000             g_ext =  (0.000000,0.000000)
  R =  9  Fermi Beta Decay   B  =     0.000000            g_int =     0.000000             g_ext =  (0.000000,0.000000)

J = 2.0-  E_level =  12.9686 MeV  ITERATIONS =     0
  R =  2  l =   2  s =  0.0  G  =   512.355000 eV         g_int =     0.283942 MeV^(1/2)   g_ext =  (0.000000,0.000000) MeV^(1/2) 
  R =  2  l =   2  s =  1.0  G  =   300.000000 eV         g_int =     0.217272 MeV^(1/2)   g_ext =  (0.000000,0.000000) MeV^(1/2) 
  R =  3  l =   1  s =  2.0  G  =   855.751000 eV         g_int =     0.145766 MeV^(1/2)   g_ext =  (0.000000,0.000000) MeV^(1/2) 
  R =  3  l =   3  s =  2.0  G  =     0.000000 meV        g_int =     0.000000 MeV^(1/2)   g_ext =  (0.000000,0.000000) MeV^(1/2) 
  R =  4  L =  M2  s =  0.0  G  =     0.000000 meV        g_int =     0.000000 MeV^(1/2)   g_ext =  (0.000000,0.000000) MeV^(1/2) 
  R =  5  L =  M1  s =  1.0  G  =     0.000000 meV        g_int =     0.000000 MeV^(1/2)   g_ext =  (0.000000,0.000000) MeV^(1/2) 
  R =  5  L =  E2  s =  1.0  G  =     0.000000 meV        g_int =     0.000000 MeV^(1/2)   g_ext =  (0.000000,0.000000) MeV^(1/2) 
  R =  6  L =  E1  s =  2.0  G  =     0.000000 meV        g_int =     0.000000 MeV^(1/2)   g_ext =  (0.000000,0.000000) MeV^(1/2) 
  R =  6  L =  M2  s =  2.0  G  =     0.000000 meV        g_int =     0.000000 MeV^(1/2)   g_ext =  (0.000000,0.000000) MeV^(1/2) 
  R =  7  L =  M1  s =  3.0  G  =     0.000000 meV        g_int =     0.000000 MeV^(1/2)   g_ext =  (0.000000,0.000000) MeV^(1/2) 
  R =  7  L =  E2  s =  3.0  G  =     0.000000 meV        g_int =     0.000000 MeV^(1/2)   g_ext =  (0.000000,0.000000) MeV^(1/2) 
  R =  8  L =  M2  s =  0.0  G  =     0.000000 meV        g_int =     0.000000 MeV^(1/2)   g_ext =  (0.000000,0.000000) MeV^(1/2) 
  R =  9   G-T Beta Decay    B  =     0.000000            g_int =     0.000000             g_ext =  (0.000000,0.000000)
  R =  9  Fermi Beta Decay   B  =     0.000000            g_int =     0.000000             g_ext =  (0.000000,0.000000)

J = 2.0-  E_level =  20.0000 MeV  ITERATIONS =     0
  R =  2  l =   2  s =  0.0  G  =     0.000000 meV        g_int =     0.000000 MeV^(1/2)   g_ext =  (0.000000,0.000000) MeV^(1/2) 
  R =  2  l =   2  s =  1.0  G  =     0.000000 meV        g_int =     0.000000 MeV^(1/2)   g_ext =  (0.000000,0.000000) MeV^(1/2) 
  R =  3  l =   1  s =  2.0  G  =     0.000000 meV        g_int =     0.000000 MeV^(1/2)   g_ext =  (0.000000,0.000000) MeV^(1/2) 
  R =  3  l =   3  s =  2.0  G  =     0.000000 meV        g_int =     0.000000 MeV^(1/2)   g_ext =  (0.000000,0.000000) MeV^(1/2) 
  R =  4  L =  M2  s =  0.0  G  =     0.000000 meV        g_int =     0.000000 MeV^(1/2)   g_ext =  (0.000000,0.000000) MeV^(1/2) 
  R =  5  L =  M1  s =  1.0  G  =     0.000000 meV        g_int =     0.000000 MeV^(1/2)   g_ext =  (0.000000,0.000000) MeV^(1/2) 
  R =  5  L =  E2  s =  1.0  G  =     0.000000 meV        g_int =     0.000000 MeV^(1/2)   g_ext =  (0.000000,0.000000) MeV^(1/2) 
  R =  6  L =  E1  s =  2.0  G  =     0.000000 meV        g_int =     0.000000 MeV^(1/2)   g_ext =  (0.000000,0.000000) MeV^(1/2) 
  R =  6  L =  M2  s =  2.0  G  =     0.000000 meV        g_int =     0.000000 MeV^(1/2)   g_ext =  (0.000000,0.000000) MeV^(1/2) 
  R =  7  L =  M1  s =  3.0  G  =     0.000000 meV        g_int =     0.000000 MeV^(1/2)   g_ext =  (0.000000,0.000000) MeV^(1/2) 
  R =  7  L =  E2  s =  3.0  G  =     0.000000 meV        g_int =     0.000000 MeV^(1/2)   g_ext =  (0.000000,0.000000) MeV^(1/2) 
  R =  8  L =  M2  s =  0.0  G  =     0.000000 meV        g_int =     0.000000 MeV^(1/2)   g_ext =  (0.000000,0.000000) MeV^(1/2) 
  R =  9   G-T Beta Decay    B  =     0.000000            g_int =     0.000000             g_ext =  (0.000000,0.000000)
  R =  9  Fermi Beta Decay   B  =     0.000000            g_int =     0.000000             g_ext =  (0.000000,0.000000)

J = 2.0+  E_level =   6.9171 MeV  ITERATIONS =     0
  R =  1  l =   2  s =  0.0  C  = 114000.000000 fm^(-1/2)  g_int =     0.358793 MeV^(1/2)   g_ext =  (0.000000,0.000000) MeV^(1/2) 
  R =  2  l =   1  s =  1.0  C  =     0.450000 fm^(-1/2)  g_int =     0.049940 MeV^(1/2)   g_ext =  (0.000000,0.000000) MeV^(1/2) 
  R =  2  l =   3  s =  1.0  C  =     0.000000 fm^(-1/2)  g_int =     0.000000 MeV^(1/2)   g_ext =  (0.000000,0.000000) MeV^(1/2) 
  R =  3  l =   0  s =  2.0  C  =     0.000000 fm^(-1/2)  g_int =     0.000000 MeV^(1/2)   g_ext =  (0.000000,0.000000) MeV^(1/2) 
  R =  3  l =   2  s =  2.0  C  =     0.000000 fm^(-1/2)  g_int =     0.000000 MeV^(1/2)   g_ext =  (0.000000,0.000000) MeV^(1/2) 
  R =  3  l =   4  s =  2.0  C  =     0.000000 fm^(-1/2)  g_int =     0.000000 MeV^(1/2)   g_ext =  (0.000000,0.000000) MeV^(1/2) 
  R =  4  L =  E2  s =  0.0  G  =    97.000000 meV        g_int =     0.974144 MeV^(1/2)   g_ext =  (0.015613,0.000000) MeV^(1/2) 
  R =  5  L =  E1  s =  1.0  G  =     0.000000 meV        g_int =     0.000000 MeV^(1/2)   g_ext =  (0.000000,0.000000) MeV^(1/2) 
  R =  5  L =  M2  s =  1.0  G  =     0.000000 meV        g_int =     0.000000 MeV^(1/2)   g_ext =  (0.000000,0.000000) MeV^(1/2) 
  R =  6  L =  M1  s =  2.0  mu =     0.000000 nm         g_int =     0.000000 MeV^(1/2)   g_ext =  (0.000000,0.000000) MeV^(1/2) 
  R =  6  L =  E2  s =  2.0  Q  =     0.000000 b          g_int =     0.000000 MeV^(1/2)   g_ext =  (0.000000,0.000000) MeV^(1/2) 
  R =  7  L =  E1  s =  3.0  G  =     0.007800 meV        g_int =     0.002415 MeV^(1/2)   g_ext =  (0.005689,0.000000) MeV^(1/2) 
  R =  7  L =  M2  s =  3.0  G  =     0.000000 meV        g_int =     0.000000 MeV^(1/2)   g_ext =  (0.000000,0.000000) MeV^(1/2) 
  R =  8  L =  E2  s =  0.0  G  =     0.027000 meV        g_int =    -3.360667 MeV^(1/2)   g_ext =  (0.397811,0.000000) MeV^(1/2) 

J = 2.0+  E_level =   9.8445 MeV  ITERATIONS =     0
  R =  1  l =   2  s =  0.0  G  =   620.000000 eV         g_int =     0.028709 MeV^(1/2)   g_ext =  (0.000000,0.000000) MeV^(1/2) 
  R =  2  l =   1  s =  1.0  C  =     0.000000 fm^(-1/2)  g_int =     0.000000 MeV^(1/2)   g_ext =  (0.000000,0.000000) MeV^(1/2) 
  R =  2  l =   3  s =  1.0  C  =     0.000000 fm^(-1/2)  g_int =     0.000000 MeV^(1/2)   g_ext =  (0.000000,0.000000) MeV^(1/2) 
  R =  3  l =   0  s =  2.0  C  =     0.000000 fm^(-1/2)  g_int =     0.000000 MeV^(1/2)   g_ext =  (0.000000,0.000000) MeV^(1/2) 
  R =  3  l =   2  s =  2.0  C  =     0.000000 fm^(-1/2)  g_int =     0.000000 MeV^(1/2)   g_ext =  (0.000000,0.000000) MeV^(1/2) 
  R =  3  l =   4  s =  2.0  C  =     0.000000 fm^(-1/2)  g_int =     0.000000 MeV^(1/2)   g_ext =  (0.000000,0.000000) MeV^(1/2) 
  R =  4  L =  E2  s =  0.0  G  =     5.700000 meV        g_int =    -0.097030 MeV^(1/2)   g_ext =  (0.000964,0.000108) MeV^(1/2) 
  R =  5  L =  E1  s =  1.0  G  =     0.300000 meV        g_int =     0.007561 MeV^(1/2)   g_ext = (-0.000022,-0.000006) MeV^(1/2) 
  R =  5  L =  M2  s =  1.0  G  =     0.000000 meV        g_int =     0.000000 MeV^(1/2)   g_ext =  (0.000000,0.000000) MeV^(1/2) 
  R =  6  L =  M1  s =  2.0  G  =     0.000000 meV        g_int =     0.000000 MeV^(1/2)   g_ext =  (0.000000,0.000000) MeV^(1/2) 
  R =  6  L =  E2  s =  2.0  G  =     2.200000 meV        g_int =     1.181102 MeV^(1/2)   g_ext =  (0.056506,0.016467) MeV^(1/2) 
  R =  7  L =  E1  s =  3.0  G  =     0.000000 meV        g_int =     0.000000 MeV^(1/2)   g_ext =  (0.000000,0.000000) MeV^(1/2) 
  R =  7  L =  M2  s =  3.0  G  =     0.000000 meV        g_int =     0.000000 MeV^(1/2)   g_ext =  (0.000000,0.000000) MeV^(1/2) 
  R =  8  L =  E2  s =  0.0  G  =     1.900000 meV        g_int =    -0.651253 MeV^(1/2)   g_ext =  (0.050318,0.013344) MeV^(1/2) 

J = 2.0+  E_level =  11.5055 MeV  ITERATIONS =     0
  R =  1  l =   2  s =  0.0  G  =    83.000000 keV        g_int =     0.160375 MeV^(1/2)   g_ext =  (0.000000,0.000000) MeV^(1/2) 
  R =  2  l =   1  s =  1.0  C  =     0.000000 fm^(-1/2)  g_int =     0.000000 MeV^(1/2)   g_ext =  (0.000000,0.000000) MeV^(1/2) 
  R =  2  l =   3  s =  1.0  C  =     0.000000 fm^(-1/2)  g_int =     0.000000 MeV^(1/2)   g_ext =  (0.000000,0.000000) MeV^(1/2) 
  R =  3  l =   0  s =  2.0  C  =     0.000000 fm^(-1/2)  g_int =     0.000000 MeV^(1/2)   g_ext =  (0.000000,0.000000) MeV^(1/2) 
  R =  3  l =   2  s =  2.0  C  =     0.000000 fm^(-1/2)  g_int =     0.000000 MeV^(1/2)   g_ext =  (0.000000,0.000000) MeV^(1/2) 
  R =  3  l =   4  s =  2.0  C  =     0.000000 fm^(-1/2)  g_int =     0.000000 MeV^(1/2)   g_ext =  (0.000000,0.000000) MeV^(1/2) 
  R =  4  L =  E2  s =  0.0  G  =   490.000000 meV        g_int =    -0.611316 MeV^(1/2)   g_ext =  (0.005406,0.002044) MeV^(1/2) 
  R =  5  L =  E1  s =  1.0  G  =    14.000000 meV        g_int =     0.025465 MeV^(1/2)   g_ext = (-0.000116,-0.000099) MeV^(1/2) 
  R =  5  L =  M2  s =  1.0  G  =     0.000000 meV        g_int =     0.000000 MeV^(1/2)   g_ext =  (0.000000,0.000000) MeV^(1/2) 
  R =  6  L =  M1  s =  2.0  G  =     0.000000 meV        g_int =     0.000000 MeV^(1/2)   g_ext =  (0.000000,0.000000) MeV^(1/2) 
  R =  6  L =  E2  s =  2.0  G  =    24.000000 meV        g_int =     1.070410 MeV^(1/2)   g_ext =  (0.250517,0.194340) MeV^(1/2) 
  R =  7  L =  E1  s =  3.0  G  =    33.000000 meV        g_int =    -0.028585 MeV^(1/2)   g_ext = (-0.000123,-0.000073) MeV^(1/2) 
  R =  7  L =  M2  s =  3.0  G  =     0.000000 meV        g_int =     0.000000 MeV^(1/2)   g_ext =  (0.000000,0.000000) MeV^(1/2) 
  R =  8  L =  E2  s =  0.0  G  =    49.000000 meV        g_int =     0.996221 MeV^(1/2)   g_ext =  (0.229301,0.170181) MeV^(1/2) 

J = 2.0+  E_level =  12.9656 MeV  ITERATIONS =     0
  R =  1  l =   2  s =  0.0  G  =   349.000000 keV        g_int =    -0.260641 MeV^(1/2)   g_ext =  (0.000000,0.000000) MeV^(1/2) 
  R =  2  l =   1  s =  1.0  G  =     1.820000 keV        g_int =     0.153997 MeV^(1/2)   g_ext =  (0.000000,0.000000) MeV^(1/2) 
  R =  2  l =   3  s =  1.0  G  =     0.000000 meV        g_int =     0.000000 MeV^(1/2)   g_ext =  (0.000000,0.000000) MeV^(1/2) 
  R =  3  l =   0  s =  2.0  G  =     1.325000 keV        g_int =    -0.129718 MeV^(1/2)   g_ext =  (0.000000,0.000000) MeV^(1/2) 
  R =  3  l =   2  s =  2.0  G  =     0.000000 meV        g_int =     0.000000 MeV^(1/2)   g_ext =  (0.000000,0.000000) MeV^(1/2) 
  R =  3  l =   4  s =  2.0  G  =     0.000000 meV        g_int =     0.000000 MeV^(1/2)   g_ext =  (0.000000,0.000000) MeV^(1/2) 
  R =  4  L =  E2  s =  0.0  G  =   560.000000 meV        g_int =    -0.512698 MeV^(1/2)   g_ext = (0.024145,-0.003760) MeV^(1/2) 
  R =  5  L =  E1  s =  1.0  G  =     0.000000 meV        g_int =     0.000000 MeV^(1/2)   g_ext =  (0.000000,0.000000) MeV^(1/2) 
  R =  5  L =  M2  s =  1.0  G  =     0.000000 meV        g_int =     0.000000 MeV^(1/2)   g_ext =  (0.000000,0.000000) MeV^(1/2) 
  R =  6  L =  M1  s =  2.0  G  =     0.000000 meV        g_int =     0.000000 MeV^(1/2)   g_ext =  (0.000000,0.000000) MeV^(1/2) 
  R =  6  L =  E2  s =  2.0  G  =     0.000000 meV        g_int =     0.000000 MeV^(1/2)   g_ext =  (0.000000,0.000000) MeV^(1/2) 
  R =  7  L =  E1  s =  3.0  G  =     0.000000 meV        g_int =     0.000000 MeV^(1/2)   g_ext =  (0.000000,0.000000) MeV^(1/2) 
  R =  7  L =  M2  s =  3.0  G  =     0.000000 meV        g_int =     0.000000 MeV^(1/2)   g_ext =  (0.000000,0.000000) MeV^(1/2) 
  R =  8  L =  E2  s =  0.0  G  =     0.000000 meV        g_int =     0.000000 MeV^(1/2)   g_ext =  (0.000000,0.000000) MeV^(1/2) 

J = 2.0+  E_level =  15.0000 MeV  ITERATIONS =     0
  R =  1  l =   2  s =  0.0  G  =  5500.000000 keV        g_int =     0.866487 MeV^(1/2)   g_ext =  (0.000000,0.000000) MeV^(1/2) 
  R =  2  l =   1  s =  1.0  G  =     8.090000 keV        g_int =    -0.073705 MeV^(1/2)   g_ext =  (0.000000,0.000000) MeV^(1/2) 
  R =  2  l =   3  s =  1.0  G  =     0.000000 meV        g_int =     0.000000 MeV^(1/2)   g_ext =  (0.000000,0.000000) MeV^(1/2) 
  R =  3  l =   0  s =  2.0  G  =     0.000000 meV        g_int =     0.000000 MeV^(1/2)   g_ext =  (0.000000,0.000000) MeV^(1/2) 
  R =  3  l =   2  s =  2.0  G  =     0.000000 meV        g_int =     0.000000 MeV^(1/2)   g_ext =  (0.000000,0.000000) MeV^(1/2) 
  R =  3  l =   4  s =  2.0  G  =     0.000000 meV        g_int =     0.000000 MeV^(1/2)   g_ext =  (0.000000,0.000000) MeV^(1/2) 
  R =  4  L =  E2  s =  0.0  G  =     0.000000 meV        g_int =     0.000000 MeV^(1/2)   g_ext =  (0.000000,0.000000) MeV^(1/2) 
  R =  5  L =  E1  s =  1.0  G  =     0.000000 meV        g_int =     0.000000 MeV^(1/2)   g_ext =  (0.000000,0.000000) MeV^(1/2) 
  R =  5  L =  M2  s =  1.0  G  =     0.000000 meV        g_int =     0.000000 MeV^(1/2)   g_ext =  (0.000000,0.000000) MeV^(1/2) 
  R =  6  L =  M1  s =  2.0  G  =     0.000000 meV        g_int =     0.000000 MeV^(1/2)   g_ext =  (0.000000,0.000000) MeV^(1/2) 
  R =  6  L =  E2  s =  2.0  G  =     0.000000 meV        g_int =     0.000000 MeV^(1/2)   g_ext =  (0.000000,0.000000) MeV^(1/2) 
  R =  7  L =  E1  s =  3.0  G  =     0.000000 meV        g_int =     0.000000 MeV^(1/2)   g_ext =  (0.000000,0.000000) MeV^(1/2) 
  R =  7  L =  M2  s =  3.0  G  =     0.000000 meV        g_int =     0.000000 MeV^(1/2)   g_ext =  (0.000000,0.000000) MeV^(1/2) 
  R =  8  L =  E2  s =  0.0  G  =     0.000000 meV        g_int =     0.000000 MeV^(1/2)   g_ext =  (0.000000,0.000000) MeV^(1/2) 

J = 3.0-  E_level =   6.1299 MeV  ITERATIONS =     0
  R =  1  l =   3  s =  0.0  C  =   139.000000 fm^(-1/2)  g_int =     0.158034 MeV^(1/2)   g_ext =  (0.000000,0.000000) MeV^(1/2) 
  R =  2  l =   2  s =  1.0  C  =     1.880000 fm^(-1/2)  g_int =     0.316812 MeV^(1/2)   g_ext =  (0.000000,0.000000) MeV^(1/2) 
  R =  2  l =   4  s =  1.0  C  =     0.000000 fm^(-1/2)  g_int =     0.000000 MeV^(1/2)   g_ext =  (0.000000,0.000000) MeV^(1/2) 
  R =  3  l =   1  s =  2.0  C  =     0.000000 fm^(-1/2)  g_int =     0.000000 MeV^(1/2)   g_ext =  (0.000000,0.000000) MeV^(1/2) 
  R =  3  l =   3  s =  2.0  C  =     0.000000 fm^(-1/2)  g_int =     0.000000 MeV^(1/2)   g_ext =  (0.000000,0.000000) MeV^(1/2) 
  R =  3  l =   5  s =  2.0  C  =     0.000000 fm^(-1/2)  g_int =     0.000000 MeV^(1/2)   g_ext =  (0.000000,0.000000) MeV^(1/2) 
  R =  4  L =  E3  s =  0.0  G  =     0.026000 meV        g_int =     0.691526 MeV^(1/2)   g_ext =  (0.000000,0.000000) MeV^(1/2) 
  R =  5  L =  E2  s =  1.0  G  =     0.000000 meV        g_int =     0.000000 MeV^(1/2)   g_ext =  (0.000000,0.000000) MeV^(1/2) 
  R =  5  L =  M3  s =  1.0  G  =     0.000000 meV        g_int =     0.000000 MeV^(1/2)   g_ext =  (0.000000,0.000000) MeV^(1/2) 
  R =  6  L =  E1  s =  2.0  G  =     0.000000 meV        g_int =     0.000000 MeV^(1/2)   g_ext =  (0.000000,0.000000) MeV^(1/2) 
  R =  6  L =  M2  s =  2.0  G  =     0.000000 meV        g_int =     0.000000 MeV^(1/2)   g_ext =  (0.000000,0.000000) MeV^(1/2) 
  R =  7  L =  M1  s =  3.0  mu =     0.000000 nm         g_int =     0.000000 MeV^(1/2)   g_ext =  (0.000000,0.000000) MeV^(1/2) 
  R =  7  L =  E2  s =  3.0  Q  =     0.000000 b          g_int =     0.000000 MeV^(1/2)   g_ext =  (0.000000,0.000000) MeV^(1/2) 
  R =  8  L =  E3  s =  0.0  G  =     0.000000 meV        g_int =     0.000000 MeV^(1/2)   g_ext =  (0.000000,0.000000) MeV^(1/2) 
  R =  9   G-T Beta Decay    B  =     4.480000            g_int =     4.480000             g_ext =  (0.000000,0.000000)

J = 3.0-  E_level =  11.5058 MeV  ITERATIONS =     0
  R =  1  l =   3  s =  0.0  G  =   900.000000 keV        g_int =     0.826318 MeV^(1/2)   g_ext =  (0.000000,0.000000) MeV^(1/2) 
  R =  2  l =   2  s =  1.0  C  =     0.000000 fm^(-1/2)  g_int =     0.000000 MeV^(1/2)   g_ext =  (0.000000,0.000000) MeV^(1/2) 
  R =  2  l =   4  s =  1.0  C  =     0.000000 fm^(-1/2)  g_int =     0.000000 MeV^(1/2)   g_ext =  (0.000000,0.000000) MeV^(1/2) 
  R =  3  l =   1  s =  2.0  C  =     0.000000 fm^(-1/2)  g_int =     0.000000 MeV^(1/2)   g_ext =  (0.000000,0.000000) MeV^(1/2) 
  R =  3  l =   3  s =  2.0  C  =     0.000000 fm^(-1/2)  g_int =     0.000000 MeV^(1/2)   g_ext =  (0.000000,0.000000) MeV^(1/2) 
  R =  3  l =   5  s =  2.0  C  =     0.000000 fm^(-1/2)  g_int =     0.000000 MeV^(1/2)   g_ext =  (0.000000,0.000000) MeV^(1/2) 
  R =  4  L =  E3  s =  0.0  G  =     0.200000 meV        g_int =     0.248600 MeV^(1/2)   g_ext =  (0.000000,0.000000) MeV^(1/2) 
  R =  5  L =  E2  s =  1.0  G  =    21.000000 meV        g_int =     0.814221 MeV^(1/2)   g_ext =  (0.768945,0.474651) MeV^(1/2) 
  R =  5  L =  M3  s =  1.0  G  =     0.000000 meV        g_int =     0.000000 MeV^(1/2)   g_ext =  (0.000000,0.000000) MeV^(1/2) 
  R =  6  L =  E1  s =  2.0  G  =     8.000000 meV        g_int =     0.022444 MeV^(1/2)   g_ext = (-0.001229,-0.000630) MeV^(1/2) 
  R =  6  L =  M2  s =  2.0  G  =     0.000000 meV        g_int =     0.000000 MeV^(1/2)   g_ext =  (0.000000,0.000000) MeV^(1/2) 
  R =  7  L =  M1  s =  3.0  G  =     0.000000 meV        g_int =     0.000000 MeV^(1/2)   g_ext =  (0.000000,0.000000) MeV^(1/2) 
  R =  7  L =  E2  s =  3.0  G  =     8.000000 meV        g_int =     0.033063 MeV^(1/2)   g_ext =  (0.540574,0.219958) MeV^(1/2) 
  R =  8  L =  E3  s =  0.0  G  =     0.000000 meV        g_int =     0.000000 MeV^(1/2)   g_ext =  (0.000000,0.000000) MeV^(1/2) 
  R =  9   G-T Beta Decay    B  =     0.000000            g_int =     0.000000             g_ext =  (0.000000,0.000000)

J = 3.0-  E_level =  13.1412 MeV  ITERATIONS =     0
  R =  1  l =   3  s =  0.0  G  =    72.900000 keV        g_int =     0.154051 MeV^(1/2)   g_ext =  (0.000000,0.000000) MeV^(1/2) 
  R =  2  l =   2  s =  1.0  G  =     1.110000 keV        g_int =    -0.310974 MeV^(1/2)   g_ext =  (0.000000,0.000000) MeV^(1/2) 
  R =  2  l =   4  s =  1.0  G  =     0.000000 meV        g_int =     0.000000 MeV^(1/2)   g_ext =  (0.000000,0.000000) MeV^(1/2) 
  R =  3  l =   1  s =  2.0  G  =    20.500000 keV        g_int =     0.526536 MeV^(1/2)   g_ext =  (0.000000,0.000000) MeV^(1/2) 
  R =  3  l =   3  s =  2.0  G  =     0.000000 meV        g_int =     0.000000 MeV^(1/2)   g_ext =  (0.000000,0.000000) MeV^(1/2) 
  R =  3  l =   5  s =  2.0  G  =     0.000000 meV        g_int =     0.000000 MeV^(1/2)   g_ext =  (0.000000,0.000000) MeV^(1/2) 
  R =  4  L =  E3  s =  0.0  G  =    10.000000 meV        g_int =     1.073963 MeV^(1/2)   g_ext =  (0.000000,0.000000) MeV^(1/2) 
  R =  5  L =  E2  s =  1.0  G  =     0.000000 meV        g_int =     0.000000 MeV^(1/2)   g_ext =  (0.000000,0.000000) MeV^(1/2) 
  R =  5  L =  M3  s =  1.0  G  =     0.000000 meV        g_int =     0.000000 MeV^(1/2)   g_ext =  (0.000000,0.000000) MeV^(1/2) 
  R =  6  L =  E1  s =  2.0  G  =     0.000000 meV        g_int =     0.000000 MeV^(1/2)   g_ext =  (0.000000,0.000000) MeV^(1/2) 
  R =  6  L =  M2  s =  2.0  G  =     0.000000 meV        g_int =     0.000000 MeV^(1/2)   g_ext =  (0.000000,0.000000) MeV^(1/2) 
  R =  7  L =  M1  s =  3.0  G  =     0.000000 meV        g_int =     0.000000 MeV^(1/2)   g_ext =  (0.000000,0.000000) MeV^(1/2) 
  R =  7  L =  E2  s =  3.0  G  =     8.000000 eV         g_int =     9.713848 MeV^(1/2)   g_ext =  (0.015064,0.059699) MeV^(1/2) 
  R =  8  L =  E3  s =  0.0  G  =     0.000000 meV        g_int =     0.000000 MeV^(1/2)   g_ext =  (0.000000,0.000000) MeV^(1/2) 
  R =  9   G-T Beta Decay    B  =     0.000000            g_int =     0.000000             g_ext =  (0.000000,0.000000)

J = 3.0-  E_level =  13.2650 MeV  ITERATIONS =     0
  R =  1  l =   3  s =  0.0  G  =    12.760000 keV        g_int =     0.058673 MeV^(1/2)   g_ext =  (0.000000,0.000000) MeV^(1/2) 
  R =  2  l =   2  s =  1.0  G  =     3.660000 keV        g_int =     0.412713 MeV^(1/2)   g_ext =  (0.000000,0.000000) MeV^(1/2) 
  R =  2  l =   4  s =  1.0  G  =     0.000000 meV        g_int =     0.000000 MeV^(1/2)   g_ext =  (0.000000,0.000000) MeV^(1/2) 
  R =  3  l =   1  s =  2.0  G  =    11.740000 keV        g_int =     0.288715 MeV^(1/2)   g_ext =  (0.000000,0.000000) MeV^(1/2) 
  R =  3  l =   3  s =  2.0  G  =     0.000000 meV        g_int =     0.000000 MeV^(1/2)   g_ext =  (0.000000,0.000000) MeV^(1/2) 
  R =  3  l =   5  s =  2.0  G  =     0.000000 meV        g_int =     0.000000 MeV^(1/2)   g_ext =  (0.000000,0.000000) MeV^(1/2) 
  R =  4  L =  E3  s =  0.0  G  =     0.000000 meV        g_int =     0.000000 MeV^(1/2)   g_ext =  (0.000000,0.000000) MeV^(1/2) 
  R =  5  L =  E2  s =  1.0  G  =     0.000000 meV        g_int =     0.000000 MeV^(1/2)   g_ext =  (0.000000,0.000000) MeV^(1/2) 
  R =  5  L =  M3  s =  1.0  G  =     0.000000 meV        g_int =     0.000000 MeV^(1/2)   g_ext =  (0.000000,0.000000) MeV^(1/2) 
  R =  6  L =  E1  s =  2.0  G  =     0.000000 meV        g_int =     0.000000 MeV^(1/2)   g_ext =  (0.000000,0.000000) MeV^(1/2) 
  R =  6  L =  M2  s =  2.0  G  =     0.000000 meV        g_int =     0.000000 MeV^(1/2)   g_ext =  (0.000000,0.000000) MeV^(1/2) 
  R =  7  L =  M1  s =  3.0  G  =     0.000000 meV        g_int =     0.000000 MeV^(1/2)   g_ext =  (0.000000,0.000000) MeV^(1/2) 
  R =  7  L =  E2  s =  3.0  G  =     5.180000 eV         g_int =    -7.082319 MeV^(1/2)   g_ext =  (0.125420,0.025125) MeV^(1/2) 
  R =  8  L =  E3  s =  0.0  G  =     0.000000 meV        g_int =     0.000000 MeV^(1/2)   g_ext =  (0.000000,0.000000) MeV^(1/2) 
  R =  9   G-T Beta Decay    B  =     0.000000            g_int =     0.000000             g_ext =  (0.000000,0.000000)

J = 3.0-  E_level =  20.0000 MeV  ITERATIONS =     0
  R =  1  l =   3  s =  0.0  G  =     0.000000 meV        g_int =     0.000000 MeV^(1/2)   g_ext =  (0.000000,0.000000) MeV^(1/2) 
  R =  2  l =   2  s =  1.0  G  =     0.000000 meV        g_int =     0.000000 MeV^(1/2)   g_ext =  (0.000000,0.000000) MeV^(1/2) 
  R =  2  l =   4  s =  1.0  G  =     0.000000 meV        g_int =     0.000000 MeV^(1/2)   g_ext =  (0.000000,0.000000) MeV^(1/2) 
  R =  3  l =   1  s =  2.0  G  =     0.000000 meV        g_int =     0.000000 MeV^(1/2)   g_ext =  (0.000000,0.000000) MeV^(1/2) 
  R =  3  l =   3  s =  2.0  G  =     0.000000 meV        g_int =     0.000000 MeV^(1/2)   g_ext =  (0.000000,0.000000) MeV^(1/2) 
  R =  3  l =   5  s =  2.0  G  =     0.000000 meV        g_int =     0.000000 MeV^(1/2)   g_ext =  (0.000000,0.000000) MeV^(1/2) 
  R =  4  L =  E3  s =  0.0  G  =     0.000000 meV        g_int =     0.000000 MeV^(1/2)   g_ext =  (0.000000,0.000000) MeV^(1/2) 
  R =  5  L =  E2  s =  1.0  G  =     0.000000 meV        g_int =     0.000000 MeV^(1/2)   g_ext =  (0.000000,0.000000) MeV^(1/2) 
  R =  5  L =  M3  s =  1.0  G  =     0.000000 meV        g_int =     0.000000 MeV^(1/2)   g_ext =  (0.000000,0.000000) MeV^(1/2) 
  R =  6  L =  E1  s =  2.0  G  =     0.000000 meV        g_int =     0.000000 MeV^(1/2)   g_ext =  (0.000000,0.000000) MeV^(1/2) 
  R =  6  L =  M2  s =  2.0  G  =     0.000000 meV        g_int =     0.000000 MeV^(1/2)   g_ext =  (0.000000,0.000000) MeV^(1/2) 
  R =  7  L =  M1  s =  3.0  G  =     0.000000 meV        g_int =     0.000000 MeV^(1/2)   g_ext =  (0.000000,0.000000) MeV^(1/2) 
  R =  7  L =  E2  s =  3.0  G  =     0.000000 meV        g_int =     0.000000 MeV^(1/2)   g_ext =  (0.000000,0.000000) MeV^(1/2) 
  R =  8  L =  E3  s =  0.0  G  =     0.000000 meV        g_int =     0.000000 MeV^(1/2)   g_ext =  (0.000000,0.000000) MeV^(1/2) 
  R =  9   G-T Beta Decay    B  =     0.000000            g_int =     0.000000             g_ext =  (0.000000,0.000000)

J = 3.0+  E_level =  20.0000 MeV  ITERATIONS =     0
  R =  2  l =   3  s =  0.0  G  =     0.000000 meV        g_int =     0.000000 MeV^(1/2)   g_ext =  (0.000000,0.000000) MeV^(1/2) 
  R =  2  l =   3  s =  1.0  G  =     0.000000 meV        g_int =     0.000000 MeV^(1/2)   g_ext =  (0.000000,0.000000) MeV^(1/2) 
  R =  3  l =   2  s =  2.0  G  =     0.000000 meV        g_int =     0.000000 MeV^(1/2)   g_ext =  (0.000000,0.000000) MeV^(1/2) 
  R =  3  l =   4  s =  2.0  G  =     0.000000 meV        g_int =     0.000000 MeV^(1/2)   g_ext =  (0.000000,0.000000) MeV^(1/2) 
  R =  4  L =  M3  s =  0.0  G  =     0.000000 meV        g_int =     0.000000 MeV^(1/2)   g_ext =  (0.000000,0.000000) MeV^(1/2) 
  R =  5  L =  M2  s =  1.0  G  =     0.000000 meV        g_int =     0.000000 MeV^(1/2)   g_ext =  (0.000000,0.000000) MeV^(1/2) 
  R =  5  L =  E3  s =  1.0  G  =     0.000000 meV        g_int =     0.000000 MeV^(1/2)   g_ext =  (0.000000,0.000000) MeV^(1/2) 
  R =  6  L =  M1  s =  2.0  G  =     0.000000 meV        g_int =     0.000000 MeV^(1/2)   g_ext =  (0.000000,0.000000) MeV^(1/2) 
  R =  6  L =  E2  s =  2.0  G  =     0.000000 meV        g_int =     0.000000 MeV^(1/2)   g_ext =  (0.000000,0.000000) MeV^(1/2) 
  R =  7  L =  E1  s =  3.0  G  =     0.000000 meV        g_int =     0.000000 MeV^(1/2)   g_ext =  (0.000000,0.000000) MeV^(1/2) 
  R =  7  L =  M2  s =  3.0  G  =     0.000000 meV        g_int =     0.000000 MeV^(1/2)   g_ext =  (0.000000,0.000000) MeV^(1/2) 
  R =  8  L =  M3  s =  0.0  G  =     0.000000 meV        g_int =     0.000000 MeV^(1/2)   g_ext =  (0.000000,0.000000) MeV^(1/2) 

J = 4.0-  E_level =  20.0000 MeV  ITERATIONS =     0
  R =  2  l =   4  s =  0.0  G  =     0.000000 meV        g_int =     0.000000 MeV^(1/2)   g_ext =  (0.000000,0.000000) MeV^(1/2) 
  R =  2  l =   4  s =  1.0  G  =     0.000000 meV        g_int =     0.000000 MeV^(1/2)   g_ext =  (0.000000,0.000000) MeV^(1/2) 
  R =  3  l =   3  s =  2.0  G  =     0.000000 meV        g_int =     0.000000 MeV^(1/2)   g_ext =  (0.000000,0.000000) MeV^(1/2) 
  R =  3  l =   5  s =  2.0  G  =     0.000000 meV        g_int =     0.000000 MeV^(1/2)   g_ext =  (0.000000,0.000000) MeV^(1/2) 
  R =  5  L =  M3  s =  1.0  G  =     0.000000 meV        g_int =     0.000000 MeV^(1/2)   g_ext =  (0.000000,0.000000) MeV^(1/2) 
  R =  6  L =  M2  s =  2.0  G  =     0.000000 meV        g_int =     0.000000 MeV^(1/2)   g_ext =  (0.000000,0.000000) MeV^(1/2) 
  R =  6  L =  E3  s =  2.0  G  =     0.000000 meV        g_int =     0.000000 MeV^(1/2)   g_ext =  (0.000000,0.000000) MeV^(1/2) 
  R =  7  L =  M1  s =  3.0  G  =     0.000000 meV        g_int =     0.000000 MeV^(1/2)   g_ext =  (0.000000,0.000000) MeV^(1/2) 
  R =  7  L =  E2  s =  3.0  G  =     0.000000 meV        g_int =     0.000000 MeV^(1/2)   g_ext =  (0.000000,0.000000) MeV^(1/2) 

J = 4.0+  E_level =  10.3581 MeV  ITERATIONS =     0
  R =  1  l =   4  s =  0.0  G  =    26.100000 keV        g_int =     0.468008 MeV^(1/2)   g_ext =  (0.000000,0.000000) MeV^(1/2) 
  R =  2  l =   3  s =  1.0  C  =     0.000000 fm^(-1/2)  g_int =     0.000000 MeV^(1/2)   g_ext =  (0.000000,0.000000) MeV^(1/2) 
  R =  2  l =   5  s =  1.0  C  =     0.000000 fm^(-1/2)  g_int =     0.000000 MeV^(1/2)   g_ext =  (0.000000,0.000000) MeV^(1/2) 
  R =  3  l =   2  s =  2.0  C  =     0.000000 fm^(-1/2)  g_int =     0.000000 MeV^(1/2)   g_ext =  (0.000000,0.000000) MeV^(1/2) 
  R =  3  l =   4  s =  2.0  C  =     0.000000 fm^(-1/2)  g_int =     0.000000 MeV^(1/2)   g_ext =  (0.000000,0.000000) MeV^(1/2) 
  R =  3  l =   6  s =  2.0  C  =     0.000000 fm^(-1/2)  g_int =     0.000000 MeV^(1/2)   g_ext =  (0.000000,0.000000) MeV^(1/2) 
  R =  5  L =  E3  s =  1.0  G  =     0.000000 meV        g_int =     0.000000 MeV^(1/2)   g_ext =  (0.000000,0.000000) MeV^(1/2) 
  R =  6  L =  E2  s =  2.0  G  =    42.700000 meV        g_int =     3.185256 MeV^(1/2)   g_ext =  (0.724887,0.081523) MeV^(1/2) 
  R =  6  L =  M3  s =  2.0  G  =     0.000000 meV        g_int =     0.000000 MeV^(1/2)   g_ext =  (0.000000,0.000000) MeV^(1/2) 
  R =  7  L =  E1  s =  3.0  G  =     0.000000 meV        g_int =     0.000000 MeV^(1/2)   g_ext =  (0.000000,0.000000) MeV^(1/2) 
  R =  7  L =  M2  s =  3.0  G  =     0.000000 meV        g_int =     0.000000 MeV^(1/2)   g_ext =  (0.000000,0.000000) MeV^(1/2) 

J = 4.0+  E_level =  11.0967 MeV  ITERATIONS =     0
  R =  1  l =   4  s =  0.0  G  =   280.000000 eV         g_int =     0.025149 MeV^(1/2)   g_ext =  (0.000000,0.000000) MeV^(1/2) 
  R =  2  l =   3  s =  1.0  C  =     0.000000 fm^(-1/2)  g_int =     0.000000 MeV^(1/2)   g_ext =  (0.000000,0.000000) MeV^(1/2) 
  R =  2  l =   5  s =  1.0  C  =     0.000000 fm^(-1/2)  g_int =     0.000000 MeV^(1/2)   g_ext =  (0.000000,0.000000) MeV^(1/2) 
  R =  3  l =   2  s =  2.0  C  =     0.000000 fm^(-1/2)  g_int =     0.000000 MeV^(1/2)   g_ext =  (0.000000,0.000000) MeV^(1/2) 
  R =  3  l =   4  s =  2.0  C  =     0.000000 fm^(-1/2)  g_int =     0.000000 MeV^(1/2)   g_ext =  (0.000000,0.000000) MeV^(1/2) 
  R =  3  l =   6  s =  2.0  C  =     0.000000 fm^(-1/2)  g_int =     0.000000 MeV^(1/2)   g_ext =  (0.000000,0.000000) MeV^(1/2) 
  R =  5  L =  E3  s =  1.0  G  =     0.000000 meV        g_int =     0.000000 MeV^(1/2)   g_ext =  (0.000000,0.000000) MeV^(1/2) 
  R =  6  L =  E2  s =  2.0  G  =     2.500000 meV        g_int =     0.500168 MeV^(1/2)   g_ext =  (0.041360,0.009393) MeV^(1/2) 
  R =  6  L =  M3  s =  2.0  G  =     0.000000 meV        g_int =     0.000000 MeV^(1/2)   g_ext =  (0.000000,0.000000) MeV^(1/2) 
  R =  7  L =  E1  s =  3.0  G  =     3.100000 meV        g_int =     0.009876 MeV^(1/2)   g_ext = (-0.000015,-0.000002) MeV^(1/2) 
  R =  7  L =  M2  s =  3.0  G  =     0.000000 meV        g_int =     0.000000 MeV^(1/2)   g_ext =  (0.000000,0.000000) MeV^(1/2) 

J = 4.0+  E_level =  15.0000 MeV  ITERATIONS =     0
  R =  1  l =   4  s =  0.0  G  =  2570.000000 keV        g_int =     0.807930 MeV^(1/2)   g_ext =  (0.000000,0.000000) MeV^(1/2) 
  R =  2  l =   3  s =  1.0  G  =     0.000000 meV        g_int =     0.000000 MeV^(1/2)   g_ext =  (0.000000,0.000000) MeV^(1/2) 
  R =  2  l =   5  s =  1.0  G  =     0.000000 meV        g_int =     0.000000 MeV^(1/2)   g_ext =  (0.000000,0.000000) MeV^(1/2) 
  R =  3  l =   2  s =  2.0  G  =     0.000000 meV        g_int =     0.000000 MeV^(1/2)   g_ext =  (0.000000,0.000000) MeV^(1/2) 
  R =  3  l =   4  s =  2.0  G  =     0.000000 meV        g_int =     0.000000 MeV^(1/2)   g_ext =  (0.000000,0.000000) MeV^(1/2) 
  R =  3  l =   6  s =  2.0  G  =     0.000000 meV        g_int =     0.000000 MeV^(1/2)   g_ext =  (0.000000,0.000000) MeV^(1/2) 
  R =  5  L =  E3  s =  1.0  G  =     0.000000 meV        g_int =     0.000000 MeV^(1/2)   g_ext =  (0.000000,0.000000) MeV^(1/2) 
  R =  6  L =  E2  s =  2.0  G  =     0.000000 meV        g_int =     0.000000 MeV^(1/2)   g_ext =  (0.000000,0.000000) MeV^(1/2) 
  R =  6  L =  M3  s =  2.0  G  =     0.000000 meV        g_int =     0.000000 MeV^(1/2)   g_ext =  (0.000000,0.000000) MeV^(1/2) 
  R =  7  L =  E1  s =  3.0  G  =     0.000000 meV        g_int =     0.000000 MeV^(1/2)   g_ext =  (0.000000,0.000000) MeV^(1/2) 
  R =  7  L =  M2  s =  3.0  G  =     0.000000 meV        g_int =     0.000000 MeV^(1/2)   g_ext =  (0.000000,0.000000) MeV^(1/2) 

J = 5.0-  E_level =  14.6600 MeV  ITERATIONS =     0
  R =  1  l =   5  s =  0.0  G  =  1220.000000 keV        g_int =     1.538464 MeV^(1/2)   g_ext =  (0.000000,0.000000) MeV^(1/2) 
  R =  2  l =   4  s =  1.0  G  =     7.980000 keV        g_int =     3.575982 MeV^(1/2)   g_ext =  (0.000000,0.000000) MeV^(1/2) 
  R =  2  l =   6  s =  1.0  G  =     0.000000 meV        g_int =     0.000000 MeV^(1/2)   g_ext =  (0.000000,0.000000) MeV^(1/2) 
  R =  3  l =   3  s =  2.0  G  =     0.000000 meV        g_int =     0.000000 MeV^(1/2)   g_ext =  (0.000000,0.000000) MeV^(1/2) 
  R =  3  l =   5  s =  2.0  G  =     0.000000 meV        g_int =     0.000000 MeV^(1/2)   g_ext =  (0.000000,0.000000) MeV^(1/2) 
  R =  3  l =   7  s =  2.0  G  =     0.000000 meV        g_int =     0.000000 MeV^(1/2)   g_ext =  (0.000000,0.000000) MeV^(1/2) 
  R =  6  L =  E3  s =  2.0  G  =     0.000000 meV        g_int =     0.000000 MeV^(1/2)   g_ext =  (0.000000,0.000000) MeV^(1/2) 
  R =  7  L =  E2  s =  3.0  G  =     0.000000 meV        g_int =     0.000000 MeV^(1/2)   g_ext =  (0.000000,0.000000) MeV^(1/2) 
  R =  7  L =  M3  s =  3.0  G  =     0.000000 meV        g_int =     0.000000 MeV^(1/2)   g_ext =  (0.000000,0.000000) MeV^(1/2) 

J = 5.0+  E_level =  20.0000 MeV  ITERATIONS =     0
  R =  2  l =   5  s =  0.0  G  =     0.000000 meV        g_int =     0.000000 MeV^(1/2)   g_ext =  (0.000000,0.000000) MeV^(1/2) 
  R =  2  l =   5  s =  1.0  G  =     0.000000 meV        g_int =     0.000000 MeV^(1/2)   g_ext =  (0.000000,0.000000) MeV^(1/2) 
  R =  3  l =   4  s =  2.0  G  =     0.000000 meV        g_int =     0.000000 MeV^(1/2)   g_ext =  (0.000000,0.000000) MeV^(1/2) 
  R =  3  l =   6  s =  2.0  G  =     0.000000 meV        g_int =     0.000000 MeV^(1/2)   g_ext =  (0.000000,0.000000) MeV^(1/2) 
  R =  6  L =  M3  s =  2.0  G  =     0.000000 meV        g_int =     0.000000 MeV^(1/2)   g_ext =  (0.000000,0.000000) MeV^(1/2) 
  R =  7  L =  M2  s =  3.0  G  =     0.000000 meV        g_int =     0.000000 MeV^(1/2)   g_ext =  (0.000000,0.000000) MeV^(1/2) 
  R =  7  L =  E3  s =  3.0  G  =     0.000000 meV        g_int =     0.000000 MeV^(1/2)   g_ext =  (0.000000,0.000000) MeV^(1/2) 

J = 6.0-  E_level =  20.0000 MeV  ITERATIONS =     0
  R =  2  l =   6  s =  0.0  G  =     0.000000 meV        g_int =     0.000000 MeV^(1/2)   g_ext =  (0.000000,0.000000) MeV^(1/2) 
  R =  2  l =   6  s =  1.0  G  =     0.000000 meV        g_int =     0.000000 MeV^(1/2)   g_ext =  (0.000000,0.000000) MeV^(1/2) 
  R =  3  l =   5  s =  2.0  G  =     0.000000 meV        g_int =     0.000000 MeV^(1/2)   g_ext =  (0.000000,0.000000) MeV^(1/2) 
  R =  3  l =   7  s =  2.0  G  =     0.000000 meV        g_int =     0.000000 MeV^(1/2)   g_ext =  (0.000000,0.000000) MeV^(1/2) 
  R =  7  L =  M3  s =  3.0  G  =     0.000000 meV        g_int =     0.000000 MeV^(1/2)   g_ext =  (0.000000,0.000000) MeV^(1/2) 

J = 6.0+  E_level =  20.0000 MeV  ITERATIONS =     0
  R =  1  l =   6  s =  0.0  G  =     0.000000 meV        g_int =     0.000000 MeV^(1/2)   g_ext =  (0.000000,0.000000) MeV^(1/2) 
  R =  2  l =   5  s =  1.0  G  =     0.000000 meV        g_int =     0.000000 MeV^(1/2)   g_ext =  (0.000000,0.000000) MeV^(1/2) 
  R =  2  l =   7  s =  1.0  G  =     0.000000 meV        g_int =     0.000000 MeV^(1/2)   g_ext =  (0.000000,0.000000) MeV^(1/2) 
  R =  3  l =   4  s =  2.0  G  =     0.000000 meV        g_int =     0.000000 MeV^(1/2)   g_ext =  (0.000000,0.000000) MeV^(1/2) 
  R =  3  l =   6  s =  2.0  G  =     0.000000 meV        g_int =     0.000000 MeV^(1/2)   g_ext =  (0.000000,0.000000) MeV^(1/2) 
  R =  3  l =   8  s =  2.0  G  =     0.000000 meV        g_int =     0.000000 MeV^(1/2)   g_ext =  (0.000000,0.000000) MeV^(1/2) 
  R =  7  L =  E3  s =  3.0  G  =     0.000000 meV        g_int =     0.000000 MeV^(1/2)   g_ext =  (0.000000,0.000000) MeV^(1/2) 

